Log file open, 09/21/18 13:56:10
LogWindows: Failed to load 'aqProf.dll' (GetLastError=126)
LogWindows: File 'aqProf.dll' does not exist
LogWindows: Failed to load 'VtuneApi.dll' (GetLastError=126)
LogWindows: File 'VtuneApi.dll' does not exist
LogWindows: Failed to load 'VtuneApi32e.dll' (GetLastError=126)
LogWindows: File 'VtuneApi32e.dll' does not exist
LogInit: Display: Running engine for game: lo3ba
LogPlatformFile: Not using cached read wrapper
LogTaskGraph: Started task graph with 5 named threads and 23 total threads with 3 sets of task threads.
LogStats: Stats thread started at 0.381168
LogD3D11RHI: Loaded GFSDK_Aftermath_Lib.x64.dll
LogICUInternationalization: Display: ICU TimeZone Detection - Raw Offset: +1:00, Platform Override: ''
LogPluginManager: Mounting plugin Paper2D
LogPluginManager: Mounting plugin AISupport
LogPluginManager: Mounting plugin LightPropagationVolume
LogPluginManager: Mounting plugin CLionSourceCodeAccess
LogPluginManager: Mounting plugin CodeLiteSourceCodeAccess
LogPluginManager: Mounting plugin GitSourceControl
LogPluginManager: Mounting plugin KDevelopSourceCodeAccess
LogPluginManager: Mounting plugin NullSourceCodeAccess
LogPluginManager: Mounting plugin PerforceSourceControl
LogPluginManager: Mounting plugin SubversionSourceControl
LogPluginManager: Mounting plugin UObjectPlugin
LogPluginManager: Mounting plugin VisualStudioCodeSourceCodeAccess
LogPluginManager: Mounting plugin VisualStudioSourceCodeAccess
LogPluginManager: Mounting plugin XCodeSourceCodeAccess
LogPluginManager: Mounting plugin AssetManagerEditor
LogPluginManager: Mounting plugin CryptoKeys
LogPluginManager: Mounting plugin DataValidation
LogPluginManager: Mounting plugin FacialAnimation
LogPluginManager: Mounting plugin GameplayTagsEditor
LogPluginManager: Mounting plugin MacGraphicsSwitching
LogPluginManager: Mounting plugin MeshEditor
LogPluginManager: Mounting plugin MobileLauncherProfileWizard
LogPluginManager: Mounting plugin PluginBrowser
LogPluginManager: Mounting plugin SpeedTreeImporter
LogPluginManager: Mounting plugin DatasmithContent
LogPluginManager: Mounting plugin AlembicImporter
LogPluginManager: Mounting plugin AppleImageUtils
LogPluginManager: Mounting plugin AppleVision
LogPluginManager: Mounting plugin BackChannel
LogPluginManager: Mounting plugin CharacterAI
LogPluginManager: Mounting plugin GeometryCache
LogPluginManager: Mounting plugin HTML5Networking
LogPluginManager: Mounting plugin ProxyLODPlugin
LogPluginManager: Mounting plugin MagicLeap
LogPluginManager: Mounting plugin MagicLeapEmulator
LogPluginManager: Mounting plugin MagicLeapMedia
LogPluginManager: Mounting plugin AndroidMedia
LogPluginManager: Mounting plugin AvfMedia
LogPluginManager: Mounting plugin ImgMedia
LogPluginManager: Mounting plugin LinearTimecode
LogPluginManager: Mounting plugin MediaCompositing
LogPluginManager: Mounting plugin MediaPlayerEditor
LogPluginManager: Mounting plugin WmfMedia
LogPluginManager: Mounting plugin TcpMessaging
LogPluginManager: Mounting plugin UdpMessaging
LogPluginManager: Mounting plugin ActorSequence
LogPluginManager: Mounting plugin LevelSequenceEditor
LogPluginManager: Mounting plugin MatineeToLevelSequence
LogPluginManager: Mounting plugin NetcodeUnitTest
LogPluginManager: Mounting plugin NUTUnrealEngine4
LogPluginManager: Mounting plugin OnlineSubsystemGooglePlay
LogPluginManager: Mounting plugin OnlineSubsystemIOS
LogPluginManager: Mounting plugin OnlineSubsystem
LogPluginManager: Mounting plugin OnlineSubsystemNull
LogPluginManager: Mounting plugin OnlineSubsystemUtils
LogPluginManager: Mounting plugin LauncherChunkInstaller
LogPluginManager: Mounting plugin AndroidDeviceProfileSelector
LogPluginManager: Mounting plugin AndroidMoviePlayer
LogPluginManager: Mounting plugin AndroidPermission
LogPluginManager: Mounting plugin AppleMoviePlayer
LogPluginManager: Mounting plugin ArchVisCharacter
LogPluginManager: Mounting plugin AudioCapture
LogPluginManager: Mounting plugin CableComponent
LogPluginManager: Mounting plugin CustomMeshComponent
LogPluginManager: Mounting plugin EditableMesh
LogPluginManager: Mounting plugin ExampleDeviceProfileSelector
LogPluginManager: Mounting plugin GoogleCloudMessaging
LogPluginManager: Mounting plugin ImmediatePhysics
LogPluginManager: Mounting plugin IOSDeviceProfileSelector
LogPluginManager: Mounting plugin LinuxDeviceProfileSelector
LogPluginManager: Mounting plugin LocationServicesBPLibrary
LogPluginManager: Mounting plugin MobilePatchingUtils
LogPluginManager: Mounting plugin OculusVR
LogPluginManager: Plugin shader directory ../../../Engine/Plugins/Runtime/Oculus/OculusVR/Shaders found
LogPluginManager: Mapping shader source directory ../../../Engine/Plugins/Runtime/Oculus/OculusVR/Shaders to virtual directory /Plugin/OculusVR
LogPluginManager: Mounting plugin PhysXVehicles
LogPluginManager: Mounting plugin ProceduralMeshComponent
LogPluginManager: Mounting plugin RuntimePhysXCooking
LogPluginManager: Mounting plugin SteamVR
LogPluginManager: Mounting plugin WindowsMoviePlayer
LogStreaming: Display: Took  0.095s to configure plugins.
LogInit: Using libcurl 7.55.1-DEV
LogInit:  - built for x86_64-pc-win32
LogInit:  - supports SSL with OpenSSL/1.0.2h
LogInit:  - supports HTTP deflate (compression) using libz 1.2.8
LogInit:  - other features:
LogInit:      CURL_VERSION_SSL
LogInit:      CURL_VERSION_LIBZ
LogInit:      CURL_VERSION_IPV6
LogInit:      CURL_VERSION_ASYNCHDNS
LogInit:      CURL_VERSION_LARGEFILE
LogInit:      CURL_VERSION_IDN
LogInit:  CurlRequestOptions (configurable via config and command line):
LogInit:  - bVerifyPeer = false  - Libcurl will NOT verify peer certificate
LogInit:  - bUseHttpProxy = false  - Libcurl will NOT use HTTP proxy
LogInit:  - bDontReuseConnections = false  - Libcurl will reuse connections
LogInit:  - CertBundlePath = nullptr  - Libcurl will use whatever was configured at build time.
LogInit:  - MaxHostConnections = 16  - Libcurl will limit the number of connections to a host
LogInit:  - LocalHostAddr = Default
LogInit:  - BufferSize = 65536
LogInit: WinSock: version 1.1 (2.2), MaxSocks=32767, MaxUdp=65467
LogInit: Build: ++UE4+Release-4.20-CL-4302132
LogInit: Engine Version: 4.20.2-4302132+++UE4+Release-4.20
LogInit: Compatible Engine Version: 4.20.0-4212847+++UE4+Release-4.20
LogInit: Net CL: 4212847
LogInit: OS: Windows 8.1 (), CPU: Intel(R) Core(TM) i7-4710HQ CPU @ 2.50GHz, GPU: Intel(R) HD Graphics 4600
LogInit: Compiled (64-bit): Aug 21 2018 02:06:06
LogInit: Compiled with Visual C++: 19.13.26129.00
LogInit: Build Configuration: Development
LogInit: Branch Name: ++UE4+Release-4.20
LogInit: Command Line:  /Game/map -game -PIEVIACONSOLE -ResX=1280 -ResY=720  -Multiprocess -messaging -SessionName="Play in Standalone Game" -windowed 
LogInit: Base Directory: C:/Program Files/Epic Games/UE_4.20/Engine/Binaries/Win64/
LogInit: Installed Engine Build: 1
LogDevObjectVersion: Number of dev versions registered: 20
LogDevObjectVersion:   Dev-Blueprints (B0D832E4-1F89-4F0D-ACCF-7EB736FD4AA2): 10
LogDevObjectVersion:   Dev-Build (E1C64328-A22C-4D53-A36C-8E866417BD8C): 0
LogDevObjectVersion:   Dev-Core (375EC13C-06E4-48FB-B500-84F0262A717E): 2
LogDevObjectVersion:   Dev-Editor (E4B068ED-F494-42E9-A231-DA0B2E46BB41): 24
LogDevObjectVersion:   Dev-Framework (CFFC743F-43B0-4480-9391-14DF171D2073): 34
LogDevObjectVersion:   Dev-Mobile (B02B49B5-BB20-44E9-A304-32B752E40360): 2
LogDevObjectVersion:   Dev-Networking (A4E4105C-59A1-49B5-A7C5-40C4547EDFEE): 0
LogDevObjectVersion:   Dev-Online (39C831C9-5AE6-47DC-9A44-9C173E1C8E7C): 0
LogDevObjectVersion:   Dev-Physics (78F01B33-EBEA-4F98-B9B4-84EACCB95AA2): 0
LogDevObjectVersion:   Dev-Platform (6631380F-2D4D-43E0-8009-CF276956A95A): 0
LogDevObjectVersion:   Dev-Rendering (12F88B9F-8875-4AFC-A67C-D90C383ABD29): 26
LogDevObjectVersion:   Dev-Sequencer (7B5AE74C-D270-4C10-A958-57980B212A5A): 9
LogDevObjectVersion:   Dev-VR (D7296918-1DD6-4BDD-9DE2-64A83CC13884): 2
LogDevObjectVersion:   Dev-LoadTimes (C2A15278-BFE7-4AFE-6C17-90FF531DF755): 1
LogDevObjectVersion:   Private-Geometry (6EACA3D4-40EC-4CC1-B786-8BED09428FC5): 3
LogDevObjectVersion:   Dev-AnimPhys (29E575DD-E0A3-4627-9D10-D276232CDCEA): 17
LogDevObjectVersion:   Dev-ReflectionCapture (6B266CEC-1EC7-4B8F-A30B-E4D90942FC07): 1
LogDevObjectVersion:   Dev-Automation (0DF73D61-A23F-47EA-B727-89E90C41499A): 1
LogDevObjectVersion:   FortniteMain (601D1886-AC64-4F84-AA16-D3DE0DEAC7D6): 12
LogDevObjectVersion:   Dev-Enterprise (9DFFBCD6-494F-0158-E221-12823C92A888): 1
LogStreaming: Display: Took  0.002s to delete old logs.
LogInit: Presizing for max 8388607 objects, including 0 objects not considered by GC, pre-allocating 0 bytes for permanent pool.
LogInit: Object subsystem initialized
[2018.09.21-12.56.11:103][  0]LogInit: Selected Device Profile: [Windows]
[2018.09.21-12.56.11:103][  0]LogInit: Applying CVar settings loaded from the selected device profile: [Windows]
[2018.09.21-12.56.11:111][  0]LogHAL: Display: Platform has ~ 8 GB [8467095552 / 8589934592 / 8], which maps to Default [LargestMinGB=32, LargerMinGB=12, DefaultMinGB=8, SmallerMinGB=6, SmallestMinGB=0)
[2018.09.21-12.56.11:111][  0]LogInit: Setting Device Profile CVar: [[r.Vulkan.UseRealUBs:1]]
[2018.09.21-12.56.11:111][  0]LogInit: Going up to parent DeviceProfile []
[2018.09.21-12.56.11:111][  0]LogInit: Computer: SLASH
[2018.09.21-12.56.11:111][  0]LogInit: User: ASUS
[2018.09.21-12.56.11:111][  0]LogInit: CPU Page size=4096, Cores=4
[2018.09.21-12.56.11:112][  0]LogInit: High frequency timer resolution =2.435781 MHz
[2018.09.21-12.56.11:112][  0]LogMemory: Memory total: Physical=7.9GB (8GB approx)
[2018.09.21-12.56.11:112][  0]LogMemory: Platform Memory Stats for Windows
[2018.09.21-12.56.11:112][  0]LogMemory: Process Physical Memory: 98.42 MB used, 98.42 MB peak
[2018.09.21-12.56.11:112][  0]LogMemory: Process Virtual Memory: 89.11 MB used, 89.11 MB peak
[2018.09.21-12.56.11:112][  0]LogMemory: Physical Memory: 4602.01 MB used,  3472.84 MB free, 8074.85 MB total
[2018.09.21-12.56.11:112][  0]LogMemory: Virtual Memory: 486.74 MB used,  3472.84 MB free, 134217728.00 MB total
[2018.09.21-12.56.11:151][  0]LogInit: Using OS detected language (fr-FR).
[2018.09.21-12.56.11:152][  0]LogInit: Using OS detected locale (fr-FR).
[2018.09.21-12.56.11:153][  0]LogTextLocalizationManager: No specific localization for 'fr-FR' exists, so the 'fr' localization will be used.
[2018.09.21-12.56.11:157][  0]LogStreaming: Display: Took  0.005s to InitEngineTextLocalization.
[2018.09.21-12.56.11:189][  0]LogSlate: New Slate User Created.  User Index 0, Is Virtual User: 0
[2018.09.21-12.56.11:189][  0]LogSlate: Slate User Registered.  User Index 0, Is Virtual User: 0
[2018.09.21-12.56.11:204][  0]LogHMD: Failed to initialize OpenVR with code 110
[2018.09.21-12.56.11:204][  0]LogD3D11RHI: D3D11 adapters:
[2018.09.21-12.56.12:214][  0]LogD3D11RHI:    0. 'NVIDIA GeForce GTX 850M' (Feature Level 11_0)
[2018.09.21-12.56.12:214][  0]LogD3D11RHI:       4022/0/4037 MB DedicatedVideo/DedicatedSystem/SharedSystem, Outputs:1, VendorId:0x10de
[2018.09.21-12.56.12:221][  0]LogD3D11RHI:    1. 'Intel(R) HD Graphics 4600' (Feature Level 11_0)
[2018.09.21-12.56.12:221][  0]LogD3D11RHI:       160/0/1760 MB DedicatedVideo/DedicatedSystem/SharedSystem, Outputs:0, VendorId:0x8086
[2018.09.21-12.56.12:222][  0]LogD3D11RHI:    2. 'Microsoft Basic Render Driver' (Feature Level 11_0)
[2018.09.21-12.56.12:222][  0]LogD3D11RHI:       0/0/256 MB DedicatedVideo/DedicatedSystem/SharedSystem, Outputs:0, VendorId:0x1414
[2018.09.21-12.56.12:222][  0]LogD3D11RHI: Chosen D3D11 Adapter: 0
[2018.09.21-12.56.12:226][  0]LogD3D11RHI: Creating new Direct3DDevice
[2018.09.21-12.56.12:226][  0]LogD3D11RHI:     GPU DeviceId: 0x1391 (for the marketing name, search the web for "GPU Device Id")
[2018.09.21-12.56.12:226][  0]LogWindows: EnumDisplayDevices:
[2018.09.21-12.56.12:226][  0]LogWindows:    0. 'Intel(R) HD Graphics 4600' (P:1 D:1)
[2018.09.21-12.56.12:227][  0]LogWindows:    1. 'Intel(R) HD Graphics 4600' (P:0 D:0)
[2018.09.21-12.56.12:227][  0]LogWindows:    2. 'Intel(R) HD Graphics 4600' (P:0 D:0)
[2018.09.21-12.56.12:227][  0]LogWindows: DebugString: PrimaryIsNotTheChoosenAdapter PrimaryIsNotTheChoosenAdapter PrimaryIsNotTheChoosenAdapter FoundDriverCount:0 
[2018.09.21-12.56.12:227][  0]LogD3D11RHI:     Adapter Name: NVIDIA GeForce GTX 850M
[2018.09.21-12.56.12:227][  0]LogD3D11RHI:   Driver Version: Unknown (internal:Unknown, unified:Unknown)
[2018.09.21-12.56.12:227][  0]LogD3D11RHI:      Driver Date: Unknown
[2018.09.21-12.56.12:227][  0]LogRHI: Texture pool is 2815 MB (70% of 4022 MB)
[2018.09.21-12.56.13:117][  0]LogD3D11RHI: Async texture creation enabled
[2018.09.21-12.56.13:139][  0]LogD3D11RHI: GPU Timing Frequency: 1000.000000 (Debug: 2 2)
[2018.09.21-12.56.13:140][  0]LogShaderCompilers: Guid format shader working directory is -6 characters bigger than the processId version (../../../../../../Users/ASUS/Documents/GitHub/lo3ba/Intermediate/Shaders/WorkingDirectory/6260/).
[2018.09.21-12.56.13:140][  0]LogShaderCompilers: Cleaned the shader compiler working directory 'C:/Users/ASUS/AppData/Local/Temp/UnrealShaderWorkingDir/CCD0C3B943589ADDC5DF80B57A216CC5/'.
[2018.09.21-12.56.13:483][  0]LogTemp: Display: Loaded TP WindowsClientTargetPlatform
[2018.09.21-12.56.13:502][  0]LogTemp: Display: Loaded TP WindowsNoEditorTargetPlatform
[2018.09.21-12.56.13:520][  0]LogTemp: Display: Loaded TP WindowsServerTargetPlatform
[2018.09.21-12.56.13:539][  0]LogTemp: Display: Loaded TP WindowsTargetPlatform
[2018.09.21-12.56.13:540][  0]LogTargetPlatformManager: Display: Building Assets For Windows
[2018.09.21-12.56.13:612][  0]LogXGEController: Cannot use XGE Controller as Incredibuild is not installed on this machine.
[2018.09.21-12.56.13:612][  0]LogShaderCompilers: Cannot use XGE Shader Compiler as Incredibuild is not installed on this machine.
[2018.09.21-12.56.13:612][  0]LogShaderCompilers: Display: Using Local Shader Compiler.
[2018.09.21-12.56.14:720][  0]LogDerivedDataCache: Display: Max Cache Size: 512 MB
[2018.09.21-12.56.14:808][  0]LogDerivedDataCache: Loaded boot cache 0.09s 71MB C:/Users/ASUS/AppData/Local/UnrealEngine/4.20/DerivedDataCache/Boot.ddc.
[2018.09.21-12.56.14:808][  0]LogDerivedDataCache: Display: Loaded Boot cache: C:/Users/ASUS/AppData/Local/UnrealEngine/4.20/DerivedDataCache/Boot.ddc
[2018.09.21-12.56.14:810][  0]LogDerivedDataCache: FDerivedDataBackendGraph:  Pak pak cache file ../../../../../../Users/ASUS/Documents/GitHub/lo3ba/DerivedDataCache/DDC.ddp not found, will not use a pak cache.
[2018.09.21-12.56.14:810][  0]LogDerivedDataCache: Unable to find inner node Pak for hierarchical cache Hierarchy.
[2018.09.21-12.56.14:810][  0]LogDerivedDataCache: FDerivedDataBackendGraph:  CompressedPak pak cache file ../../../../../../Users/ASUS/Documents/GitHub/lo3ba/DerivedDataCache/Compressed.ddp not found, will not use a pak cache.
[2018.09.21-12.56.14:810][  0]LogDerivedDataCache: Unable to find inner node CompressedPak for hierarchical cache Hierarchy.
[2018.09.21-12.56.14:825][  0]LogDerivedDataCache: Display: Pak cache opened for reading ../../../Engine/DerivedDataCache/Compressed.ddp.
[2018.09.21-12.56.14:838][  0]LogDerivedDataCache: Using Local data cache path C:/Users/ASUS/AppData/Local/UnrealEngine/Common/DerivedDataCache: Writable
[2018.09.21-12.56.14:838][  0]LogDerivedDataCache: Shared data cache path not found in *engine.ini, will not use an Shared cache.
[2018.09.21-12.56.14:838][  0]LogDerivedDataCache: Unable to find inner node Shared for hierarchical cache Hierarchy.
[2018.09.21-12.56.14:861][  0]LogMaterial: Verifying Global Shaders for PCD3D_SM5
[2018.09.21-12.56.14:862][  0]LogSlate: Using FreeType 2.6.0
[2018.09.21-12.56.14:863][  0]LogSlate: SlateFontServices - WITH_FREETYPE: 1, WITH_HARFBUZZ: 1
[2018.09.21-12.56.14:911][  0]LogInit: Using OS detected language (fr-FR).
[2018.09.21-12.56.14:911][  0]LogInit: Using OS detected locale (fr-FR).
[2018.09.21-12.56.14:911][  0]LogTextLocalizationManager: No localization for 'fr-FR' exists, so 'en' will be used for the language.
[2018.09.21-12.56.14:911][  0]LogTextLocalizationManager: No localization for 'fr-FR' exists, so 'en' will be used for the locale.
[2018.09.21-12.56.15:421][  0]LogStreaming: Display: Took  0.510s to InitGameTextLocalization.
[2018.09.21-12.56.15:429][  0]LogAssetRegistry: FAssetRegistry took 0.0050 seconds to start up
[2018.09.21-12.56.15:726][  0]LogPackageLocalizationCache: Processed 11 localized package path(s) for 1 prioritized culture(s) in 0.018388 seconds
[2018.09.21-12.56.15:871][  0]LogInit: Selected Device Profile: [Windows]
[2018.09.21-12.56.16:037][  0]LogSimplygon: Simplygon DLL not present - disabling.
[2018.09.21-12.56.16:040][  0]LogMeshReduction: Using SimplygonSwarm for distributed automatic mesh merging
[2018.09.21-12.56.16:040][  0]LogMeshReduction: Using ProxyLODMeshReduction for automatic mesh merging
[2018.09.21-12.56.16:040][  0]LogMeshReduction: Using QuadricMeshReduction for automatic static mesh reduction
[2018.09.21-12.56.16:040][  0]LogMeshReduction: No automatic skeletal mesh reduction module available
[2018.09.21-12.56.16:062][  0]LogNetVersion: lo3ba 1.0.0, NetCL: 4212847, EngineNetVer: 5, GameNetVer: 0 (Checksum: 1821868079)
[2018.09.21-12.56.16:679][  0]LogMoviePlayer: Initializing movie player
[2018.09.21-12.56.16:732][  0]LogWindowsTextInputMethodSystem: Display: IME system now deactivated.
[2018.09.21-12.56.16:904][  0]LogTcpMessaging: Initializing TcpMessaging bridge
[2018.09.21-12.56.16:921][  0]LogUdpMessaging: Initializing bridge on interface 0.0.0.0:0 to multicast group 230.0.0.1:6666.
[2018.09.21-12.56.17:023][  0]SourceControl: Source control is disabled
[2018.09.21-12.56.17:023][  0]SourceControl: Source control is disabled
[2018.09.21-12.56.17:025][  0]SourceControl: Source control is disabled
[2018.09.21-12.56.17:143][  0]LogAndroidPermission: UAndroidPermissionCallbackProxy::GetInstance
[2018.09.21-12.56.17:166][  0]LogOcInput: OculusInput pre-init called
[2018.09.21-12.56.17:176][  0]LogUObjectArray: 42168 objects as part of root set at end of initial load.
[2018.09.21-12.56.17:176][  0]LogUObjectAllocator: 7432352 out of 0 bytes used by permanent object pool.
[2018.09.21-12.56.17:176][  0]LogUObjectArray: CloseDisregardForGC: 0/0 objects in disregard for GC pool
[2018.09.21-12.56.17:239][  0]LogEngine: Initializing Engine...
[2018.09.21-12.56.17:240][  0]LogHMD: Failed to initialize OpenVR with code 110
[2018.09.21-12.56.17:252][  0]LogStats: UGameplayTagsManager::ConstructGameplayTagTree: ImportINI prefixes -  0.000 s
[2018.09.21-12.56.17:252][  0]LogStats: UGameplayTagsManager::ConstructGameplayTagTree: Construct from data asset -  0.000 s
[2018.09.21-12.56.17:252][  0]LogStats: UGameplayTagsManager::ConstructGameplayTagTree: ImportINI -  0.000 s
[2018.09.21-12.56.17:252][  0]LogStats: UGameplayTagsManager::ConstructGameplayTagTree: GameplayTagTreeChangedEvent.Broadcast -  0.000 s
[2018.09.21-12.56.17:473][  0]LogInit: Initializing FReadOnlyCVARCache
[2018.09.21-12.56.17:477][  0]LogInit: XAudio2 using 'Haut-parleurs (Realtek High Definition Audio)' : 2 channels at 48 kHz using 32 bits per sample (channel mask 0x3)
[2018.09.21-12.56.17:487][  0]LogInit: FAudioDevice initialized.
[2018.09.21-12.56.17:499][  0]LogNetVersion: Set ProjectVersion to 1.0.0.0. Version Checksum will be recalculated on next use.
[2018.09.21-12.56.17:512][  0]LogInit: Texture streaming: Enabled
[2018.09.21-12.56.17:680][  0]LogSlate: Updating window title bar state: overlay mode, drag disabled, window buttons hidden, title bar hidden
[2018.09.21-12.56.17:681][  0]LogInit: Display: Game Engine Initialized.
[2018.09.21-12.56.17:681][  0]LogGameplayTags: Display: UGameplayTagsManager::DoneAddingNativeTags. DelegateIsBound: 0
[2018.09.21-12.56.17:681][  0]LogStats: UGameplayTagsManager::ConstructGameplayTagTree: ImportINI prefixes -  0.000 s
[2018.09.21-12.56.17:681][  0]LogStats: UGameplayTagsManager::ConstructGameplayTagTree: Construct from data asset -  0.000 s
[2018.09.21-12.56.17:681][  0]LogStats: UGameplayTagsManager::ConstructGameplayTagTree: ImportINI -  0.000 s
[2018.09.21-12.56.17:681][  0]LogStats: UGameplayTagsManager::ConstructGameplayTagTree: GameplayTagTreeChangedEvent.Broadcast -  0.000 s
[2018.09.21-12.56.17:695][  0]LogInit: Display: Starting Game.
[2018.09.21-12.56.17:695][  0]LogNet: Browse: /Game/map?Name=Player
[2018.09.21-12.56.17:695][  0]LogLoad: LoadMap: /Game/map?Name=Player
[2018.09.21-12.56.17:924][  0]LogAIModule: Creating AISystem for world map
[2018.09.21-12.56.17:970][  0]LogLoad: Game class is 'mode_C'
[2018.09.21-12.56.17:972][  0]LogWorld: Bringing World /Game/map.map up for play (max tick rate 0) at 2018.09.21-13.56.17
[2018.09.21-12.56.17:973][  0]LogWorld: Bringing up level for play took: 0.002284
[2018.09.21-12.56.17:980][  0]LogLoad: Took 0.284325 seconds to LoadMap(/Game/map)
[2018.09.21-12.56.18:043][  0]LogRenderer: Reallocating scene render targets to support 1280x720 Format 10 NumSamples 1 (Frame:1).
[2018.09.21-12.56.18:044][  0]LogLoad: (Engine Initialization) Total time: 9.23 seconds
[2018.09.21-12.56.18:044][  0]LogLoad: (Engine Initialization) Total Blueprint compile time: 0.00 seconds
[2018.09.21-12.56.18:075][  0]LogContentStreaming: Texture pool size now 1000 MB
[2018.09.21-12.56.19:990][ 99]LogSlate: Took 0.000339 seconds to synchronously load lazily loaded font '../../../Engine/Content/Slate/Fonts/Roboto-Regular.ttf' (155K)
[2018.09.21-12.56.22:407][249]LogSlate: FSceneViewport::OnFocusLost() reason 0
[2018.09.21-12.56.23:986][347]LogNet: Browse: 105.102.87.34//Game/map
[2018.09.21-12.56.23:987][347]LogTemp: Display: ParseSettings for GameNetDriver
[2018.09.21-12.56.23:987][347]LogTemp: Display: ParseSettings for IpNetDriver_0
[2018.09.21-12.56.23:987][347]LogTemp: Display: ParseSettings for PendingNetDriver
[2018.09.21-12.56.23:987][347]LogInit: WinSock: Socket queue 32768 / 32768
[2018.09.21-12.56.23:989][347]LogInit: WinSock: I am slash (192.168.43.119:0)
[2018.09.21-12.56.23:990][347]PacketHandlerLog: Loaded PacketHandler component: Engine.EngineHandlerComponentFactory (StatelessConnectHandlerComponent)
[2018.09.21-12.56.23:990][347]LogNet: Game client on port 7777, rate 10000
[2018.09.21-12.56.24:035][350]LogHandshake: SendChallengeResponse. Timestamp: 65.617546, Cookie: 030110158242176248243171093000038172147160053115021108016102
[2018.09.21-12.56.24:083][353]LogNetVersion: lo3ba 1.0.0.0, NetCL: 4212847, EngineNetVer: 5, GameNetVer: 0 (Checksum: 1480624738)
[2018.09.21-12.56.24:083][353]LogNet: UPendingNetGame::SendInitialJoin: Sending hello. [UNetConnection] RemoteAddr: 105.102.87.34:7777, Name: IpConnection_0, Driver: PendingNetDriver IpNetDriver_0, IsServer: NO, PC: NULL, Owner: NULL, UniqueId: INVALID
[2018.09.21-12.56.24:180][359]LogNet: Welcomed by server (Level: /Game/UEDPIE_0_map, Game: /Game/mode.mode_C)
[2018.09.21-12.56.24:180][359]LogLoad: LoadMap: 105.102.87.34//Game/map?game=/Game/mode.mode_C
[2018.09.21-12.56.24:388][359]LogAIModule: Creating AISystem for world map
[2018.09.21-12.56.24:389][359]LogTemp: Display: ParseSettings for GameNetDriver
[2018.09.21-12.56.24:391][359]LogWorld: Bringing World /Game/map.map up for play (max tick rate 0) at 2018.09.21-13.56.24
[2018.09.21-12.56.24:391][359]LogWorld: Bringing up level for play took: 0.001388
[2018.09.21-12.56.24:391][359]LogLoad: Took 0.211242 seconds to LoadMap(/Game/map)
[2018.09.21-12.56.24:670][361]LogNet: Warning: UActorChannel::ProcessBunch: SerializeNewActor failed to find/spawn actor. Actor: None, Channel: 4
[2018.09.21-12.56.25:457][410]LogOnline: Warning: OSS: No game present to join for session (GameSession)
[2018.09.21-12.56.25:457][410]LogOnline: Warning: OSS: No game present to join for session (GameSession)
[2018.09.21-12.56.59:620][528]LogCharacterMovement: djamel_C_0 is stuck and failed to move! Velocity: X=-395.00 Y=76.00 Z=0.00 Location: X=25.11 Y=-253.28 Z=117.62 Normal: X=-0.16 Y=0.78 Z=0.61 PenetrationDepth:0.952 Actor:Cylinder_2 Component:StaticMeshComponent0 BoneName:None (0 other events since notify)
[2018.09.21-12.57.04:251][815]LogCharacterMovement: djamel_C_1 is stuck and failed to move! Velocity: X=-176.01 Y=0.14 Z=0.00 Location: X=-153.20 Y=-346.67 Z=135.42 Normal: X=0.28 Y=-0.96 Z=0.01 PenetrationDepth:0.000 Actor:djamel_C_0 Component:Corps BoneName:None (0 other events since notify)
[2018.09.21-12.57.04:313][819]LogCharacterMovement: djamel_C_0 is stuck and failed to move! Velocity: X=-28.00 Y=-52.00 Z=0.00 Location: X=-214.09 Y=-273.42 Z=109.83 Normal: X=-0.44 Y=0.87 Z=-0.22 PenetrationDepth:0.000 Actor:djamel_C_1 Component:Corps BoneName:None (2 other events since notify)
[2018.09.21-12.57.05:765][909]LogCharacterMovement: djamel_C_1 is stuck and failed to move! Velocity: X=-29.02 Y=-6.07 Z=0.00 Location: X=-8.50 Y=-405.31 Z=152.11 Normal: X=0.00 Y=1.00 Z=0.00 PenetrationDepth:4.800 Actor:None Component:ModelComponent_1 BoneName:None (2 other events since notify)
[2018.09.21-12.57.07:911][ 42]LogCharacterMovement: djamel_C_1 is stuck and failed to move! Velocity: X=-306.01 Y=-93.45 Z=0.00 Location: X=-109.09 Y=-25.13 Z=109.87 Normal: X=0.82 Y=0.07 Z=-0.56 PenetrationDepth:0.000 Actor:djamel_C_0 Component:Corps BoneName:None (3 other events since notify)
[2018.09.21-12.57.08:910][104]LogCharacterMovement: djamel_C_0 is stuck and failed to move! Velocity: X=3.00 Y=-237.00 Z=0.00 Location: X=-233.92 Y=10.02 Z=112.15 Normal: X=-0.82 Y=0.57 Z=-0.04 PenetrationDepth:6.679 Actor:djamel_C_1 Component:zouba BoneName:None (4 other events since notify)
[2018.09.21-12.57.10:588][208]LogCharacterMovement: djamel_C_0 is stuck and failed to move! Velocity: X=-54.00 Y=490.00 Z=0.00 Location: X=-318.80 Y=30.34 Z=110.05 Normal: X=-0.26 Y=-0.93 Z=-0.26 PenetrationDepth:0.000 Actor:djamel_C_1 Component:Corps BoneName:None (0 other events since notify)
[2018.09.21-12.57.23:647][ 17]LogCharacterMovement: djamel_C_0 is stuck and failed to move! Velocity: X=-240.00 Y=316.00 Z=0.00 Location: X=-33.66 Y=-203.10 Z=110.43 Normal: X=0.98 Y=0.19 Z=0.07 PenetrationDepth:3.945 Actor:djamel_C_1 Component:Cone BoneName:None (2 other events since notify)
[2018.09.21-12.57.28:422][313]LogCharacterMovement: djamel_C_1 is stuck and failed to move! Velocity: X=218.66 Y=-329.32 Z=0.00 Location: X=1.33 Y=-400.84 Z=109.97 Normal: X=0.00 Y=1.00 Z=0.00 PenetrationDepth:0.844 Actor:None Component:ModelComponent_1 BoneName:None (4 other events since notify)
[2018.09.21-12.57.29:535][382]LogCharacterMovement: djamel_C_1 is stuck and failed to move! Velocity: X=24.07 Y=266.11 Z=0.00 Location: X=-76.39 Y=-204.87 Z=109.79 Normal: X=0.30 Y=-0.79 Z=-0.53 PenetrationDepth:0.000 Actor:djamel_C_0 Component:Corps BoneName:None (19 other events since notify)
[2018.09.21-12.57.32:083][540]LogCharacterMovement: djamel_C_1 is stuck and failed to move! Velocity: X=-19.72 Y=26.74 Z=0.00 Location: X=-50.50 Y=-169.44 Z=108.91 Normal: X=0.60 Y=-0.73 Z=-0.32 PenetrationDepth:0.000 Actor:djamel_C_0 Component:Corps BoneName:None (0 other events since notify)
[2018.09.21-12.57.39:196][981]LogCharacterMovement: djamel_C_0 is stuck and failed to move! Velocity: X=-80.00 Y=64.00 Z=0.00 Location: X=-152.96 Y=-57.21 Z=112.58 Normal: X=-0.46 Y=-0.79 Z=0.40 PenetrationDepth:2.922 Actor:djamel_C_1 Component:klawiz2 BoneName:None (0 other events since notify)
[2018.09.21-12.57.42:632][194]LogOnline: Warning: OSS: No game present to leave for session (GameSession)
[2018.09.21-12.57.42:632][194]LogNet: UChannel::ReceivedSequencedBunch: Bunch.bClose == true. ChIndex == 0. Calling ConditionalCleanUp.
[2018.09.21-12.57.42:632][194]LogNet: UChannel::CleanUp: ChIndex == 0. Closing connection. [UChannel] ChIndex: 0, Closing: 0 [UNetConnection] RemoteAddr: 105.102.87.34:7777, Name: IpConnection_0, Driver: GameNetDriver IpNetDriver_0, IsServer: NO, PC: PlayerController_1, Owner: PlayerController_1, UniqueId: NULL:slash-2270E5014CA1B618AB3E5FA6511D13AE
[2018.09.21-12.57.42:632][194]LogNet: UNetConnection::Close: [UNetConnection] RemoteAddr: 105.102.87.34:7777, Name: IpConnection_0, Driver: GameNetDriver IpNetDriver_0, IsServer: NO, PC: PlayerController_1, Owner: PlayerController_1, UniqueId: NULL:slash-2270E5014CA1B618AB3E5FA6511D13AE, Channels: 10, Time: 2018.09.21-12.57.42
[2018.09.21-12.57.42:632][194]LogNet: UChannel::Close: Sending CloseBunch. ChIndex == 0. Name: [UChannel] ChIndex: 0, Closing: 0 [UNetConnection] RemoteAddr: 105.102.87.34:7777, Name: IpConnection_0, Driver: GameNetDriver IpNetDriver_0, IsServer: NO, PC: PlayerController_1, Owner: PlayerController_1, UniqueId: NULL:slash-2270E5014CA1B618AB3E5FA6511D13AE
[2018.09.21-12.57.42:632][194]LogNet: Warning: Network Failure: GameNetDriver[ConnectionLost]: Your connection to the host has been lost.
[2018.09.21-12.57.42:632][194]LogNet: NetworkFailure: ConnectionLost, Error: 'Your connection to the host has been lost.'
[2018.09.21-12.57.42:648][195]LogNet: Browse: /Game/map?closed
[2018.09.21-12.57.42:650][195]LogNet: Connection failed; returning to Entry
[2018.09.21-12.57.42:651][195]LogLoad: LoadMap: /Game/map?closed
[2018.09.21-12.57.42:651][195]LogNet: World NetDriver shutdown IpNetDriver_0 [GameNetDriver]
[2018.09.21-12.57.42:651][195]LogNet: DestroyNamedNetDriver IpNetDriver_0 [GameNetDriver]
[2018.09.21-12.57.42:651][195]LogExit: GameNetDriver IpNetDriver_0 shut down
[2018.09.21-12.57.42:899][195]LogAIModule: Creating AISystem for world map
[2018.09.21-12.57.42:937][195]LogLoad: Game class is 'mode_C'
[2018.09.21-12.57.42:940][195]LogWorld: Bringing World /Game/map.map up for play (max tick rate 0) at 2018.09.21-13.57.42
[2018.09.21-12.57.42:941][195]LogWorld: Bringing up level for play took: 0.001865
[2018.09.21-12.57.42:944][195]LogLoad: Took 0.293571 seconds to LoadMap(/Game/map)
[2018.09.21-12.57.46:702][417]LogSlate: Window 'lo3ba (64-bit Development PCD3D_SM5) ' being destroyed
[2018.09.21-12.57.46:702][417]LogWindowsTextInputMethodSystem: Display: IME system now deactivated.
[2018.09.21-12.57.46:704][417]LogWindowsTextInputMethodSystem: Display: IME system now deactivated.
[2018.09.21-12.57.46:704][417]LogSlate: Updating window title bar state: overlay mode, drag disabled, window buttons hidden, title bar hidden
[2018.09.21-12.57.46:704][417]LogEngine: All Windows Closed
[2018.09.21-12.57.46:704][417]LogWindows: FPlatformMisc::RequestExit(0)
[2018.09.21-12.57.47:291][418]LogExit: Preparing to exit.
[2018.09.21-12.57.47:291][418]LogMoviePlayer: Shutting down movie player
[2018.09.21-12.57.47:995][418]LogSlate: Updating window title bar state: overlay mode, drag disabled, window buttons hidden, title bar hidden
[2018.09.21-12.57.48:004][418]LogExit: Game engine shut down
[2018.09.21-12.57.48:162][418]LogExit: Object subsystem successfully closed.
[2018.09.21-12.57.48:173][418]LogShaderCompilers: Display: Shaders left to compile 0
[2018.09.21-12.57.48:175][418]LogD3D11RHI: Shutdown
[2018.09.21-12.57.48:175][418]LogD3D11RHI: CleanupD3DDevice
[2018.09.21-12.57.48:176][418]LogD3D11RHI: ~FD3D11DynamicRHI
[2018.09.21-12.57.48:186][418]LogModuleManager: Shutting down and abandoning module SequenceRecorderSections (376)
[2018.09.21-12.57.48:186][418]LogModuleManager: Shutting down and abandoning module SequenceRecorder (374)
[2018.09.21-12.57.48:186][418]LogModuleManager: Shutting down and abandoning module AutomationController (372)
[2018.09.21-12.57.48:186][418]LogModuleManager: Shutting down and abandoning module AutomationWorker (370)
[2018.09.21-12.57.48:186][418]LogModuleManager: Shutting down and abandoning module Voice (368)
[2018.09.21-12.57.48:186][418]LogModuleManager: Shutting down and abandoning module AIModule (366)
[2018.09.21-12.57.48:186][418]LogModuleManager: Shutting down and abandoning module GameplayDebugger (365)
[2018.09.21-12.57.48:186][418]LogModuleManager: Shutting down and abandoning module AITestSuite (363)
[2018.09.21-12.57.48:186][418]LogModuleManager: Shutting down and abandoning module NavigationSystem (361)
[2018.09.21-12.57.48:186][418]LogModuleManager: Shutting down and abandoning module WmfMediaFactory (358)
[2018.09.21-12.57.48:186][418]LogModuleManager: Shutting down and abandoning module OpenExrWrapper (356)
[2018.09.21-12.57.48:186][418]LogModuleManager: Shutting down and abandoning module ImgMediaFactory (354)
[2018.09.21-12.57.48:186][418]LogModuleManager: Shutting down and abandoning module AvfMediaFactory (352)
[2018.09.21-12.57.48:186][418]LogModuleManager: Shutting down and abandoning module MagicLeapCameraPreviewFactory (350)
[2018.09.21-12.57.48:186][418]LogModuleManager: Shutting down and abandoning module MagicLeapMediaFactory (348)
[2018.09.21-12.57.48:186][418]LogModuleManager: Shutting down and abandoning module CharacterAI (346)
[2018.09.21-12.57.48:186][418]LogModuleManager: Shutting down and abandoning module SessionServices (344)
[2018.09.21-12.57.48:186][418]LogModuleManager: Shutting down and abandoning module MovieSceneCapture (342)
[2018.09.21-12.57.48:187][418]LogModuleManager: Shutting down and abandoning module MovieSceneTracks (340)
[2018.09.21-12.57.48:187][418]LogModuleManager: Shutting down and abandoning module MovieScene (338)
[2018.09.21-12.57.48:187][418]LogModuleManager: Shutting down and abandoning module StreamingPauseRendering (336)
[2018.09.21-12.57.48:187][418]LogModuleManager: Shutting down and abandoning module PortalServices (334)
[2018.09.21-12.57.48:187][418]LogModuleManager: Shutting down and abandoning module PortalRpc (332)
[2018.09.21-12.57.48:187][418]LogModuleManager: Shutting down and abandoning module MessagingRpc (330)
[2018.09.21-12.57.48:187][418]LogModuleManager: Shutting down and abandoning module ProfilerService (328)
[2018.09.21-12.57.48:320][418]LogModuleManager: Shutting down and abandoning module TaskGraph (326)
[2018.09.21-12.57.48:320][418]LogModuleManager: Shutting down and abandoning module SteamVRController (324)
[2018.09.21-12.57.48:320][418]LogModuleManager: Shutting down and abandoning module ProceduralMeshComponent (322)
[2018.09.21-12.57.48:320][418]LogModuleManager: Shutting down and abandoning module OculusInput (320)
[2018.09.21-12.57.48:320][418]LogModuleManager: Shutting down and abandoning module MobilePatchingUtils (318)
[2018.09.21-12.57.48:320][418]LogModuleManager: Shutting down and abandoning module EditableMesh (316)
[2018.09.21-12.57.48:320][418]LogModuleManager: Shutting down and abandoning module CustomMeshComponent (314)
[2018.09.21-12.57.48:320][418]LogModuleManager: Shutting down and abandoning module CableComponent (312)
[2018.09.21-12.57.48:320][418]LogModuleManager: Shutting down and abandoning module AudioCapture (310)
[2018.09.21-12.57.48:320][418]LogModuleManager: Shutting down and abandoning module ArchVisCharacter (308)
[2018.09.21-12.57.48:320][418]LogModuleManager: Shutting down and abandoning module AndroidPermission (306)
[2018.09.21-12.57.48:320][418]LogModuleManager: Shutting down and abandoning module NUTUnrealEngine4 (304)
[2018.09.21-12.57.48:320][418]LogModuleManager: Shutting down and abandoning module NetcodeUnitTest (302)
[2018.09.21-12.57.48:320][418]LogModuleManager: Shutting down and abandoning module MediaCompositing (300)
[2018.09.21-12.57.48:320][418]LogModuleManager: Shutting down and abandoning module LinearTimecode (298)
[2018.09.21-12.57.48:320][418]LogModuleManager: Shutting down and abandoning module ImgMedia (296)
[2018.09.21-12.57.48:322][418]LogModuleManager: Shutting down and abandoning module HTML5Networking (294)
[2018.09.21-12.57.48:322][418]LogModuleManager: Shutting down and abandoning module GeometryCacheTracks (292)
[2018.09.21-12.57.48:322][418]LogModuleManager: Shutting down and abandoning module GeometryCacheSequencer (291)
[2018.09.21-12.57.48:322][418]LogModuleManager: Shutting down and abandoning module GeometryCache (288)
[2018.09.21-12.57.48:322][418]LogModuleManager: Shutting down and abandoning module GeometryCacheEd (287)
[2018.09.21-12.57.48:322][418]LogModuleManager: Shutting down and abandoning module BackChannel (284)
[2018.09.21-12.57.48:322][418]LogModuleManager: Shutting down and abandoning module AppleVision (282)
[2018.09.21-12.57.48:322][418]LogModuleManager: Shutting down and abandoning module AppleImageUtils (280)
[2018.09.21-12.57.48:322][418]LogModuleManager: Shutting down and abandoning module DatasmithContent (278)
[2018.09.21-12.57.48:323][418]LogModuleManager: Shutting down and abandoning module CryptoKeysOpenSSL (276)
[2018.09.21-12.57.48:323][418]LogModuleManager: Shutting down and abandoning module CryptoKeys (274)
[2018.09.21-12.57.48:323][418]LogModuleManager: Shutting down and abandoning module VisualStudioSourceCodeAccess (272)
[2018.09.21-12.57.48:323][418]LogModuleManager: Shutting down and abandoning module HotReload (271)
[2018.09.21-12.57.48:323][418]LogModuleManager: Shutting down and abandoning module DirectoryWatcher (270)
[2018.09.21-12.57.48:323][418]LogModuleManager: Shutting down and abandoning module VisualStudioCodeSourceCodeAccess (266)
[2018.09.21-12.57.48:323][418]LogModuleManager: Shutting down and abandoning module UObjectPlugin (264)
[2018.09.21-12.57.48:323][418]LogModuleManager: Shutting down and abandoning module SubversionSourceControl (262)
[2018.09.21-12.57.48:323][418]LogModuleManager: Shutting down and abandoning module PerforceSourceControl (260)
[2018.09.21-12.57.48:323][418]LogModuleManager: Shutting down and abandoning module SourceControl (259)
[2018.09.21-12.57.48:323][418]LogModuleManager: Shutting down and abandoning module CLionSourceCodeAccess (256)
[2018.09.21-12.57.48:323][418]LogModuleManager: Shutting down and abandoning module RuntimePhysXCooking (254)
[2018.09.21-12.57.48:323][418]LogModuleManager: Shutting down and abandoning module PhysXVehiclesEditor (252)
[2018.09.21-12.57.48:323][418]LogModuleManager: Shutting down and abandoning module PhysXVehicles (250)
[2018.09.21-12.57.48:323][418]LogModuleManager: Shutting down and abandoning module LocationServicesBPLibrary (248)
[2018.09.21-12.57.48:323][418]LogModuleManager: Shutting down and abandoning module ImmediatePhysicsEditor (246)
[2018.09.21-12.57.48:323][418]LogModuleManager: Shutting down and abandoning module ImmediatePhysics (244)
[2018.09.21-12.57.48:323][418]LogModuleManager: Shutting down and abandoning module ActorSequence (242)
[2018.09.21-12.57.48:323][418]LogModuleManager: Shutting down and abandoning module UdpMessaging (240)
[2018.09.21-12.57.48:424][418]LogModuleManager: Shutting down and abandoning module TcpMessaging (238)
[2018.09.21-12.57.48:959][418]LogModuleManager: Shutting down and abandoning module MagicLeapAudio (236)
[2018.09.21-12.57.48:959][418]LogModuleManager: Shutting down and abandoning module GameplayTagsEditor (234)
[2018.09.21-12.57.48:959][418]LogModuleManager: Shutting down and abandoning module FacialAnimation (232)
[2018.09.21-12.57.48:959][418]LogModuleManager: Shutting down and abandoning module DataValidation (230)
[2018.09.21-12.57.48:959][418]LogModuleManager: Shutting down and abandoning module AssetManagerEditor (228)
[2018.09.21-12.57.48:959][418]LogModuleManager: Shutting down and abandoning module TreeMap (227)
[2018.09.21-12.57.48:959][418]LogModuleManager: Shutting down and abandoning module LightPropagationVolumeRuntime (224)
[2018.09.21-12.57.48:959][418]LogModuleManager: Shutting down and abandoning module AISupportModule (222)
[2018.09.21-12.57.48:959][418]LogModuleManager: Shutting down and abandoning module Paper2D (220)
[2018.09.21-12.57.48:959][418]LogModuleManager: Shutting down and abandoning module PIEPreviewDeviceProfileSelector (218)
[2018.09.21-12.57.48:959][418]LogModuleManager: Shutting down and abandoning module WindowsMoviePlayer (216)
[2018.09.21-12.57.48:959][418]LogModuleManager: Shutting down and abandoning module WmfMedia (214)
[2018.09.21-12.57.48:959][418]LogModuleManager: Shutting down and abandoning module Media (213)
[2018.09.21-12.57.48:965][418]LogModuleManager: Shutting down and abandoning module PacketHandler (210)
[2018.09.21-12.57.48:965][418]LogModuleManager: Shutting down and abandoning module ClothingSystemEditor (208)
[2018.09.21-12.57.48:965][418]LogModuleManager: Shutting down and abandoning module ClothingSystemRuntime (206)
[2018.09.21-12.57.48:965][418]LogModuleManager: Shutting down and abandoning module MediaAssets (204)
[2018.09.21-12.57.48:965][418]LogModuleManager: Shutting down and abandoning module Overlay (202)
[2018.09.21-12.57.48:965][418]LogModuleManager: Shutting down and abandoning module OverlayEditor (201)
[2018.09.21-12.57.48:965][418]LogModuleManager: Shutting down and abandoning module VREditor (198)
[2018.09.21-12.57.48:965][418]LogModuleManager: Shutting down and abandoning module StringTableEditor (196)
[2018.09.21-12.57.48:965][418]LogModuleManager: Shutting down and abandoning module GameplayTasksEditor (194)
[2018.09.21-12.57.48:965][418]LogModuleManager: Shutting down and abandoning module BehaviorTreeEditor (192)
[2018.09.21-12.57.48:965][418]LogModuleManager: Shutting down and abandoning module FunctionalTesting (190)
[2018.09.21-12.57.48:965][418]LogModuleManager: Shutting down and abandoning module CollisionAnalyzer (188)
[2018.09.21-12.57.48:965][418]LogModuleManager: Shutting down and abandoning module WorkspaceMenuStructure (187)
[2018.09.21-12.57.48:965][418]LogModuleManager: Shutting down and abandoning module UMG (184)
[2018.09.21-12.57.48:965][418]LogModuleManager: Shutting down and abandoning module UMGEditor (183)
[2018.09.21-12.57.48:965][418]LogModuleManager: Shutting down and abandoning module Sequencer (182)
[2018.09.21-12.57.48:965][418]LogModuleManager: Shutting down and abandoning module MessageLog (179)
[2018.09.21-12.57.48:965][418]LogModuleManager: Shutting down and abandoning module SlateReflector (174)
[2018.09.21-12.57.48:965][418]LogModuleManager: Shutting down and abandoning module Slate (172)
[2018.09.21-12.57.48:965][418]LogModuleManager: Shutting down and abandoning module EditorStyle (170)
[2018.09.21-12.57.48:966][418]LogModuleManager: Shutting down and abandoning module MRMesh (168)
[2018.09.21-12.57.48:967][418]LogModuleManager: Shutting down and abandoning module Messaging (166)
[2018.09.21-12.57.48:967][418]LogModuleManager: Shutting down and abandoning module SourceCodeAccess (164)
[2018.09.21-12.57.48:967][418]LogModuleManager: Shutting down and abandoning module HeadMountedDisplay (162)
[2018.09.21-12.57.48:967][418]LogModuleManager: Shutting down and abandoning module XAudio2 (160)
[2018.09.21-12.57.48:967][418]LogModuleManager: Shutting down and abandoning module Networking (158)
[2018.09.21-12.57.48:967][418]LogModuleManager: Shutting down and abandoning module Core (156)
[2018.09.21-12.57.48:967][418]LogModuleManager: Shutting down and abandoning module LevelSequence (154)
[2018.09.21-12.57.48:967][418]LogModuleManager: Shutting down and abandoning module KismetCompiler (152)
[2018.09.21-12.57.48:967][418]LogModuleManager: Shutting down and abandoning module MeshUtilities (150)
[2018.09.21-12.57.48:967][418]LogModuleManager: Shutting down and abandoning module MeshMergeUtilities (149)
[2018.09.21-12.57.48:967][418]LogModuleManager: Shutting down and abandoning module MeshReductionInterface (148)
[2018.09.21-12.57.48:967][418]LogModuleManager: Shutting down and abandoning module SimplygonSwarm (147)
[2018.09.21-12.57.48:967][418]LogModuleManager: Shutting down and abandoning module ProxyLODMeshReduction (145)
[2018.09.21-12.57.48:967][418]LogModuleManager: Shutting down and abandoning module SimplygonMeshReduction (143)
[2018.09.21-12.57.48:967][418]LogModuleManager: Shutting down and abandoning module QuadricMeshReduction (141)
[2018.09.21-12.57.48:967][418]LogModuleManager: Shutting down and abandoning module MaterialBaking (137)
[2018.09.21-12.57.48:967][418]LogModuleManager: Shutting down and abandoning module DerivedDataCache (132)
[2018.09.21-12.57.49:424][418]LogDerivedDataCache: Shutdown
[2018.09.21-12.57.49:424][418]LogModuleManager: Shutting down and abandoning module XGEController (130)
[2018.09.21-12.57.49:425][418]LogModuleManager: Shutting down and abandoning module TargetPlatform (128)
[2018.09.21-12.57.49:425][418]LogModuleManager: Shutting down and abandoning module VulkanShaderFormat (127)
[2018.09.21-12.57.49:425][418]LogModuleManager: Shutting down and abandoning module ShaderFormatVectorVM (125)
[2018.09.21-12.57.49:425][418]LogModuleManager: Shutting down and abandoning module ShaderFormatOpenGL (123)
[2018.09.21-12.57.49:425][418]LogModuleManager: Shutting down and abandoning module ShaderFormatD3D (121)
[2018.09.21-12.57.49:425][418]LogModuleManager: Shutting down and abandoning module MetalShaderFormat (119)
[2018.09.21-12.57.49:425][418]LogModuleManager: Shutting down and abandoning module TextureFormatUncompressed (117)
[2018.09.21-12.57.49:425][418]LogModuleManager: Shutting down and abandoning module TextureFormatPVR (115)
[2018.09.21-12.57.49:425][418]LogModuleManager: Shutting down and abandoning module TextureFormatDXT (113)
[2018.09.21-12.57.49:425][418]LogModuleManager: Shutting down and abandoning module TextureFormatIntelISPCTexComp (111)
[2018.09.21-12.57.49:425][418]LogModuleManager: Shutting down and abandoning module TextureFormatASTC (109)
[2018.09.21-12.57.49:425][418]LogModuleManager: Shutting down and abandoning module ImageWrapper (108)
[2018.09.21-12.57.49:425][418]LogModuleManager: Shutting down and abandoning module TextureFormatAndroid (105)
[2018.09.21-12.57.49:425][418]LogModuleManager: Shutting down and abandoning module AudioFormatOpus (103)
[2018.09.21-12.57.49:425][418]LogModuleManager: Shutting down and abandoning module AudioFormatOgg (101)
[2018.09.21-12.57.49:425][418]LogModuleManager: Shutting down and abandoning module AudioFormatADPCM (99)
[2018.09.21-12.57.49:425][418]LogModuleManager: Shutting down and abandoning module WindowsTargetPlatform (97)
[2018.09.21-12.57.49:425][418]LogModuleManager: Shutting down and abandoning module WindowsServerTargetPlatform (95)
[2018.09.21-12.57.49:425][418]LogModuleManager: Shutting down and abandoning module WindowsNoEditorTargetPlatform (93)
[2018.09.21-12.57.49:425][418]LogModuleManager: Shutting down and abandoning module WindowsClientTargetPlatform (91)
[2018.09.21-12.57.49:425][418]LogModuleManager: Shutting down and abandoning module InputCore (88)
[2018.09.21-12.57.49:425][418]LogModuleManager: Shutting down and abandoning module Settings (86)
[2018.09.21-12.57.49:425][418]LogModuleManager: Shutting down and abandoning module PhysXCooking (84)
[2018.09.21-12.57.49:425][418]LogModuleManager: Shutting down and abandoning module SteamVR (82)
[2018.09.21-12.57.49:425][418]LogModuleManager: Shutting down and abandoning module OculusHMD (80)
[2018.09.21-12.57.49:425][418]LogModuleManager: Shutting down and abandoning module ExampleDeviceProfileSelector (78)
[2018.09.21-12.57.49:425][418]LogModuleManager: Shutting down and abandoning module LauncherChunkInstaller (76)
[2018.09.21-12.57.49:425][418]LogModuleManager: Shutting down and abandoning module OnlineBlueprintSupport (74)
[2018.09.21-12.57.49:425][418]LogModuleManager: Shutting down and abandoning module OnlineSubsystem (70)
[2018.09.21-12.57.49:426][418]LogModuleManager: Shutting down and abandoning module XMPP (65)
[2018.09.21-12.57.49:426][418]LogModuleManager: Shutting down and abandoning module WebSockets (64)
[2018.09.21-12.57.49:464][418]LogModuleManager: Shutting down and abandoning module HTTP (61)
[2018.09.21-12.57.49:498][418]LogModuleManager: Shutting down and abandoning module SSL (60)
[2018.09.21-12.57.49:501][418]LogModuleManager: Shutting down and abandoning module MagicLeapEmulator (56)
[2018.09.21-12.57.49:501][418]LogModuleManager: Shutting down and abandoning module MagicLeapPrivileges (54)
[2018.09.21-12.57.49:501][418]LogModuleManager: Shutting down and abandoning module MagicLeapIdentity (52)
[2018.09.21-12.57.49:501][418]LogModuleManager: Shutting down and abandoning module MagicLeapHelperVulkan (50)
[2018.09.21-12.57.49:501][418]LogModuleManager: Shutting down and abandoning module MagicLeapHelperOpenGL (48)
[2018.09.21-12.57.49:501][418]LogModuleManager: Shutting down and abandoning module MagicLeapSecureStorage (46)
[2018.09.21-12.57.49:501][418]LogModuleManager: Shutting down and abandoning module MagicLeapGestures (44)
[2018.09.21-12.57.49:501][418]LogModuleManager: Shutting down and abandoning module MagicLeapEyeTracker (42)
[2018.09.21-12.57.49:501][418]LogModuleManager: Shutting down and abandoning module MagicLeapController (40)
[2018.09.21-12.57.49:501][418]LogSlate: Slate User Destroyed.  User Index 0, Is Virtual User: 0
[2018.09.21-12.57.49:501][418]LogModuleManager: Shutting down and abandoning module MagicLeap (38)
[2018.09.21-12.57.49:501][418]LogModuleManager: Shutting down and abandoning module AnimationModifiers (36)
[2018.09.21-12.57.49:502][418]LogModuleManager: Shutting down and abandoning module PropertyEditor (35)
[2018.09.21-12.57.49:502][418]LogModuleManager: Shutting down and abandoning module AudioEditor (32)
[2018.09.21-12.57.49:502][418]LogModuleManager: Shutting down and abandoning module TextureCompressor (30)
[2018.09.21-12.57.49:502][418]LogModuleManager: Shutting down and abandoning module ShaderCore (28)
[2018.09.21-12.57.49:502][418]LogModuleManager: Shutting down and abandoning module Landscape (26)
[2018.09.21-12.57.49:502][418]LogModuleManager: Shutting down and abandoning module SlateRHIRenderer (24)
[2018.09.21-12.57.49:503][418]LogModuleManager: Shutting down and abandoning module OpenGLDrv (22)
[2018.09.21-12.57.49:503][418]LogModuleManager: Shutting down and abandoning module D3D11RHI (20)
[2018.09.21-12.57.49:503][418]LogModuleManager: Shutting down and abandoning module AnimGraphRuntime (18)
[2018.09.21-12.57.49:503][418]LogModuleManager: Shutting down and abandoning module Renderer (16)
[2018.09.21-12.57.49:503][418]LogModuleManager: Shutting down and abandoning module Engine (14)
[2018.09.21-12.57.49:503][418]LogModuleManager: Shutting down and abandoning module CoreUObject (12)
[2018.09.21-12.57.49:503][418]LogModuleManager: Shutting down and abandoning module NetworkFile (10)
[2018.09.21-12.57.49:503][418]LogModuleManager: Shutting down and abandoning module CookedIterativeFile (8)
[2018.09.21-12.57.49:503][418]LogModuleManager: Shutting down and abandoning module StreamingFile (6)
[2018.09.21-12.57.49:503][418]LogModuleManager: Shutting down and abandoning module SandboxFile (4)
[2018.09.21-12.57.49:503][418]LogModuleManager: Shutting down and abandoning module PakFile (2)
[2018.09.21-12.57.49:510][418]LogExit: Exiting.
[2018.09.21-12.57.49:521][418]Log file closed, 09/21/18 13:57:49
