Log file open, 09/21/18 11:57:01
LogWindows: Failed to load 'aqProf.dll' (GetLastError=126)
LogWindows: File 'aqProf.dll' does not exist
LogWindows: Failed to load 'VtuneApi.dll' (GetLastError=126)
LogWindows: File 'VtuneApi.dll' does not exist
LogWindows: Failed to load 'VtuneApi32e.dll' (GetLastError=126)
LogWindows: File 'VtuneApi32e.dll' does not exist
LogInit: Display: Running engine for game: lo3ba
LogPlatformFile: Not using cached read wrapper
LogTaskGraph: Started task graph with 5 named threads and 23 total threads with 3 sets of task threads.
LogStats: Stats thread started at 0.271690
LogD3D11RHI: Loaded GFSDK_Aftermath_Lib.x64.dll
LogICUInternationalization: Display: ICU TimeZone Detection - Raw Offset: +1:00, Platform Override: ''
LogPluginManager: Mounting plugin Paper2D
LogPluginManager: Mounting plugin AISupport
LogPluginManager: Mounting plugin LightPropagationVolume
LogPluginManager: Mounting plugin CLionSourceCodeAccess
LogPluginManager: Mounting plugin CodeLiteSourceCodeAccess
LogPluginManager: Mounting plugin GitSourceControl
LogPluginManager: Mounting plugin KDevelopSourceCodeAccess
LogPluginManager: Mounting plugin NullSourceCodeAccess
LogPluginManager: Mounting plugin PerforceSourceControl
LogPluginManager: Mounting plugin SubversionSourceControl
LogPluginManager: Mounting plugin UObjectPlugin
LogPluginManager: Mounting plugin VisualStudioCodeSourceCodeAccess
LogPluginManager: Mounting plugin VisualStudioSourceCodeAccess
LogPluginManager: Mounting plugin XCodeSourceCodeAccess
LogPluginManager: Mounting plugin AssetManagerEditor
LogPluginManager: Mounting plugin CryptoKeys
LogPluginManager: Mounting plugin DataValidation
LogPluginManager: Mounting plugin FacialAnimation
LogPluginManager: Mounting plugin GameplayTagsEditor
LogPluginManager: Mounting plugin MacGraphicsSwitching
LogPluginManager: Mounting plugin MeshEditor
LogPluginManager: Mounting plugin MobileLauncherProfileWizard
LogPluginManager: Mounting plugin PluginBrowser
LogPluginManager: Mounting plugin SpeedTreeImporter
LogPluginManager: Mounting plugin DatasmithContent
LogPluginManager: Mounting plugin AlembicImporter
LogPluginManager: Mounting plugin AppleImageUtils
LogPluginManager: Mounting plugin AppleVision
LogPluginManager: Mounting plugin BackChannel
LogPluginManager: Mounting plugin CharacterAI
LogPluginManager: Mounting plugin GeometryCache
LogPluginManager: Mounting plugin HTML5Networking
LogPluginManager: Mounting plugin ProxyLODPlugin
LogPluginManager: Mounting plugin MagicLeap
LogPluginManager: Mounting plugin MagicLeapEmulator
LogPluginManager: Mounting plugin MagicLeapMedia
LogPluginManager: Mounting plugin AndroidMedia
LogPluginManager: Mounting plugin AvfMedia
LogPluginManager: Mounting plugin ImgMedia
LogPluginManager: Mounting plugin LinearTimecode
LogPluginManager: Mounting plugin MediaCompositing
LogPluginManager: Mounting plugin MediaPlayerEditor
LogPluginManager: Mounting plugin WmfMedia
LogPluginManager: Mounting plugin TcpMessaging
LogPluginManager: Mounting plugin UdpMessaging
LogPluginManager: Mounting plugin ActorSequence
LogPluginManager: Mounting plugin LevelSequenceEditor
LogPluginManager: Mounting plugin MatineeToLevelSequence
LogPluginManager: Mounting plugin NetcodeUnitTest
LogPluginManager: Mounting plugin NUTUnrealEngine4
LogPluginManager: Mounting plugin OnlineSubsystemGooglePlay
LogPluginManager: Mounting plugin OnlineSubsystemIOS
LogPluginManager: Mounting plugin OnlineSubsystem
LogPluginManager: Mounting plugin OnlineSubsystemNull
LogPluginManager: Mounting plugin OnlineSubsystemUtils
LogPluginManager: Mounting plugin LauncherChunkInstaller
LogPluginManager: Mounting plugin AndroidDeviceProfileSelector
LogPluginManager: Mounting plugin AndroidMoviePlayer
LogPluginManager: Mounting plugin AndroidPermission
LogPluginManager: Mounting plugin AppleMoviePlayer
LogPluginManager: Mounting plugin ArchVisCharacter
LogPluginManager: Mounting plugin AudioCapture
LogPluginManager: Mounting plugin CableComponent
LogPluginManager: Mounting plugin CustomMeshComponent
LogPluginManager: Mounting plugin EditableMesh
LogPluginManager: Mounting plugin ExampleDeviceProfileSelector
LogPluginManager: Mounting plugin GoogleCloudMessaging
LogPluginManager: Mounting plugin ImmediatePhysics
LogPluginManager: Mounting plugin IOSDeviceProfileSelector
LogPluginManager: Mounting plugin LinuxDeviceProfileSelector
LogPluginManager: Mounting plugin LocationServicesBPLibrary
LogPluginManager: Mounting plugin MobilePatchingUtils
LogPluginManager: Mounting plugin OculusVR
LogPluginManager: Plugin shader directory ../../../Engine/Plugins/Runtime/Oculus/OculusVR/Shaders found
LogPluginManager: Mapping shader source directory ../../../Engine/Plugins/Runtime/Oculus/OculusVR/Shaders to virtual directory /Plugin/OculusVR
LogPluginManager: Mounting plugin PhysXVehicles
LogPluginManager: Mounting plugin ProceduralMeshComponent
LogPluginManager: Mounting plugin RuntimePhysXCooking
LogPluginManager: Mounting plugin SteamVR
LogPluginManager: Mounting plugin WindowsMoviePlayer
LogStreaming: Display: Took  0.062s to configure plugins.
LogInit: Using libcurl 7.55.1-DEV
LogInit:  - built for x86_64-pc-win32
LogInit:  - supports SSL with OpenSSL/1.0.2h
LogInit:  - supports HTTP deflate (compression) using libz 1.2.8
LogInit:  - other features:
LogInit:      CURL_VERSION_SSL
LogInit:      CURL_VERSION_LIBZ
LogInit:      CURL_VERSION_IPV6
LogInit:      CURL_VERSION_ASYNCHDNS
LogInit:      CURL_VERSION_LARGEFILE
LogInit:      CURL_VERSION_IDN
LogInit:  CurlRequestOptions (configurable via config and command line):
LogInit:  - bVerifyPeer = false  - Libcurl will NOT verify peer certificate
LogInit:  - bUseHttpProxy = false  - Libcurl will NOT use HTTP proxy
LogInit:  - bDontReuseConnections = false  - Libcurl will reuse connections
LogInit:  - CertBundlePath = nullptr  - Libcurl will use whatever was configured at build time.
LogInit:  - MaxHostConnections = 16  - Libcurl will limit the number of connections to a host
LogInit:  - LocalHostAddr = Default
LogInit:  - BufferSize = 65536
LogInit: WinSock: version 1.1 (2.2), MaxSocks=32767, MaxUdp=65467
LogInit: Build: ++UE4+Release-4.20-CL-4302132
LogInit: Engine Version: 4.20.2-4302132+++UE4+Release-4.20
LogInit: Compatible Engine Version: 4.20.0-4212847+++UE4+Release-4.20
LogInit: Net CL: 4212847
LogInit: OS: Windows 8.1 (), CPU: Intel(R) Core(TM) i7-4710HQ CPU @ 2.50GHz, GPU: Intel(R) HD Graphics 4600
LogInit: Compiled (64-bit): Aug 21 2018 02:06:06
LogInit: Compiled with Visual C++: 19.13.26129.00
LogInit: Build Configuration: Development
LogInit: Branch Name: ++UE4+Release-4.20
LogInit: Command Line:  
LogInit: Base Directory: C:/Program Files/Epic Games/UE_4.20/Engine/Binaries/Win64/
LogInit: Installed Engine Build: 1
LogDevObjectVersion: Number of dev versions registered: 20
LogDevObjectVersion:   Dev-Blueprints (B0D832E4-1F89-4F0D-ACCF-7EB736FD4AA2): 10
LogDevObjectVersion:   Dev-Build (E1C64328-A22C-4D53-A36C-8E866417BD8C): 0
LogDevObjectVersion:   Dev-Core (375EC13C-06E4-48FB-B500-84F0262A717E): 2
LogDevObjectVersion:   Dev-Editor (E4B068ED-F494-42E9-A231-DA0B2E46BB41): 24
LogDevObjectVersion:   Dev-Framework (CFFC743F-43B0-4480-9391-14DF171D2073): 34
LogDevObjectVersion:   Dev-Mobile (B02B49B5-BB20-44E9-A304-32B752E40360): 2
LogDevObjectVersion:   Dev-Networking (A4E4105C-59A1-49B5-A7C5-40C4547EDFEE): 0
LogDevObjectVersion:   Dev-Online (39C831C9-5AE6-47DC-9A44-9C173E1C8E7C): 0
LogDevObjectVersion:   Dev-Physics (78F01B33-EBEA-4F98-B9B4-84EACCB95AA2): 0
LogDevObjectVersion:   Dev-Platform (6631380F-2D4D-43E0-8009-CF276956A95A): 0
LogDevObjectVersion:   Dev-Rendering (12F88B9F-8875-4AFC-A67C-D90C383ABD29): 26
LogDevObjectVersion:   Dev-Sequencer (7B5AE74C-D270-4C10-A958-57980B212A5A): 9
LogDevObjectVersion:   Dev-VR (D7296918-1DD6-4BDD-9DE2-64A83CC13884): 2
LogDevObjectVersion:   Dev-LoadTimes (C2A15278-BFE7-4AFE-6C17-90FF531DF755): 1
LogDevObjectVersion:   Private-Geometry (6EACA3D4-40EC-4CC1-B786-8BED09428FC5): 3
LogDevObjectVersion:   Dev-AnimPhys (29E575DD-E0A3-4627-9D10-D276232CDCEA): 17
LogDevObjectVersion:   Dev-ReflectionCapture (6B266CEC-1EC7-4B8F-A30B-E4D90942FC07): 1
LogDevObjectVersion:   Dev-Automation (0DF73D61-A23F-47EA-B727-89E90C41499A): 1
LogDevObjectVersion:   FortniteMain (601D1886-AC64-4F84-AA16-D3DE0DEAC7D6): 12
LogDevObjectVersion:   Dev-Enterprise (9DFFBCD6-494F-0158-E221-12823C92A888): 1
LogStreaming: Display: Took  0.001s to delete old logs.
LogInit: Presizing for max 8388607 objects, including 0 objects not considered by GC, pre-allocating 0 bytes for permanent pool.
LogInit: Object subsystem initialized
[2018.09.21-10.57.02:050][  0]LogInit: Selected Device Profile: [Windows]
[2018.09.21-10.57.02:050][  0]LogInit: Applying CVar settings loaded from the selected device profile: [Windows]
[2018.09.21-10.57.02:058][  0]LogHAL: Display: Platform has ~ 8 GB [8467095552 / 8589934592 / 8], which maps to Default [LargestMinGB=32, LargerMinGB=12, DefaultMinGB=8, SmallerMinGB=6, SmallestMinGB=0)
[2018.09.21-10.57.02:058][  0]LogInit: Setting Device Profile CVar: [[r.Vulkan.UseRealUBs:1]]
[2018.09.21-10.57.02:058][  0]LogInit: Going up to parent DeviceProfile []
[2018.09.21-10.57.02:058][  0]LogInit: Computer: SLASH
[2018.09.21-10.57.02:058][  0]LogInit: User: ASUS
[2018.09.21-10.57.02:058][  0]LogInit: CPU Page size=4096, Cores=4
[2018.09.21-10.57.02:058][  0]LogInit: High frequency timer resolution =2.435781 MHz
[2018.09.21-10.57.02:058][  0]LogMemory: Memory total: Physical=7.9GB (8GB approx)
[2018.09.21-10.57.02:058][  0]LogMemory: Platform Memory Stats for Windows
[2018.09.21-10.57.02:058][  0]LogMemory: Process Physical Memory: 97.57 MB used, 97.57 MB peak
[2018.09.21-10.57.02:058][  0]LogMemory: Process Virtual Memory: 90.65 MB used, 90.65 MB peak
[2018.09.21-10.57.02:058][  0]LogMemory: Physical Memory: 2833.18 MB used,  5241.67 MB free, 8074.85 MB total
[2018.09.21-10.57.02:058][  0]LogMemory: Virtual Memory: 488.30 MB used,  5241.67 MB free, 134217728.00 MB total
[2018.09.21-10.57.02:457][  0]LogInit: Using OS detected language (fr-FR).
[2018.09.21-10.57.02:457][  0]LogInit: Using OS detected locale (fr-FR).
[2018.09.21-10.57.02:458][  0]LogTextLocalizationManager: No specific localization for 'fr-FR' exists, so the 'fr' localization will be used.
[2018.09.21-10.57.02:459][  0]LogStreaming: Display: Took  0.001s to InitEngineTextLocalization.
[2018.09.21-10.57.02:481][  0]LogSlate: New Slate User Created.  User Index 0, Is Virtual User: 0
[2018.09.21-10.57.02:481][  0]LogSlate: Slate User Registered.  User Index 0, Is Virtual User: 0
[2018.09.21-10.57.02:656][  0]LogHMD: Failed to initialize OpenVR with code 110
[2018.09.21-10.57.02:656][  0]LogD3D11RHI: D3D11 adapters:
[2018.09.21-10.57.04:256][  0]LogD3D11RHI:    0. 'NVIDIA GeForce GTX 850M' (Feature Level 11_0)
[2018.09.21-10.57.04:256][  0]LogD3D11RHI:       4022/0/4037 MB DedicatedVideo/DedicatedSystem/SharedSystem, Outputs:1, VendorId:0x10de
[2018.09.21-10.57.04:262][  0]LogD3D11RHI:    1. 'Intel(R) HD Graphics 4600' (Feature Level 11_0)
[2018.09.21-10.57.04:262][  0]LogD3D11RHI:       160/0/1760 MB DedicatedVideo/DedicatedSystem/SharedSystem, Outputs:0, VendorId:0x8086
[2018.09.21-10.57.04:263][  0]LogD3D11RHI:    2. 'Microsoft Basic Render Driver' (Feature Level 11_0)
[2018.09.21-10.57.04:263][  0]LogD3D11RHI:       0/0/256 MB DedicatedVideo/DedicatedSystem/SharedSystem, Outputs:0, VendorId:0x1414
[2018.09.21-10.57.04:263][  0]LogD3D11RHI: Chosen D3D11 Adapter: 0
[2018.09.21-10.57.04:266][  0]LogD3D11RHI: Creating new Direct3DDevice
[2018.09.21-10.57.04:266][  0]LogD3D11RHI:     GPU DeviceId: 0x1391 (for the marketing name, search the web for "GPU Device Id")
[2018.09.21-10.57.04:266][  0]LogWindows: EnumDisplayDevices:
[2018.09.21-10.57.04:266][  0]LogWindows:    0. 'Intel(R) HD Graphics 4600' (P:1 D:1)
[2018.09.21-10.57.04:266][  0]LogWindows:    1. 'Intel(R) HD Graphics 4600' (P:0 D:0)
[2018.09.21-10.57.04:266][  0]LogWindows:    2. 'Intel(R) HD Graphics 4600' (P:0 D:0)
[2018.09.21-10.57.04:266][  0]LogWindows: DebugString: PrimaryIsNotTheChoosenAdapter PrimaryIsNotTheChoosenAdapter PrimaryIsNotTheChoosenAdapter FoundDriverCount:0 
[2018.09.21-10.57.04:266][  0]LogD3D11RHI:     Adapter Name: NVIDIA GeForce GTX 850M
[2018.09.21-10.57.04:266][  0]LogD3D11RHI:   Driver Version: Unknown (internal:Unknown, unified:Unknown)
[2018.09.21-10.57.04:266][  0]LogD3D11RHI:      Driver Date: Unknown
[2018.09.21-10.57.04:266][  0]LogRHI: Texture pool is 2815 MB (70% of 4022 MB)
[2018.09.21-10.57.04:864][  0]LogD3D11RHI: Async texture creation enabled
[2018.09.21-10.57.04:886][  0]LogD3D11RHI: GPU Timing Frequency: 1000.000000 (Debug: 2 2)
[2018.09.21-10.57.04:886][  0]LogShaderCompilers: Guid format shader working directory is -6 characters bigger than the processId version (../../../../../../Users/ASUS/Documents/GitHub/lo3ba/Intermediate/Shaders/WorkingDirectory/7072/).
[2018.09.21-10.57.04:886][  0]LogShaderCompilers: Cleaned the shader compiler working directory 'C:/Users/ASUS/AppData/Local/Temp/UnrealShaderWorkingDir/8131850C457E9474D74AE387CB91674B/'.
[2018.09.21-10.57.05:092][  0]LogTemp: Display: Loaded TP AllDesktopTargetPlatform
[2018.09.21-10.57.05:106][  0]LogTemp: Display: Loaded TP MacClientTargetPlatform
[2018.09.21-10.57.05:119][  0]LogTemp: Display: Loaded TP MacNoEditorTargetPlatform
[2018.09.21-10.57.05:133][  0]LogTemp: Display: Loaded TP MacServerTargetPlatform
[2018.09.21-10.57.05:148][  0]LogTemp: Display: Loaded TP MacTargetPlatform
[2018.09.21-10.57.05:162][  0]LogTemp: Display: Loaded TP WindowsClientTargetPlatform
[2018.09.21-10.57.05:175][  0]LogTemp: Display: Loaded TP WindowsNoEditorTargetPlatform
[2018.09.21-10.57.05:189][  0]LogTemp: Display: Loaded TP WindowsServerTargetPlatform
[2018.09.21-10.57.05:196][  0]LogTemp: Display: Loaded TP WindowsTargetPlatform
[2018.09.21-10.57.05:281][  0]LogTemp: Display: Loaded TP AndroidTargetPlatform
[2018.09.21-10.57.05:281][  0]LogTemp: Display: Loaded TP AndroidTargetPlatform
[2018.09.21-10.57.05:281][  0]LogTemp: Display: Loaded TP AndroidTargetPlatform
[2018.09.21-10.57.05:281][  0]LogTemp: Display: Loaded TP AndroidTargetPlatform
[2018.09.21-10.57.05:281][  0]LogTemp: Display: Loaded TP AndroidTargetPlatform
[2018.09.21-10.57.05:281][  0]LogTemp: Display: Loaded TP AndroidTargetPlatform
[2018.09.21-10.57.05:281][  0]LogTemp: Display: Loaded TP AndroidTargetPlatform
[2018.09.21-10.57.05:281][  0]LogTemp: Display: Loaded TP AndroidTargetPlatform
[2018.09.21-10.57.05:281][  0]LogTemp: Display: Loaded TP AndroidTargetPlatform
[2018.09.21-10.57.05:281][  0]LogTemp: Display: Loaded TP AndroidTargetPlatform
[2018.09.21-10.57.05:281][  0]LogTemp: Display: Loaded TP AndroidTargetPlatform
[2018.09.21-10.57.05:281][  0]LogTemp: Display: Loaded TP AndroidTargetPlatform
[2018.09.21-10.57.05:281][  0]LogTemp: Display: Loaded TP AndroidTargetPlatform
[2018.09.21-10.57.05:281][  0]LogTemp: Display: Loaded TP AndroidTargetPlatform
[2018.09.21-10.57.05:281][  0]LogTemp: Display: Loaded TP AndroidTargetPlatform
[2018.09.21-10.57.05:281][  0]LogTemp: Display: Loaded TP AndroidTargetPlatform
[2018.09.21-10.57.05:281][  0]LogTemp: Display: Loaded TP AndroidTargetPlatform
[2018.09.21-10.57.05:281][  0]LogTemp: Display: Loaded TP AndroidTargetPlatform
[2018.09.21-10.57.05:282][  0]LogTemp: Display: Loaded TP HTML5TargetPlatform
[2018.09.21-10.57.05:343][  0]LogTemp: Display: Loaded TP IOSTargetPlatform
[2018.09.21-10.57.05:343][  0]LogTemp: Display: Loaded TP IOSTargetPlatform
[2018.09.21-10.57.05:368][  0]LogTemp: Display: Loaded TP TVOSTargetPlatform
[2018.09.21-10.57.05:368][  0]LogTemp: Display: Loaded TP TVOSTargetPlatform
[2018.09.21-10.57.05:380][  0]LogTemp: Display: Loaded TP LinuxClientTargetPlatform
[2018.09.21-10.57.05:393][  0]LogTemp: Display: Loaded TP LinuxNoEditorTargetPlatform
[2018.09.21-10.57.05:405][  0]LogTemp: Display: Loaded TP LinuxServerTargetPlatform
[2018.09.21-10.57.05:418][  0]LogTemp: Display: Loaded TP LinuxTargetPlatform
[2018.09.21-10.57.05:427][  0]LogTemp: Display: Loaded TP LuminTargetPlatform
[2018.09.21-10.57.05:427][  0]LogTargetPlatformManager: Display: Building Assets For Windows
[2018.09.21-10.57.05:474][  0]LogXGEController: Cleaning working directory: C:/Users/ASUS/AppData/Local/Temp/UnrealXGEWorkingDir/
[2018.09.21-10.57.05:475][  0]LogXGEController: Cannot use XGE Controller as Incredibuild is not installed on this machine.
[2018.09.21-10.57.05:475][  0]LogShaderCompilers: Cannot use XGE Shader Compiler as Incredibuild is not installed on this machine.
[2018.09.21-10.57.05:475][  0]LogShaderCompilers: Display: Using Local Shader Compiler.
[2018.09.21-10.57.06:208][  0]LogDerivedDataCache: Display: Max Cache Size: 512 MB
[2018.09.21-10.57.06:285][  0]LogDerivedDataCache: Loaded boot cache 0.08s 71MB C:/Users/ASUS/AppData/Local/UnrealEngine/4.20/DerivedDataCache/Boot.ddc.
[2018.09.21-10.57.06:286][  0]LogDerivedDataCache: Display: Loaded Boot cache: C:/Users/ASUS/AppData/Local/UnrealEngine/4.20/DerivedDataCache/Boot.ddc
[2018.09.21-10.57.06:286][  0]LogDerivedDataCache: FDerivedDataBackendGraph:  Pak pak cache file ../../../../../../Users/ASUS/Documents/GitHub/lo3ba/DerivedDataCache/DDC.ddp not found, will not use a pak cache.
[2018.09.21-10.57.06:286][  0]LogDerivedDataCache: Unable to find inner node Pak for hierarchical cache Hierarchy.
[2018.09.21-10.57.06:286][  0]LogDerivedDataCache: FDerivedDataBackendGraph:  CompressedPak pak cache file ../../../../../../Users/ASUS/Documents/GitHub/lo3ba/DerivedDataCache/Compressed.ddp not found, will not use a pak cache.
[2018.09.21-10.57.06:286][  0]LogDerivedDataCache: Unable to find inner node CompressedPak for hierarchical cache Hierarchy.
[2018.09.21-10.57.06:299][  0]LogDerivedDataCache: Display: Pak cache opened for reading ../../../Engine/DerivedDataCache/Compressed.ddp.
[2018.09.21-10.57.06:311][  0]LogDerivedDataCache: Using Local data cache path C:/Users/ASUS/AppData/Local/UnrealEngine/Common/DerivedDataCache: Writable
[2018.09.21-10.57.06:311][  0]LogDerivedDataCache: Shared data cache path not found in *engine.ini, will not use an Shared cache.
[2018.09.21-10.57.06:311][  0]LogDerivedDataCache: Unable to find inner node Shared for hierarchical cache Hierarchy.
[2018.09.21-10.57.06:332][  0]LogMaterial: Verifying Global Shaders for PCD3D_SM5
[2018.09.21-10.57.06:334][  0]LogSlate: Using FreeType 2.6.0
[2018.09.21-10.57.06:334][  0]LogSlate: SlateFontServices - WITH_FREETYPE: 1, WITH_HARFBUZZ: 1
[2018.09.21-10.57.06:407][  0]LogAssetRegistry: FAssetRegistry took 0.0266 seconds to start up
[2018.09.21-10.57.06:724][  0]LogInit: Selected Device Profile: [Windows]
[2018.09.21-10.57.06:846][  0]LogSimplygon: Simplygon DLL not present - disabling.
[2018.09.21-10.57.06:848][  0]LogMeshReduction: Using SimplygonSwarm for distributed automatic mesh merging
[2018.09.21-10.57.06:848][  0]LogMeshReduction: Using ProxyLODMeshReduction for automatic mesh merging
[2018.09.21-10.57.06:848][  0]LogMeshReduction: Using QuadricMeshReduction for automatic static mesh reduction
[2018.09.21-10.57.06:848][  0]LogMeshReduction: No automatic skeletal mesh reduction module available
[2018.09.21-10.57.06:867][  0]LogNetVersion: lo3ba 1.0.0, NetCL: 4212847, EngineNetVer: 5, GameNetVer: 0 (Checksum: 1821868079)
[2018.09.21-10.57.07:320][  0]LogPackageLocalizationCache: Processed 11 localized package path(s) for 2 prioritized culture(s) in 0.067762 seconds
[2018.09.21-10.57.07:326][  0]LogUObjectArray: 38425 objects as part of root set at end of initial load.
[2018.09.21-10.57.07:326][  0]LogUObjectAllocator: 6690872 out of 0 bytes used by permanent object pool.
[2018.09.21-10.57.07:326][  0]LogUObjectArray: CloseDisregardForGC: 0/0 objects in disregard for GC pool
[2018.09.21-10.57.08:066][  0]LogTcpMessaging: Initializing TcpMessaging bridge
[2018.09.21-10.57.08:078][  0]LogUdpMessaging: Initializing bridge on interface 0.0.0.0:0 to multicast group 230.0.0.1:6666.
[2018.09.21-10.57.08:210][  0]SourceControl: Source control is disabled
[2018.09.21-10.57.08:510][  0]LogAndroidPermission: UAndroidPermissionCallbackProxy::GetInstance
[2018.09.21-10.57.08:534][  0]LogOcInput: OculusInput pre-init called
[2018.09.21-10.57.08:597][  0]LogEngine: Initializing Engine...
[2018.09.21-10.57.08:598][  0]LogHMD: Failed to initialize OpenVR with code 110
[2018.09.21-10.57.08:601][  0]LogStats: UGameplayTagsManager::ConstructGameplayTagTree: ImportINI prefixes -  0.000 s
[2018.09.21-10.57.08:601][  0]LogStats: UGameplayTagsManager::ConstructGameplayTagTree: Construct from data asset -  0.000 s
[2018.09.21-10.57.08:601][  0]LogStats: UGameplayTagsManager::ConstructGameplayTagTree: ImportINI -  0.000 s
[2018.09.21-10.57.08:601][  0]LogStats: UGameplayTagsManager::ConstructGameplayTagTree: GameplayTagTreeChangedEvent.Broadcast -  0.000 s
[2018.09.21-10.57.08:841][  0]LogInit: Initializing FReadOnlyCVARCache
[2018.09.21-10.57.08:851][  0]LogAIModule: Creating AISystem for world Untitled
[2018.09.21-10.57.08:854][  0]LogInit: XAudio2 using 'Haut-parleurs (Realtek High Definition Audio)' : 2 channels at 48 kHz using 32 bits per sample (channel mask 0x3)
[2018.09.21-10.57.08:859][  0]LogInit: FAudioDevice initialized.
[2018.09.21-10.57.08:860][  0]LogNetVersion: Set ProjectVersion to 1.0.0.0. Version Checksum will be recalculated on next use.
[2018.09.21-10.57.08:976][  0]LogDerivedDataCache: Saved boot cache 0.12s 71MB C:/Users/ASUS/AppData/Local/UnrealEngine/4.20/DerivedDataCache/Boot.ddc.
[2018.09.21-10.57.08:983][  0]LogInit: Texture streaming: Enabled
[2018.09.21-10.57.08:998][  0]LogEngineSessionManager: EngineSessionManager initialized
[2018.09.21-10.57.09:007][  0]LogWindowsTextInputMethodSystem: Display: IME system now deactivated.
[2018.09.21-10.57.09:015][  0]LogInit: Transaction tracking system initialized
[2018.09.21-10.57.09:032][  0]BlueprintLog: New page: Editor Load
[2018.09.21-10.57.09:097][  0]LocalizationService: Localization service is disabled
[2018.09.21-10.57.09:152][  0]LogLinker: Warning: Can't find file '/Game/TopDownBP/TopDownOverview'
[2018.09.21-10.57.09:152][  0]LogLinker: Warning: Can't find file '/Game/TopDownBP/TopDownOverview'
[2018.09.21-10.57.09:152][  0]LogUObjectGlobals: Warning: Failed to find object 'Class /Game/TopDownBP/TopDownOverview.TopDownOverview_C'
[2018.09.21-10.57.09:334][  0]LogCook: Display: Max memory allowance for cook 16384mb min free memory 0mb
[2018.09.21-10.57.09:334][  0]LogFileCache: Scanning file cache for directory 'C:/Users/ASUS/Documents/GitHub/lo3ba/Content/' took 0.01s
[2018.09.21-10.57.09:334][  0]LogCook: Display: Mobile HDR setting 1
[2018.09.21-10.57.09:334][  0]LogGameplayTags: Display: UGameplayTagsManager::DoneAddingNativeTags. DelegateIsBound: 0
[2018.09.21-10.57.09:334][  0]LogStats: UGameplayTagsManager::ConstructGameplayTagTree: ImportINI prefixes -  0.000 s
[2018.09.21-10.57.09:334][  0]LogStats: UGameplayTagsManager::ConstructGameplayTagTree: Construct from data asset -  0.000 s
[2018.09.21-10.57.09:334][  0]LogStats: UGameplayTagsManager::ConstructGameplayTagTree: ImportINI -  0.000 s
[2018.09.21-10.57.09:334][  0]LogStats: UGameplayTagsManager::ConstructGameplayTagTree: GameplayTagTreeChangedEvent.Broadcast -  0.000 s
[2018.09.21-10.57.09:444][  0]Cmd: MAP LOAD FILE="../../../../../../Users/ASUS/Documents/GitHub/lo3ba/Content/map.umap" TEMPLATE=0 SHOWPROGRESS=1 FEATURELEVEL=3
[2018.09.21-10.57.09:444][  0]LightingResults: New page: Lighting Build
[2018.09.21-10.57.09:446][  0]MapCheck: New page: Map Check
[2018.09.21-10.57.09:446][  0]LightingResults: New page: Lighting Build
[2018.09.21-10.57.09:674][  0]LogAIModule: Creating AISystem for world map
[2018.09.21-10.57.09:680][  0]LogEditorServer: Finished looking for orphan Actors (0.000 secs)
[2018.09.21-10.57.09:706][  0]Cmd: MAP CHECKDEP NOCLEARLOG
[2018.09.21-10.57.09:768][  0]MapCheck: Map check complete: 0 Error(s), 0 Warning(s), took 60,58ms to complete.
[2018.09.21-10.57.09:768][  0]LogFileHelpers: Loading map 'map' took 0.323
[2018.09.21-10.57.09:884][  0]LogSlate: Updating window title bar state: overlay mode, drag disabled, window buttons hidden, title bar hidden
[2018.09.21-10.57.09:896][  0]LogSlate: Updating window title bar state: overlay mode, drag disabled, window buttons hidden, title bar hidden
[2018.09.21-10.57.09:910][  0]LogSlate: Updating window title bar state: overlay mode, drag disabled, window buttons hidden, title bar hidden
[2018.09.21-10.57.09:928][  0]LogSlate: Updating window title bar state: overlay mode, drag disabled, window buttons hidden, title bar hidden
[2018.09.21-10.57.09:937][  0]LogCollectionManager: Loaded 0 collections in 0.002569 seconds
[2018.09.21-10.57.09:985][  0]LogFileCache: Scanning file cache for directory 'C:/Users/ASUS/Documents/GitHub/lo3ba/Saved/Collections/' took 0.01s
[2018.09.21-10.57.09:985][  0]LogFileCache: Scanning file cache for directory 'C:/Users/ASUS/Documents/GitHub/lo3ba/Content/Developers/ASUS/Collections/' took 0.01s
[2018.09.21-10.57.09:985][  0]LogFileCache: Scanning file cache for directory 'C:/Users/ASUS/Documents/GitHub/lo3ba/Content/Collections/' took 0.01s
[2018.09.21-10.57.09:985][  0]LogCollectionManager: Rebuilt the GUID cache for 0 collections in 0.000002 seconds
[2018.09.21-10.57.10:001][  0]LogContentBrowser: Native class hierarchy populated in 0.0151 seconds. Added 2572 classes and 603 folders.
[2018.09.21-10.57.10:011][  0]LogContentBrowser: Native class hierarchy updated for 'WidgetCarousel' in 0.0005 seconds. Added 0 classes and 0 folders.
[2018.09.21-10.57.10:057][  0]LogContentBrowser: Native class hierarchy updated for 'AddContentDialog' in 0.0003 seconds. Added 0 classes and 0 folders.
[2018.09.21-10.57.10:062][  0]LogContentBrowser: Native class hierarchy updated for 'SceneOutliner' in 0.0004 seconds. Added 1 classes and 2 folders.
[2018.09.21-10.57.10:166][  0]LogSlate: Took 0.000156 seconds to synchronously load lazily loaded font '../../../Engine/Content/Slate/Fonts/Roboto-Regular.ttf' (155K)
[2018.09.21-10.57.10:169][  0]LogSlate: Took 0.000136 seconds to synchronously load lazily loaded font '../../../Engine/Content/Slate/Fonts/Roboto-Bold.ttf' (160K)
[2018.09.21-10.57.10:174][  0]LogSlate: Took 0.000272 seconds to synchronously load lazily loaded font '../../../Engine/Content/Editor/Slate/Fonts/FontAwesome.ttf' (139K)
[2018.09.21-10.57.10:270][  0]LogRenderer: Reallocating scene render targets to support 1004x480 Format 10 NumSamples 1 (Frame:1).
[2018.09.21-10.57.10:334][  0]LogSlate: Took 0.000289 seconds to synchronously load lazily loaded font '../../../Engine/Content/Slate/Fonts/Roboto-Light.ttf' (167K)
[2018.09.21-10.57.10:534][  0]LogContentBrowser: Native class hierarchy updated for 'HierarchicalLODOutliner' in 0.0013 seconds. Added 0 classes and 0 folders.
[2018.09.21-10.57.10:534][  0]LogLoad: (Engine Initialization) Total time: 9.62 seconds
[2018.09.21-10.57.10:534][  0]LogLoad: (Engine Initialization) Total Blueprint compile time: 0.00 seconds
[2018.09.21-10.57.10:574][  0]LogContentStreaming: Texture pool size now 1000 MB
[2018.09.21-10.57.10:631][  1]LogAssetRegistry: Asset discovery search completed in 4.2472 seconds
[2018.09.21-10.57.10:633][  1]LogCollectionManager: Rebuilt the object cache for 0 collections in 0.000000 seconds (found 0 objects)
[2018.09.21-10.57.10:633][  1]LogCollectionManager: Fixed up redirectors for 0 collections in 0.000050 seconds (updated 0 objects)
[2018.09.21-10.57.19:279][269]LogSlate: FSceneViewport::OnFocusLost() reason 0
[2018.09.21-10.57.34:151][ 54]LogSlate: Took 0.000200 seconds to synchronously load lazily loaded font '../../../Engine/Content/Slate/Fonts/Roboto-Light.ttf' (167K)
[2018.09.21-10.57.34:188][ 54]Cmd: OBJ SAVEPACKAGE PACKAGE="/Game/map" FILE="../../../../../../Users/ASUS/Documents/GitHub/lo3ba/Content/map.umap" SILENT=true AUTOSAVING=false KEEPDIRTY=false
[2018.09.21-10.57.34:400][ 54]LogSavePackage: Moving '../../../../../../Users/ASUS/Documents/GitHub/lo3ba/Saved/mapE955319841115FDD4D07EF9B2D8E66CB.tmp' to '../../../../../../Users/ASUS/Documents/GitHub/lo3ba/Content/map.umap'
[2018.09.21-10.57.34:515][ 54]Cmd: OBJ SAVEPACKAGE PACKAGE="/Game/map_BuiltData" FILE="../../../../../../Users/ASUS/Documents/GitHub/lo3ba/Content/map_BuiltData.uasset" SILENT=true
[2018.09.21-10.57.34:635][ 54]LogSavePackage: Moving '../../../../../../Users/ASUS/Documents/GitHub/lo3ba/Saved/map_BuiltData94275A4F4D434FED6F91C7ACB6B46487.tmp' to '../../../../../../Users/ASUS/Documents/GitHub/lo3ba/Content/map_BuiltData.uasset'
[2018.09.21-10.57.41:786][295]SourceControl: fatal: C:/Program Files/Epic Games/UE_4.20/Engine/Content: 'C:/Program Files/Epic Games/UE_4.20/Engine/Content' is outside repository
[2018.09.21-10.57.41:873][295]LogFileHelpers: Warning: FilenameToLongPackageName failed to convert '../../../Engine/Plugins/Runtime/AppleARKit/Content/ARKitCameraMaterial.uasset'. Attempt result was '../../../Engine/Plugins/Runtime/AppleARKit/Content/ARKitCameraMaterial', but the path contains illegal characters '.'
[2018.09.21-10.57.41:886][295]LogPackageName: Error: Illegal call to DoesPackageExist: '../../../../../../Users/ASUS/Documents/GitHub/lo3ba/lo3ba.uproject' is not a standard unreal filename or a long path name. Reason: Path should be no less than 4 characters long.
[2018.09.21-10.57.44:276][295]LogStats: FPlatformStackWalk::StackWalkAndDump -  2.374 s
[2018.09.21-10.57.44:276][295]LogOutputDevice: Error: === Handled ensure: ===
[2018.09.21-10.57.44:276][295]LogOutputDevice: Error: 
[2018.09.21-10.57.44:276][295]LogOutputDevice: Error: Ensure condition failed: false [File:D:\Build\++UE4\Sync\Engine\Source\Runtime\CoreUObject\Private\Misc\PackageName.cpp] [Line: 822]
[2018.09.21-10.57.44:276][295]LogOutputDevice: Error: Illegal call to DoesPackageExist: '../../../../../../Users/ASUS/Documents/GitHub/lo3ba/lo3ba.uproject' is not a standard unreal filename or a long path name. Reason: Path should be no less than 4 characters long.
[2018.09.21-10.57.44:276][295]LogOutputDevice: Error: Stack: 
[2018.09.21-10.57.44:276][295]LogOutputDevice: Error: [Callstack] 0x00007ffcc8e971e6 UE4Editor-Core.dll!UnknownFunction []
[2018.09.21-10.57.44:276][295]LogOutputDevice: Error: [Callstack] 0x00007ffcc8bd0c82 UE4Editor-Core.dll!UnknownFunction []
[2018.09.21-10.57.44:276][295]LogOutputDevice: Error: [Callstack] 0x00007ffcc8beb346 UE4Editor-Core.dll!UnknownFunction []
[2018.09.21-10.57.44:276][295]LogOutputDevice: Error: [Callstack] 0x00007ffcc83c4857 UE4Editor-CoreUObject.dll!UnknownFunction []
[2018.09.21-10.57.44:276][295]LogOutputDevice: Error: [Callstack] 0x00007ffcb2d381a5 UE4Editor-SourceControl.dll!UnknownFunction []
[2018.09.21-10.57.44:276][295]LogOutputDevice: Error: [Callstack] 0x00007ffcb2d38339 UE4Editor-SourceControl.dll!UnknownFunction []
[2018.09.21-10.57.44:276][295]LogOutputDevice: Error: [Callstack] 0x00007ffcaf264e8d UE4Editor-SourceControlWindows.dll!UnknownFunction []
[2018.09.21-10.57.44:276][295]LogOutputDevice: Error: [Callstack] 0x00007ffcaf21804e UE4Editor-SourceControlWindows.dll!UnknownFunction []
[2018.09.21-10.57.44:276][295]LogOutputDevice: Error: [Callstack] 0x00007ffcaf2175df UE4Editor-SourceControlWindows.dll!UnknownFunction []
[2018.09.21-10.57.44:276][295]LogOutputDevice: Error: [Callstack] 0x00007ffcaf231f71 UE4Editor-SourceControlWindows.dll!UnknownFunction []
[2018.09.21-10.57.44:276][295]LogOutputDevice: Error: [Callstack] 0x00007ffca49cf32c UE4Editor-GitSourceControl.dll!UnknownFunction []
[2018.09.21-10.57.44:276][295]LogOutputDevice: Error: [Callstack] 0x00007ffca49d4e51 UE4Editor-GitSourceControl.dll!UnknownFunction []
[2018.09.21-10.57.44:276][295]LogOutputDevice: Error: [Callstack] 0x00007ffcb2d3e737 UE4Editor-SourceControl.dll!UnknownFunction []
[2018.09.21-10.57.44:276][295]LogOutputDevice: Error: [Callstack] 0x00007ffcb3fe7aee UE4Editor-UnrealEd.dll!UnknownFunction []
[2018.09.21-10.57.44:276][295]LogOutputDevice: Error: [Callstack] 0x00007ffcb48df646 UE4Editor-UnrealEd.dll!UnknownFunction []
[2018.09.21-10.57.44:276][295]LogOutputDevice: Error: [Callstack] 0x00007ff6ee195cbd UE4Editor.exe!UnknownFunction []
[2018.09.21-10.57.44:276][295]LogOutputDevice: Error: [Callstack] 0x00007ff6ee1a5b3c UE4Editor.exe!UnknownFunction []
[2018.09.21-10.57.44:276][295]LogOutputDevice: Error: [Callstack] 0x00007ff6ee1a5bba UE4Editor.exe!UnknownFunction []
[2018.09.21-10.57.44:276][295]LogOutputDevice: Error: [Callstack] 0x00007ff6ee1b3dac UE4Editor.exe!UnknownFunction []
[2018.09.21-10.57.44:276][295]LogOutputDevice: Error: [Callstack] 0x00007ff6ee1b5aaa UE4Editor.exe!UnknownFunction []
[2018.09.21-10.57.44:276][295]LogOutputDevice: Error: [Callstack] 0x00007ffcec2016ad KERNEL32.DLL!UnknownFunction []
[2018.09.21-10.57.44:276][295]LogOutputDevice: Error: [Callstack] 0x00007ffcecb75444 ntdll.dll!UnknownFunction []
[2018.09.21-10.57.44:276][295]LogOutputDevice: Error: 
[2018.09.21-10.57.44:298][295]LogStats:                SubmitErrorReport -  0.014 s
[2018.09.21-10.57.52:680][295]LogStats:                    SendNewReport -  8.381 s
[2018.09.21-10.57.52:680][295]LogStats:             FDebug::EnsureFailed - 10.777 s
[2018.09.21-10.58.03:078][295]LogSlate: Window 'Submit Files' being destroyed
[2018.09.21-10.58.04:373][295]LogSourceControl: commit successful: [master d430751] ajout jump
[2018.09.21-10.58.04:429][295]SourceControl: [master d430751] ajout jump
[2018.09.21-10.58.04:429][295]SourceControl:  5 files changed, 1 insertion(+), 1 deletion(-)
[2018.09.21-10.58.04:429][295]SourceControl:  rewrite Content/djamel.uasset (88%)
[2018.09.21-10.58.04:433][295]SourceControl: Commited [master d430751] ajout jump.
