Log file open, 09/29/18 23:33:23
LogWindows: Failed to load 'aqProf.dll' (GetLastError=126)
LogWindows: File 'aqProf.dll' does not exist
LogWindows: Failed to load 'VSPerf140.dll' (GetLastError=126)
LogWindows: File 'VSPerf140.dll' does not exist
LogWindows: Failed to load 'VtuneApi.dll' (GetLastError=126)
LogWindows: File 'VtuneApi.dll' does not exist
LogWindows: Failed to load 'VtuneApi32e.dll' (GetLastError=126)
LogWindows: File 'VtuneApi32e.dll' does not exist
LogInit: Display: Running engine for game: lo3ba
LogPlatformFile: Not using cached read wrapper
LogTaskGraph: Started task graph with 5 named threads and 23 total threads with 3 sets of task threads.
LogStats: Stats thread started at 0.261243
LogD3D11RHI: Loaded GFSDK_Aftermath_Lib.x64.dll
LogICUInternationalization: Display: ICU TimeZone Detection - Raw Offset: +1:00, Platform Override: ''
LogPluginManager: Mounting plugin Paper2D
LogPluginManager: Mounting plugin AISupport
LogPluginManager: Mounting plugin LightPropagationVolume
LogPluginManager: Mounting plugin CLionSourceCodeAccess
LogPluginManager: Mounting plugin CodeLiteSourceCodeAccess
LogPluginManager: Mounting plugin GitSourceControl
LogPluginManager: Mounting plugin KDevelopSourceCodeAccess
LogPluginManager: Mounting plugin NullSourceCodeAccess
LogPluginManager: Mounting plugin PerforceSourceControl
LogPluginManager: Mounting plugin SubversionSourceControl
LogPluginManager: Mounting plugin UObjectPlugin
LogPluginManager: Mounting plugin VisualStudioCodeSourceCodeAccess
LogPluginManager: Mounting plugin VisualStudioSourceCodeAccess
LogPluginManager: Mounting plugin XCodeSourceCodeAccess
LogPluginManager: Mounting plugin AssetManagerEditor
LogPluginManager: Mounting plugin CryptoKeys
LogPluginManager: Mounting plugin DataValidation
LogPluginManager: Mounting plugin FacialAnimation
LogPluginManager: Mounting plugin GameplayTagsEditor
LogPluginManager: Mounting plugin MacGraphicsSwitching
LogPluginManager: Mounting plugin MeshEditor
LogPluginManager: Mounting plugin MobileLauncherProfileWizard
LogPluginManager: Mounting plugin PluginBrowser
LogPluginManager: Mounting plugin SpeedTreeImporter
LogPluginManager: Mounting plugin DatasmithContent
LogPluginManager: Mounting plugin AlembicImporter
LogPluginManager: Mounting plugin AppleImageUtils
LogPluginManager: Mounting plugin AppleVision
LogPluginManager: Mounting plugin BackChannel
LogPluginManager: Mounting plugin CharacterAI
LogPluginManager: Mounting plugin GeometryCache
LogPluginManager: Mounting plugin HTML5Networking
LogPluginManager: Mounting plugin ProxyLODPlugin
LogPluginManager: Mounting plugin MagicLeap
LogPluginManager: Mounting plugin MagicLeapEmulator
LogPluginManager: Mounting plugin MagicLeapMedia
LogPluginManager: Mounting plugin AndroidMedia
LogPluginManager: Mounting plugin AvfMedia
LogPluginManager: Mounting plugin ImgMedia
LogPluginManager: Mounting plugin LinearTimecode
LogPluginManager: Mounting plugin MediaCompositing
LogPluginManager: Mounting plugin MediaPlayerEditor
LogPluginManager: Mounting plugin WmfMedia
LogPluginManager: Mounting plugin TcpMessaging
LogPluginManager: Mounting plugin UdpMessaging
LogPluginManager: Mounting plugin ActorSequence
LogPluginManager: Mounting plugin LevelSequenceEditor
LogPluginManager: Mounting plugin MatineeToLevelSequence
LogPluginManager: Mounting plugin NetcodeUnitTest
LogPluginManager: Mounting plugin NUTUnrealEngine4
LogPluginManager: Mounting plugin OnlineSubsystemGooglePlay
LogPluginManager: Mounting plugin OnlineSubsystemIOS
LogPluginManager: Mounting plugin OnlineSubsystem
LogPluginManager: Mounting plugin OnlineSubsystemNull
LogPluginManager: Mounting plugin OnlineSubsystemUtils
LogPluginManager: Mounting plugin LauncherChunkInstaller
LogPluginManager: Mounting plugin AndroidDeviceProfileSelector
LogPluginManager: Mounting plugin AndroidMoviePlayer
LogPluginManager: Mounting plugin AndroidPermission
LogPluginManager: Mounting plugin AppleMoviePlayer
LogPluginManager: Mounting plugin ArchVisCharacter
LogPluginManager: Mounting plugin AudioCapture
LogPluginManager: Mounting plugin CableComponent
LogPluginManager: Mounting plugin CustomMeshComponent
LogPluginManager: Mounting plugin EditableMesh
LogPluginManager: Mounting plugin ExampleDeviceProfileSelector
LogPluginManager: Mounting plugin GoogleCloudMessaging
LogPluginManager: Mounting plugin ImmediatePhysics
LogPluginManager: Mounting plugin IOSDeviceProfileSelector
LogPluginManager: Mounting plugin LinuxDeviceProfileSelector
LogPluginManager: Mounting plugin LocationServicesBPLibrary
LogPluginManager: Mounting plugin MobilePatchingUtils
LogPluginManager: Mounting plugin OculusVR
LogPluginManager: Plugin shader directory ../../../Engine/Plugins/Runtime/Oculus/OculusVR/Shaders found
LogPluginManager: Mapping shader source directory ../../../Engine/Plugins/Runtime/Oculus/OculusVR/Shaders to virtual directory /Plugin/OculusVR
LogPluginManager: Mounting plugin PhysXVehicles
LogPluginManager: Mounting plugin ProceduralMeshComponent
LogPluginManager: Mounting plugin RuntimePhysXCooking
LogPluginManager: Mounting plugin SteamVR
LogPluginManager: Mounting plugin WindowsMoviePlayer
LogStreaming: Display: Took  0.057s to configure plugins.
LogInit: Using libcurl 7.55.1-DEV
LogInit:  - built for x86_64-pc-win32
LogInit:  - supports SSL with OpenSSL/1.0.2h
LogInit:  - supports HTTP deflate (compression) using libz 1.2.8
LogInit:  - other features:
LogInit:      CURL_VERSION_SSL
LogInit:      CURL_VERSION_LIBZ
LogInit:      CURL_VERSION_IPV6
LogInit:      CURL_VERSION_ASYNCHDNS
LogInit:      CURL_VERSION_LARGEFILE
LogInit:      CURL_VERSION_IDN
LogInit:  CurlRequestOptions (configurable via config and command line):
LogInit:  - bVerifyPeer = false  - Libcurl will NOT verify peer certificate
LogInit:  - bUseHttpProxy = false  - Libcurl will NOT use HTTP proxy
LogInit:  - bDontReuseConnections = false  - Libcurl will reuse connections
LogInit:  - CertBundlePath = nullptr  - Libcurl will use whatever was configured at build time.
LogInit:  - MaxHostConnections = 16  - Libcurl will limit the number of connections to a host
LogInit:  - LocalHostAddr = Default
LogInit:  - BufferSize = 65536
LogInit: WinSock: version 1.1 (2.2), MaxSocks=32767, MaxUdp=65467
LogInit: Build: ++UE4+Release-4.20-CL-4369336
LogInit: Engine Version: 4.20.3-4369336+++UE4+Release-4.20
LogInit: Compatible Engine Version: 4.20.0-4212847+++UE4+Release-4.20
LogInit: Net CL: 4212847
LogInit: OS: Windows 7 (Service Pack 1), CPU:        Intel(R) Core(TM) i7-2700K CPU @ 3.50GHz, GPU: NVIDIA GeForce GT 740
LogInit: Compiled (64-bit): Sep 17 2018 12:26:19
LogInit: Compiled with Visual C++: 19.13.26129.00
LogInit: Build Configuration: Development
LogInit: Branch Name: ++UE4+Release-4.20
LogInit: Command Line:  
LogInit: Base Directory: D:/UE4 4,20/UE_4.20/Engine/Binaries/Win64/
LogInit: Installed Engine Build: 1
LogDevObjectVersion: Number of dev versions registered: 20
LogDevObjectVersion:   Dev-Blueprints (B0D832E4-1F89-4F0D-ACCF-7EB736FD4AA2): 10
LogDevObjectVersion:   Dev-Build (E1C64328-A22C-4D53-A36C-8E866417BD8C): 0
LogDevObjectVersion:   Dev-Core (375EC13C-06E4-48FB-B500-84F0262A717E): 2
LogDevObjectVersion:   Dev-Editor (E4B068ED-F494-42E9-A231-DA0B2E46BB41): 24
LogDevObjectVersion:   Dev-Framework (CFFC743F-43B0-4480-9391-14DF171D2073): 34
LogDevObjectVersion:   Dev-Mobile (B02B49B5-BB20-44E9-A304-32B752E40360): 2
LogDevObjectVersion:   Dev-Networking (A4E4105C-59A1-49B5-A7C5-40C4547EDFEE): 0
LogDevObjectVersion:   Dev-Online (39C831C9-5AE6-47DC-9A44-9C173E1C8E7C): 0
LogDevObjectVersion:   Dev-Physics (78F01B33-EBEA-4F98-B9B4-84EACCB95AA2): 0
LogDevObjectVersion:   Dev-Platform (6631380F-2D4D-43E0-8009-CF276956A95A): 0
LogDevObjectVersion:   Dev-Rendering (12F88B9F-8875-4AFC-A67C-D90C383ABD29): 26
LogDevObjectVersion:   Dev-Sequencer (7B5AE74C-D270-4C10-A958-57980B212A5A): 9
LogDevObjectVersion:   Dev-VR (D7296918-1DD6-4BDD-9DE2-64A83CC13884): 2
LogDevObjectVersion:   Dev-LoadTimes (C2A15278-BFE7-4AFE-6C17-90FF531DF755): 1
LogDevObjectVersion:   Private-Geometry (6EACA3D4-40EC-4CC1-B786-8BED09428FC5): 3
LogDevObjectVersion:   Dev-AnimPhys (29E575DD-E0A3-4627-9D10-D276232CDCEA): 17
LogDevObjectVersion:   Dev-ReflectionCapture (6B266CEC-1EC7-4B8F-A30B-E4D90942FC07): 1
LogDevObjectVersion:   Dev-Automation (0DF73D61-A23F-47EA-B727-89E90C41499A): 1
LogDevObjectVersion:   FortniteMain (601D1886-AC64-4F84-AA16-D3DE0DEAC7D6): 12
LogDevObjectVersion:   Dev-Enterprise (9DFFBCD6-494F-0158-E221-12823C92A888): 1
LogStreaming: Display: Took  0.002s to delete old logs.
LogInit: Presizing for max 8388607 objects, including 0 objects not considered by GC, pre-allocating 0 bytes for permanent pool.
LogInit: Object subsystem initialized
[2018.09.29-22.33.23:807][  0]LogInit: Selected Device Profile: [Windows]
[2018.09.29-22.33.23:807][  0]LogInit: Applying CVar settings loaded from the selected device profile: [Windows]
[2018.09.29-22.33.23:815][  0]LogHAL: Display: Platform has ~ 12 GB [12753522688 / 17179869184 / 12], which maps to Larger [LargestMinGB=32, LargerMinGB=12, DefaultMinGB=8, SmallerMinGB=6, SmallestMinGB=0)
[2018.09.29-22.33.23:815][  0]LogInit: Setting Device Profile CVar: [[r.Vulkan.UseRealUBs:1]]
[2018.09.29-22.33.23:815][  0]LogInit: Going up to parent DeviceProfile []
[2018.09.29-22.33.23:815][  0]LogInit: Computer: UCEF-PC
[2018.09.29-22.33.23:815][  0]LogInit: User: Ucef
[2018.09.29-22.33.23:815][  0]LogInit: CPU Page size=4096, Cores=4
[2018.09.29-22.33.23:815][  0]LogInit: High frequency timer resolution =3.410253 MHz
[2018.09.29-22.33.23:815][  0]LogMemory: Memory total: Physical=11.9GB (12GB approx)
[2018.09.29-22.33.23:815][  0]LogMemory: Platform Memory Stats for Windows
[2018.09.29-22.33.23:815][  0]LogMemory: Process Physical Memory: 102.23 MB used, 102.23 MB peak
[2018.09.29-22.33.23:815][  0]LogMemory: Process Virtual Memory: 94.27 MB used, 94.27 MB peak
[2018.09.29-22.33.23:815][  0]LogMemory: Physical Memory: 4557.32 MB used,  7605.39 MB free, 12162.71 MB total
[2018.09.29-22.33.23:815][  0]LogMemory: Virtual Memory: 495.07 MB used,  7605.39 MB free, 8388608.00 MB total
[2018.09.29-22.33.23:841][  0]LogInit: Using OS detected language (fr-FR).
[2018.09.29-22.33.23:841][  0]LogInit: Using OS detected locale (fr-FR).
[2018.09.29-22.33.23:841][  0]LogTextLocalizationManager: No specific localization for 'fr-FR' exists, so the 'fr' localization will be used.
[2018.09.29-22.33.23:842][  0]LogStreaming: Display: Took  0.002s to InitEngineTextLocalization.
[2018.09.29-22.33.23:843][  0]LogWindows: Failed to load 'shcore.dll' (GetLastError=126)
[2018.09.29-22.33.23:843][  0]LogWindows: File 'shcore.dll' does not exist
[2018.09.29-22.33.23:843][  0]LogInit: Setting process to DPI aware
[2018.09.29-22.33.23:859][  0]LogSlate: New Slate User Created.  User Index 0, Is Virtual User: 0
[2018.09.29-22.33.23:859][  0]LogSlate: Slate User Registered.  User Index 0, Is Virtual User: 0
[2018.09.29-22.33.24:017][  0]LogHMD: Failed to initialize OpenVR with code 110
[2018.09.29-22.33.24:017][  0]LogD3D11RHI: D3D11 adapters:
[2018.09.29-22.33.24:038][  0]LogD3D11RHI:    0. 'NVIDIA GeForce GT 740' (Feature Level 11_0)
[2018.09.29-22.33.24:038][  0]LogD3D11RHI:       1990/0/5825 MB DedicatedVideo/DedicatedSystem/SharedSystem, Outputs:2, VendorId:0x10de
[2018.09.29-22.33.24:038][  0]LogD3D11RHI: Chosen D3D11 Adapter: 0
[2018.09.29-22.33.24:043][  0]LogD3D11RHI: Creating new Direct3DDevice
[2018.09.29-22.33.24:043][  0]LogD3D11RHI:     GPU DeviceId: 0xfc8 (for the marketing name, search the web for "GPU Device Id")
[2018.09.29-22.33.24:043][  0]LogWindows: EnumDisplayDevices:
[2018.09.29-22.33.24:043][  0]LogWindows:    0. 'NVIDIA GeForce GT 740' (P:1 D:1)
[2018.09.29-22.33.24:043][  0]LogWindows:    1. 'NVIDIA GeForce GT 740' (P:0 D:1)
[2018.09.29-22.33.24:043][  0]LogWindows:    2. 'NVIDIA GeForce GT 740' (P:0 D:0)
[2018.09.29-22.33.24:043][  0]LogWindows:    3. 'NVIDIA GeForce GT 740' (P:0 D:0)
[2018.09.29-22.33.24:043][  0]LogWindows:    4. 'RDPDD Chained DD' (P:0 D:0)
[2018.09.29-22.33.24:043][  0]LogWindows:    5. 'RDP Encoder Mirror Driver' (P:0 D:0)
[2018.09.29-22.33.24:044][  0]LogWindows:    6. 'RDP Reflector Display Driver' (P:0 D:0)
[2018.09.29-22.33.24:044][  0]LogWindows: DebugString: GetVideoDriverDetailsInvalid PrimaryIsNotTheChoosenAdapter GetVideoDriverDetailsInvalid PrimaryIsNotTheChoosenAdapter GetVideoDriverDetailsInvalid PrimaryIsNotTheChoosenAdapter FoundDriverCount:4 
[2018.09.29-22.33.24:044][  0]LogD3D11RHI:     Adapter Name: NVIDIA GeForce GT 740
[2018.09.29-22.33.24:044][  0]LogD3D11RHI:   Driver Version: 381.65 (internal:22.21.13.8165, unified:381.65)
[2018.09.29-22.33.24:044][  0]LogD3D11RHI:      Driver Date: 3-31-2017
[2018.09.29-22.33.24:044][  0]LogRHI: Texture pool is 1393 MB (70% of 1990 MB)
[2018.09.29-22.33.24:052][  0]LogD3D11RHI: Async texture creation enabled
[2018.09.29-22.33.24:068][  0]LogD3D11RHI: GPU Timing Frequency: 1000.000000 (Debug: 2 2)
[2018.09.29-22.33.24:161][  0]LogShaderCompilers: Guid format shader working directory is 9 characters bigger than the processId version (C:/Users/Ucef/Documents/GitHub/lo3ba/Intermediate/Shaders/WorkingDirectory/6584/).
[2018.09.29-22.33.24:162][  0]LogShaderCompilers: Cleaned the shader compiler working directory 'C:/Users/Ucef/AppData/Local/Temp/UnrealShaderWorkingDir/03C4E07B4061C11B9913A7BDEE492B4C/'.
[2018.09.29-22.33.24:531][  0]LogTemp: Display: Loaded TP AllDesktopTargetPlatform
[2018.09.29-22.33.24:547][  0]LogTemp: Display: Loaded TP MacClientTargetPlatform
[2018.09.29-22.33.24:561][  0]LogTemp: Display: Loaded TP MacNoEditorTargetPlatform
[2018.09.29-22.33.24:575][  0]LogTemp: Display: Loaded TP MacServerTargetPlatform
[2018.09.29-22.33.24:590][  0]LogTemp: Display: Loaded TP MacTargetPlatform
[2018.09.29-22.33.24:604][  0]LogTemp: Display: Loaded TP WindowsClientTargetPlatform
[2018.09.29-22.33.24:618][  0]LogTemp: Display: Loaded TP WindowsNoEditorTargetPlatform
[2018.09.29-22.33.24:633][  0]LogTemp: Display: Loaded TP WindowsServerTargetPlatform
[2018.09.29-22.33.24:639][  0]LogTemp: Display: Loaded TP WindowsTargetPlatform
[2018.09.29-22.33.24:726][  0]LogTemp: Display: Loaded TP AndroidTargetPlatform
[2018.09.29-22.33.24:726][  0]LogTemp: Display: Loaded TP AndroidTargetPlatform
[2018.09.29-22.33.24:726][  0]LogTemp: Display: Loaded TP AndroidTargetPlatform
[2018.09.29-22.33.24:726][  0]LogTemp: Display: Loaded TP AndroidTargetPlatform
[2018.09.29-22.33.24:726][  0]LogTemp: Display: Loaded TP AndroidTargetPlatform
[2018.09.29-22.33.24:726][  0]LogTemp: Display: Loaded TP AndroidTargetPlatform
[2018.09.29-22.33.24:726][  0]LogTemp: Display: Loaded TP AndroidTargetPlatform
[2018.09.29-22.33.24:726][  0]LogTemp: Display: Loaded TP AndroidTargetPlatform
[2018.09.29-22.33.24:726][  0]LogTemp: Display: Loaded TP AndroidTargetPlatform
[2018.09.29-22.33.24:726][  0]LogTemp: Display: Loaded TP AndroidTargetPlatform
[2018.09.29-22.33.24:726][  0]LogTemp: Display: Loaded TP AndroidTargetPlatform
[2018.09.29-22.33.24:726][  0]LogTemp: Display: Loaded TP AndroidTargetPlatform
[2018.09.29-22.33.24:726][  0]LogTemp: Display: Loaded TP AndroidTargetPlatform
[2018.09.29-22.33.24:726][  0]LogTemp: Display: Loaded TP AndroidTargetPlatform
[2018.09.29-22.33.24:726][  0]LogTemp: Display: Loaded TP AndroidTargetPlatform
[2018.09.29-22.33.24:726][  0]LogTemp: Display: Loaded TP AndroidTargetPlatform
[2018.09.29-22.33.24:726][  0]LogTemp: Display: Loaded TP AndroidTargetPlatform
[2018.09.29-22.33.24:726][  0]LogTemp: Display: Loaded TP AndroidTargetPlatform
[2018.09.29-22.33.24:727][  0]LogTemp: Display: Loaded TP HTML5TargetPlatform
[2018.09.29-22.33.24:785][  0]LogTemp: Display: Loaded TP IOSTargetPlatform
[2018.09.29-22.33.24:785][  0]LogTemp: Display: Loaded TP IOSTargetPlatform
[2018.09.29-22.33.24:810][  0]LogTemp: Display: Loaded TP TVOSTargetPlatform
[2018.09.29-22.33.24:810][  0]LogTemp: Display: Loaded TP TVOSTargetPlatform
[2018.09.29-22.33.24:822][  0]LogTemp: Display: Loaded TP LinuxClientTargetPlatform
[2018.09.29-22.33.24:835][  0]LogTemp: Display: Loaded TP LinuxNoEditorTargetPlatform
[2018.09.29-22.33.24:847][  0]LogTemp: Display: Loaded TP LinuxServerTargetPlatform
[2018.09.29-22.33.24:861][  0]LogTemp: Display: Loaded TP LinuxTargetPlatform
[2018.09.29-22.33.24:870][  0]LogTemp: Display: Loaded TP LuminTargetPlatform
[2018.09.29-22.33.24:870][  0]LogTargetPlatformManager: Display: Building Assets For Windows
[2018.09.29-22.33.24:912][  0]LogXGEController: Cleaning working directory: C:/Users/Ucef/AppData/Local/Temp/UnrealXGEWorkingDir/
[2018.09.29-22.33.24:912][  0]LogXGEController: Cannot use XGE Controller as Incredibuild is not installed on this machine.
[2018.09.29-22.33.24:912][  0]LogShaderCompilers: Cannot use XGE Shader Compiler as Incredibuild is not installed on this machine.
[2018.09.29-22.33.24:912][  0]LogShaderCompilers: Display: Using Local Shader Compiler.
[2018.09.29-22.33.25:714][  0]LogDerivedDataCache: Display: Max Cache Size: 512 MB
[2018.09.29-22.33.25:793][  0]LogDerivedDataCache: Loaded boot cache 0.08s 71MB C:/Users/Ucef/AppData/Local/UnrealEngine/4.20/DerivedDataCache/Boot.ddc.
[2018.09.29-22.33.25:794][  0]LogDerivedDataCache: Display: Loaded Boot cache: C:/Users/Ucef/AppData/Local/UnrealEngine/4.20/DerivedDataCache/Boot.ddc
[2018.09.29-22.33.25:794][  0]LogDerivedDataCache: FDerivedDataBackendGraph:  Pak pak cache file C:/Users/Ucef/Documents/GitHub/lo3ba/DerivedDataCache/DDC.ddp not found, will not use a pak cache.
[2018.09.29-22.33.25:794][  0]LogDerivedDataCache: Unable to find inner node Pak for hierarchical cache Hierarchy.
[2018.09.29-22.33.25:794][  0]LogDerivedDataCache: FDerivedDataBackendGraph:  CompressedPak pak cache file C:/Users/Ucef/Documents/GitHub/lo3ba/DerivedDataCache/Compressed.ddp not found, will not use a pak cache.
[2018.09.29-22.33.25:794][  0]LogDerivedDataCache: Unable to find inner node CompressedPak for hierarchical cache Hierarchy.
[2018.09.29-22.33.25:811][  0]LogDerivedDataCache: Display: Pak cache opened for reading ../../../Engine/DerivedDataCache/Compressed.ddp.
[2018.09.29-22.33.25:823][  0]LogDerivedDataCache: Using Local data cache path C:/Users/Ucef/AppData/Local/UnrealEngine/Common/DerivedDataCache: Writable
[2018.09.29-22.33.25:823][  0]LogDerivedDataCache: Shared data cache path not found in *engine.ini, will not use an Shared cache.
[2018.09.29-22.33.25:823][  0]LogDerivedDataCache: Unable to find inner node Shared for hierarchical cache Hierarchy.
[2018.09.29-22.33.25:846][  0]LogMaterial: Verifying Global Shaders for PCD3D_SM5
[2018.09.29-22.33.25:847][  0]LogSlate: Using FreeType 2.6.0
[2018.09.29-22.33.25:847][  0]LogSlate: SlateFontServices - WITH_FREETYPE: 1, WITH_HARFBUZZ: 1
[2018.09.29-22.33.25:921][  0]LogAssetRegistry: FAssetRegistry took 0.0251 seconds to start up
[2018.09.29-22.33.26:310][  0]LogInit: Selected Device Profile: [Windows]
[2018.09.29-22.33.26:453][  0]LogSimplygon: Simplygon DLL not present - disabling.
[2018.09.29-22.33.26:455][  0]LogMeshReduction: Using SimplygonSwarm for distributed automatic mesh merging
[2018.09.29-22.33.26:455][  0]LogMeshReduction: Using ProxyLODMeshReduction for automatic mesh merging
[2018.09.29-22.33.26:455][  0]LogMeshReduction: Using QuadricMeshReduction for automatic static mesh reduction
[2018.09.29-22.33.26:455][  0]LogMeshReduction: No automatic skeletal mesh reduction module available
[2018.09.29-22.33.26:476][  0]LogNetVersion: lo3ba 1.0.0, NetCL: 4212847, EngineNetVer: 5, GameNetVer: 0 (Checksum: 1821868079)
[2018.09.29-22.33.27:004][  0]LogPackageLocalizationCache: Processed 11 localized package path(s) for 2 prioritized culture(s) in 0.082066 seconds
[2018.09.29-22.33.27:011][  0]LogUObjectArray: 38425 objects as part of root set at end of initial load.
[2018.09.29-22.33.27:011][  0]LogUObjectAllocator: 6690864 out of 0 bytes used by permanent object pool.
[2018.09.29-22.33.27:011][  0]LogUObjectArray: CloseDisregardForGC: 0/0 objects in disregard for GC pool
[2018.09.29-22.33.27:824][  0]LogTcpMessaging: Initializing TcpMessaging bridge
[2018.09.29-22.33.27:837][  0]LogUdpMessaging: Initializing bridge on interface 0.0.0.0:0 to multicast group 230.0.0.1:6666.
[2018.09.29-22.33.27:976][  0]SourceControl: Source control is disabled
[2018.09.29-22.33.29:410][  0]LogAndroidPermission: UAndroidPermissionCallbackProxy::GetInstance
[2018.09.29-22.33.29:450][  0]LogOcInput: OculusInput pre-init called
[2018.09.29-22.33.29:513][  0]LogEngine: Initializing Engine...
[2018.09.29-22.33.29:514][  0]LogHMD: Failed to initialize OpenVR with code 110
[2018.09.29-22.33.29:515][  0]LogStats: UGameplayTagsManager::ConstructGameplayTagTree: ImportINI prefixes -  0.000 s
[2018.09.29-22.33.29:515][  0]LogStats: UGameplayTagsManager::ConstructGameplayTagTree: Construct from data asset -  0.000 s
[2018.09.29-22.33.29:516][  0]LogStats: UGameplayTagsManager::ConstructGameplayTagTree: ImportINI -  0.000 s
[2018.09.29-22.33.29:516][  0]LogStats: UGameplayTagsManager::ConstructGameplayTagTree: GameplayTagTreeChangedEvent.Broadcast -  0.000 s
[2018.09.29-22.33.29:771][  0]LogInit: Initializing FReadOnlyCVARCache
[2018.09.29-22.33.29:786][  0]LogAIModule: Creating AISystem for world Untitled
[2018.09.29-22.33.29:803][  0]LogInit: XAudio2 using 'Haut-parleurs (Périphérique High Definition Audio)' : 2 channels at 48 kHz using 32 bits per sample (channel mask 0x3)
[2018.09.29-22.33.29:810][  0]LogInit: FAudioDevice initialized.
[2018.09.29-22.33.29:810][  0]LogNetVersion: Set ProjectVersion to 1.0.0.0. Version Checksum will be recalculated on next use.
[2018.09.29-22.33.30:924][  0]LogDerivedDataCache: Saved boot cache 1.11s 71MB C:/Users/Ucef/AppData/Local/UnrealEngine/4.20/DerivedDataCache/Boot.ddc.
[2018.09.29-22.33.30:931][  0]LogInit: Texture streaming: Enabled
[2018.09.29-22.33.30:947][  0]LogEngineSessionManager: EngineSessionManager initialized
[2018.09.29-22.33.30:954][  0]LogInit: Transaction tracking system initialized
[2018.09.29-22.33.30:970][  0]BlueprintLog: New page: Editor Load
[2018.09.29-22.33.31:552][  0]LocalizationService: Localization service is disabled
[2018.09.29-22.33.31:821][  0]LogCook: Display: Max memory allowance for cook 16384mb min free memory 0mb
[2018.09.29-22.33.31:821][  0]LogFileCache: Scanning file cache for directory 'C:/Users/Ucef/Documents/GitHub/lo3ba/Content/' took 0.01s
[2018.09.29-22.33.31:821][  0]LogCook: Display: Mobile HDR setting 1
[2018.09.29-22.33.31:821][  0]LogGameplayTags: Display: UGameplayTagsManager::DoneAddingNativeTags. DelegateIsBound: 0
[2018.09.29-22.33.31:821][  0]LogStats: UGameplayTagsManager::ConstructGameplayTagTree: ImportINI prefixes -  0.000 s
[2018.09.29-22.33.31:821][  0]LogStats: UGameplayTagsManager::ConstructGameplayTagTree: Construct from data asset -  0.000 s
[2018.09.29-22.33.31:821][  0]LogStats: UGameplayTagsManager::ConstructGameplayTagTree: ImportINI -  0.000 s
[2018.09.29-22.33.31:821][  0]LogStats: UGameplayTagsManager::ConstructGameplayTagTree: GameplayTagTreeChangedEvent.Broadcast -  0.000 s
[2018.09.29-22.33.31:924][  0]Cmd: MAP LOAD FILE="C:/Users/Ucef/Documents/GitHub/lo3ba/Content/map.umap" TEMPLATE=0 SHOWPROGRESS=1 FEATURELEVEL=3
[2018.09.29-22.33.31:925][  0]LightingResults: New page: Lighting Build
[2018.09.29-22.33.31:927][  0]MapCheck: New page: Map Check
[2018.09.29-22.33.31:927][  0]LightingResults: New page: Lighting Build
[2018.09.29-22.33.32:148][  0]LogTexture: Display: Building textures: HQ_Lightmap1_3 (AutoDXT, 64X64)
[2018.09.29-22.33.32:148][  0]LogTexture: Display: Building textures: HQ_Lightmap0_2 (AutoDXT, 256X256)
[2018.09.29-22.33.32:148][  0]LogTexture: Display: Building textures: HQ_Lightmap0_1 (AutoDXT, 256X256)
[2018.09.29-22.33.32:148][  0]LogTexture: Display: Building textures: LQ_Lightmap_0_1 (DXT1, 256X256)
[2018.09.29-22.33.32:148][  0]LogTexture: Display: Building textures: LQ_Lightmap_0_2 (DXT1, 256X256)
[2018.09.29-22.33.32:148][  0]LogTexture: Display: Building textures: LQ_Lightmap_1_3 (DXT1, 64X64)
[2018.09.29-22.33.33:459][  0]LogAIModule: Creating AISystem for world map
[2018.09.29-22.33.33:466][  0]LogEditorServer: Finished looking for orphan Actors (0.000 secs)
[2018.09.29-22.33.33:487][  0]Cmd: MAP CHECKDEP NOCLEARLOG
[2018.09.29-22.33.33:527][  0]MapCheck: Map check complete: 0 Error(s), 0 Warning(s), took 39,249ms to complete.
[2018.09.29-22.33.33:527][  0]LogFileHelpers: Loading map 'map' took 1.603
[2018.09.29-22.33.33:625][  0]LogSlate: Updating window title bar state: overlay mode, drag disabled, window buttons hidden, title bar hidden
[2018.09.29-22.33.33:634][  0]LogSlate: Updating window title bar state: overlay mode, drag disabled, window buttons hidden, title bar hidden
[2018.09.29-22.33.33:646][  0]LogSlate: Updating window title bar state: overlay mode, drag disabled, window buttons hidden, title bar hidden
[2018.09.29-22.33.33:658][  0]LogSlate: Updating window title bar state: overlay mode, drag disabled, window buttons hidden, title bar hidden
[2018.09.29-22.33.33:664][  0]LogCollectionManager: Loaded 0 collections in 0.001035 seconds
[2018.09.29-22.33.33:706][  0]LogFileCache: Scanning file cache for directory 'C:/Users/Ucef/Documents/GitHub/lo3ba/Saved/Collections/' took 0.01s
[2018.09.29-22.33.33:706][  0]LogFileCache: Scanning file cache for directory 'C:/Users/Ucef/Documents/GitHub/lo3ba/Content/Developers/Ucef/Collections/' took 0.01s
[2018.09.29-22.33.33:706][  0]LogFileCache: Scanning file cache for directory 'C:/Users/Ucef/Documents/GitHub/lo3ba/Content/Collections/' took 0.01s
[2018.09.29-22.33.33:706][  0]LogCollectionManager: Rebuilt the GUID cache for 0 collections in 0.000001 seconds
[2018.09.29-22.33.33:723][  0]LogContentBrowser: Native class hierarchy populated in 0.0172 seconds. Added 2572 classes and 603 folders.
[2018.09.29-22.33.33:730][  0]LogContentBrowser: Native class hierarchy updated for 'WidgetCarousel' in 0.0004 seconds. Added 0 classes and 0 folders.
[2018.09.29-22.33.33:769][  0]LogContentBrowser: Native class hierarchy updated for 'AddContentDialog' in 0.0002 seconds. Added 0 classes and 0 folders.
[2018.09.29-22.33.33:773][  0]LogContentBrowser: Native class hierarchy updated for 'SceneOutliner' in 0.0003 seconds. Added 1 classes and 2 folders.
[2018.09.29-22.33.33:843][  0]LogSlate: Took 0.000167 seconds to synchronously load lazily loaded font '../../../Engine/Content/Slate/Fonts/Roboto-Regular.ttf' (155K)
[2018.09.29-22.33.33:845][  0]LogSlate: Took 0.000113 seconds to synchronously load lazily loaded font '../../../Engine/Content/Slate/Fonts/Roboto-Bold.ttf' (160K)
[2018.09.29-22.33.33:850][  0]LogSlate: Took 0.000121 seconds to synchronously load lazily loaded font '../../../Engine/Content/Editor/Slate/Fonts/FontAwesome.ttf' (139K)
[2018.09.29-22.33.33:930][  0]LogRenderer: Reallocating scene render targets to support 760x360 Format 10 NumSamples 1 (Frame:1).
[2018.09.29-22.33.33:988][  0]LogSlate: Took 0.000185 seconds to synchronously load lazily loaded font '../../../Engine/Content/Slate/Fonts/Roboto-Light.ttf' (167K)
[2018.09.29-22.33.34:117][  0]LogContentBrowser: Native class hierarchy updated for 'HierarchicalLODOutliner' in 0.0003 seconds. Added 0 classes and 0 folders.
[2018.09.29-22.33.34:117][  0]LogLoad: (Engine Initialization) Total time: 11.57 seconds
[2018.09.29-22.33.34:117][  0]LogLoad: (Engine Initialization) Total Blueprint compile time: 0.00 seconds
[2018.09.29-22.33.34:150][  0]LogContentStreaming: Texture pool size now 1000 MB
[2018.09.29-22.33.36:310][218]LogSlate: FSceneViewport::OnFocusLost() reason 0
[2018.09.29-22.33.36:393][228]LogTemp: Repeating last play command: Selected Viewport
[2018.09.29-22.33.36:403][228]LogBlueprintUserMessages: Early PlayInEditor Detection: Level '/Game/map.map:PersistentLevel' has LevelScriptBlueprint '/Game/map.map:PersistentLevel.map' with GeneratedClass '/Game/map.map_C' with ClassGeneratedBy '/Game/map.map:PersistentLevel.map'
[2018.09.29-22.33.36:403][228]LogPlayLevel: PlayLevel: No blueprints needed recompiling
[2018.09.29-22.33.36:418][228]PIE: New page: PIE session: map (30 sept. 2018 00:33:36)
[2018.09.29-22.33.36:418][228]LogPlayLevel: Creating play world package: /Game/UEDPIE_1_map
[2018.09.29-22.33.36:424][228]LogPlayLevel: PIE: StaticDuplicateObject took: (0.005618s)
[2018.09.29-22.33.36:424][228]LogAIModule: Creating AISystem for world map
[2018.09.29-22.33.36:424][228]LogPlayLevel: PIE: World Init took: (0.000792s)
[2018.09.29-22.33.36:424][228]LogPlayLevel: PIE: Created PIE world by copying editor world from /Game/map.map to /Game/UEDPIE_1_map.map (0.006549s)
[2018.09.29-22.33.36:445][228]LogInit: XAudio2 using 'Haut-parleurs (Périphérique High Definition Audio)' : 2 channels at 48 kHz using 32 bits per sample (channel mask 0x3)
[2018.09.29-22.33.36:451][228]LogInit: FAudioDevice initialized.
[2018.09.29-22.33.36:635][228]LogLoad: Game class is 'mode_C'
[2018.09.29-22.33.36:637][228]LogWorld: Bringing World /Game/UEDPIE_1_map.map up for play (max tick rate 0) at 2018.09.29-23.33.36
[2018.09.29-22.33.36:638][228]LogWorld: Bringing up level for play took: 0.000955
[2018.09.29-22.33.36:652][228]LogContentBrowser: Native class hierarchy updated for 'MovieSceneCapture' in 0.0003 seconds. Added 10 classes and 0 folders.
[2018.09.29-22.33.36:654][228]LogTemp: Display: ParseSettings for GameNetDriver
[2018.09.29-22.33.36:654][228]LogTemp: Display: ParseSettings for IpNetDriver_0
[2018.09.29-22.33.36:654][228]LogTemp: Display: ParseSettings for GameNetDriver
[2018.09.29-22.33.36:654][228]LogNet: ReplicationDriverClass is null! Not using ReplicationDriver.
[2018.09.29-22.33.36:654][228]LogInit: WinSock: Socket queue 131072 / 131072
[2018.09.29-22.33.36:656][228]LogInit: WinSock: I am Ucef-PC (192.168.1.102:0)
[2018.09.29-22.33.36:656][228]PacketHandlerLog: Loaded PacketHandler component: Engine.EngineHandlerComponentFactory (StatelessConnectHandlerComponent)
[2018.09.29-22.33.36:656][228]LogNet: GameNetDriver IpNetDriver_0 IpNetDriver listening on port 17777
[2018.09.29-22.33.36:657][228]PIE: Play in editor start time for /Game/UEDPIE_1_map -0,382
[2018.09.29-22.33.36:660][228]PIE: New page: PIE session: map (30 sept. 2018 00:33:36)
[2018.09.29-22.33.36:666][228]LogSlate: FSceneViewport::OnFocusLost() reason 2
[2018.09.29-22.33.36:668][228]LogSlate: Updating window title bar state: overlay mode, drag disabled, window buttons hidden, title bar hidden
[2018.09.29-22.33.36:706][228]LogNet: Browse: 127.0.0.1:17777//Game/map
[2018.09.29-22.33.36:706][228]LogTemp: Display: ParseSettings for GameNetDriver
[2018.09.29-22.33.36:706][228]LogTemp: Display: ParseSettings for IpNetDriver_1
[2018.09.29-22.33.36:706][228]LogTemp: Display: ParseSettings for PendingNetDriver
[2018.09.29-22.33.36:706][228]LogInit: WinSock: Socket queue 32768 / 32768
[2018.09.29-22.33.36:707][228]PacketHandlerLog: Loaded PacketHandler component: Engine.EngineHandlerComponentFactory (StatelessConnectHandlerComponent)
[2018.09.29-22.33.36:707][228]LogNet: Game client on port 17777, rate 10000
[2018.09.29-22.33.36:709][228]PIE: Play in editor start time for /Game/map -0,33
[2018.09.29-22.33.36:714][228]LogBlueprintUserMessages: Late PlayInEditor Detection: Level '/Game/map.map:PersistentLevel' has LevelScriptBlueprint '/Game/map.map:PersistentLevel.map' with GeneratedClass '/Game/map.map_C' with ClassGeneratedBy '/Game/map.map:PersistentLevel.map'
[2018.09.29-22.33.36:715][228]LogNet: NotifyAcceptingConnection accepted from: 127.0.0.1:62976
[2018.09.29-22.33.36:715][228]LogHandshake: SendConnectChallenge. Timestamp: 0.008334, Cookie: 019155129094212031095232039011147255000045043031044250135221
[2018.09.29-22.33.36:718][228]LogHandshake: SendChallengeResponse. Timestamp: 0.008334, Cookie: 019155129094212031095232039011147255000045043031044250135221
[2018.09.29-22.33.36:854][229]LogNet: NotifyAcceptingConnection accepted from: 127.0.0.1:62976
[2018.09.29-22.33.36:854][229]LogHandshake: SendChallengeAck. InCookie: 019155129094212031095232039011147255000045043031044250135221
[2018.09.29-22.33.36:854][229]LogNet: Server accepting post-challenge connection from: 127.0.0.1:62976
[2018.09.29-22.33.36:855][229]PacketHandlerLog: Loaded PacketHandler component: Engine.EngineHandlerComponentFactory (StatelessConnectHandlerComponent)
[2018.09.29-22.33.36:855][229]LogNet: NotifyAcceptedConnection: Name: map, TimeStamp: 09/29/18 23:33:36, [UNetConnection] RemoteAddr: 127.0.0.1:62976, Name: IpConnection_1, Driver: GameNetDriver IpNetDriver_0, IsServer: YES, PC: NULL, Owner: NULL, UniqueId: INVALID
[2018.09.29-22.33.36:855][229]LogNet: AddClientConnection: Added client connection: [UNetConnection] RemoteAddr: 127.0.0.1:62976, Name: IpConnection_1, Driver: GameNetDriver IpNetDriver_0, IsServer: YES, PC: NULL, Owner: NULL, UniqueId: INVALID
[2018.09.29-22.33.36:855][229]LogNetVersion: lo3ba 1.0.0.0, NetCL: 4212847, EngineNetVer: 5, GameNetVer: 0 (Checksum: 1480624738)
[2018.09.29-22.33.36:856][229]LogNet: UPendingNetGame::SendInitialJoin: Sending hello. [UNetConnection] RemoteAddr: 127.0.0.1:17777, Name: IpConnection_0, Driver: PendingNetDriver IpNetDriver_1, IsServer: NO, PC: NULL, Owner: NULL, UniqueId: INVALID
[2018.09.29-22.33.36:866][230]LogNet: NotifyAcceptingChannel Control 0 server World /Game/UEDPIE_1_map.map: Accepted
[2018.09.29-22.33.36:866][230]LogNet: Remote platform little endian=1
[2018.09.29-22.33.36:866][230]LogNet: This platform little endian=1
[2018.09.29-22.33.36:884][231]LogNet: Login request: /Game/map?Name=Ucef-PC-1F30496A4AD0C7CC9749AC9896A592DE userId: Ucef-PC-1F30496A4AD0C7CC9749AC9896A592DE
[2018.09.29-22.33.36:885][231]LogNet: Welcomed by server (Level: /Game/UEDPIE_1_map, Game: /Game/mode.mode_C)
[2018.09.29-22.33.36:887][231]LogLoad: LoadMap: 127.0.0.1:17777//Game/UEDPIE_1_map?game=/Game/mode.mode_C
[2018.09.29-22.33.36:913][231]LogAIModule: Creating AISystem for world map
[2018.09.29-22.33.36:913][231]LogTemp: Display: ParseSettings for GameNetDriver
[2018.09.29-22.33.36:914][231]LogWorld: Bringing World /Game/UEDPIE_2_map.map up for play (max tick rate 0) at 2018.09.29-23.33.36
[2018.09.29-22.33.36:914][231]LogWorld: Bringing up level for play took: 0.000817
[2018.09.29-22.33.36:915][231]LogLoad: Took 0.028110 seconds to LoadMap(/Game/UEDPIE_1_map)
[2018.09.29-22.33.36:929][232]LogNet: Client netspeed is 10000
[2018.09.29-22.33.36:929][232]LogNet: Join request: /Game/map?Name=Ucef-PC-1F30496A4AD0C7CC9749AC9896A592DE?SplitscreenCount=1
[2018.09.29-22.33.36:929][232]LogOnline: Warning: OSS: No game present to join for session (GameSession)
[2018.09.29-22.33.36:932][232]LogNet: Join succeeded: Ucef-PC-1F30496A4AD0
[2018.09.29-22.33.36:945][233]LogRenderer: Reallocating scene render targets to support 1280x720 Format 10 NumSamples 1 (Frame:1).
[2018.09.29-22.33.37:025][235]LogOnline: Warning: OSS: No game present to join for session (GameSession)
[2018.09.29-22.33.37:025][235]LogOnline: Warning: OSS: No game present to join for session (GameSession)
[2018.09.29-22.33.37:591][262]LogAssetRegistry: Asset discovery search completed in 11.6902 seconds
[2018.09.29-22.33.37:593][262]LogCollectionManager: Rebuilt the object cache for 0 collections in 0.000001 seconds (found 0 objects)
[2018.09.29-22.33.37:593][262]LogCollectionManager: Fixed up redirectors for 0 collections in 0.000065 seconds (updated 0 objects)
[2018.09.29-22.33.40:206][385]LogBlueprintUserMessages: [djamel_C_0] Server: djamel199
[2018.09.29-22.33.40:208][385]LogBlueprintUserMessages: [djamel_C_1] Client 1: 99
[2018.09.29-22.33.40:396][394]LogBlueprintUserMessages: [djamel_C_0] Server: djamel198
[2018.09.29-22.33.40:398][394]LogBlueprintUserMessages: [djamel_C_1] Client 1: 98
[2018.09.29-22.33.57:919][245]LogBlueprintUserMessages: [djamel_C_0] Server: djamel197
[2018.09.29-22.33.57:921][245]LogBlueprintUserMessages: [djamel_C_1] Client 1: 97
[2018.09.29-22.33.58:314][264]LogBlueprintUserMessages: [djamel_C_0] Server: djamel196
[2018.09.29-22.33.58:358][266]LogBlueprintUserMessages: [djamel_C_1] Client 1: 96
[2018.09.29-22.33.58:715][283]LogBlueprintUserMessages: [djamel_C_0] Server: djamel195
[2018.09.29-22.33.58:737][284]LogBlueprintUserMessages: [djamel_C_1] Client 1: 95
[2018.09.29-22.33.59:243][304]LogSlate: FSceneViewport::OnFocusLost() reason 2
[2018.09.29-22.34.02:133][381]LogSlate: FSceneViewport::OnFocusLost() reason 2
[2018.09.29-22.34.12:757][873]LogCharacterMovement: djamel_C_1 is stuck and failed to move! Velocity: X=178.00 Y=352.00 Z=0.00 Location: X=-6.33 Y=-286.04 Z=117.11 Normal: X=0.26 Y=-0.85 Z=0.46 PenetrationDepth:24.323 Actor:khra_C_93 Component:Khra BoneName:None (0 other events since notify)
[2018.09.29-22.34.12:775][874]LogCharacterMovement: djamel_C_0 is stuck and failed to move! Velocity: X=119.45 Y=217.53 Z=0.00 Location: X=-7.58 Y=-261.62 Z=115.78 Normal: X=-0.63 Y=0.77 Z=0.00 PenetrationDepth:0.833 Actor:Cylinder_2 Component:StaticMeshComponent0 BoneName:None (0 other events since notify)
[2018.09.29-22.34.21:322][288]LogActor: Warning: khra_C_34 is outside the world bounds!
[2018.09.29-22.34.33:972][896]LogBlueprintUserMessages: [djamel_C_0] Server: djamel194
[2018.09.29-22.34.34:119][903]LogBlueprintUserMessages: [djamel_C_1] Client 1: 94
[2018.09.29-22.34.34:200][907]LogBlueprintUserMessages: [djamel_C_0] Server: djamel193
[2018.09.29-22.34.34:285][911]LogBlueprintUserMessages: [djamel_C_1] Client 1: 93
[2018.09.29-22.34.35:278][951]LogBlueprintUserMessages: [djamel_C_0] Server: djamel192
[2018.09.29-22.34.35:381][956]LogBlueprintUserMessages: [djamel_C_1] Client 1: 92
[2018.09.29-22.34.35:671][970]LogBlueprintUserMessages: [djamel_C_0] Server: djamel191
[2018.09.29-22.34.35:693][971]LogBlueprintUserMessages: [djamel_C_1] Client 1: 91
[2018.09.29-22.34.35:878][980]LogBlueprintUserMessages: [djamel_C_0] Server: djamel190
[2018.09.29-22.34.36:007][986]LogBlueprintUserMessages: [djamel_C_1] Client 1: 90
[2018.09.29-22.34.36:069][989]LogBlueprintUserMessages: [djamel_C_0] Server: djamel189
[2018.09.29-22.34.36:158][993]LogBlueprintUserMessages: [djamel_C_1] Client 1: 89
[2018.09.29-22.34.36:281][999]LogBlueprintUserMessages: [djamel_C_0] Server: djamel188
[2018.09.29-22.34.36:324][  1]LogBlueprintUserMessages: [djamel_C_1] Client 1: 89
[2018.09.29-22.34.36:467][  8]LogBlueprintUserMessages: [djamel_C_0] Server: djamel187
[2018.09.29-22.34.36:490][  9]LogBlueprintUserMessages: [djamel_C_1] Client 1: 88
[2018.09.29-22.34.36:656][ 17]LogBlueprintUserMessages: [djamel_C_0] Server: djamel186
[2018.09.29-22.34.36:869][ 27]LogBlueprintUserMessages: [djamel_C_0] Server: djamel185
[2018.09.29-22.34.36:955][ 31]LogBlueprintUserMessages: [djamel_C_1] Client 1: 85
[2018.09.29-22.34.36:955][ 31]LogBlueprintUserMessages: [djamel_C_1] Client 1: 85
[2018.09.29-22.34.37:083][ 37]LogBlueprintUserMessages: [djamel_C_0] Server: djamel184
[2018.09.29-22.34.37:280][ 46]LogBlueprintUserMessages: [djamel_C_1] Client 1: 84
[2018.09.29-22.34.37:299][ 47]LogBlueprintUserMessages: [djamel_C_0] Server: djamel183
[2018.09.29-22.34.37:539][ 57]LogBlueprintUserMessages: [djamel_C_0] Server: djamel182
[2018.09.29-22.34.37:585][ 60]LogBlueprintUserMessages: [djamel_C_1] Client 1: 82
[2018.09.29-22.34.37:585][ 60]LogBlueprintUserMessages: [djamel_C_1] Client 1: 82
[2018.09.29-22.34.37:734][ 67]LogBlueprintUserMessages: [djamel_C_0] Server: djamel181
[2018.09.29-22.34.37:780][ 69]LogBlueprintUserMessages: [djamel_C_1] Client 1: 81
[2018.09.29-22.34.39:874][167]LogBlueprintUserMessages: [djamel_C_0] Server: djamel180
[2018.09.29-22.34.39:918][169]LogBlueprintUserMessages: [djamel_C_1] Client 1: 80
[2018.09.29-22.34.40:064][176]LogBlueprintUserMessages: [djamel_C_0] Server: djamel179
[2018.09.29-22.34.40:214][183]LogBlueprintUserMessages: [djamel_C_1] Client 1: 79
[2018.09.29-22.34.40:275][186]LogBlueprintUserMessages: [djamel_C_0] Server: djamel178
[2018.09.29-22.34.40:487][196]LogBlueprintUserMessages: [djamel_C_0] Server: djamel177
[2018.09.29-22.34.40:510][197]LogBlueprintUserMessages: [djamel_C_1] Client 1: 78
[2018.09.29-22.34.40:510][197]LogBlueprintUserMessages: [djamel_C_1] Client 1: 78
[2018.09.29-22.34.40:680][205]LogBlueprintUserMessages: [djamel_C_0] Server: djamel176
[2018.09.29-22.34.40:829][212]LogBlueprintUserMessages: [djamel_C_1] Client 1: 76
[2018.09.29-22.34.40:911][216]LogBlueprintUserMessages: [djamel_C_0] Server: djamel175
[2018.09.29-22.34.41:123][226]LogBlueprintUserMessages: [djamel_C_0] Server: djamel174
[2018.09.29-22.34.41:189][229]LogBlueprintUserMessages: [djamel_C_1] Client 1: 74
[2018.09.29-22.34.41:189][229]LogBlueprintUserMessages: [djamel_C_1] Client 1: 74
[2018.09.29-22.34.41:335][236]LogBlueprintUserMessages: [djamel_C_0] Server: djamel173
[2018.09.29-22.34.41:527][245]LogBlueprintUserMessages: [djamel_C_1] Client 1: 73
[2018.09.29-22.34.41:546][246]LogBlueprintUserMessages: [djamel_C_0] Server: djamel172
[2018.09.29-22.34.41:776][257]LogBlueprintUserMessages: [djamel_C_0] Server: djamel171
[2018.09.29-22.34.41:864][261]LogBlueprintUserMessages: [djamel_C_1] Client 1: 71
[2018.09.29-22.34.41:864][261]LogBlueprintUserMessages: [djamel_C_1] Client 1: 71
[2018.09.29-22.34.41:989][267]LogBlueprintUserMessages: [djamel_C_0] Server: djamel170
[2018.09.29-22.34.42:185][276]LogBlueprintUserMessages: [djamel_C_1] Client 1: 70
[2018.09.29-22.34.42:204][277]LogBlueprintUserMessages: [djamel_C_0] Server: djamel169
[2018.09.29-22.34.42:436][288]LogBlueprintUserMessages: [djamel_C_0] Server: djamel168
[2018.09.29-22.34.42:503][291]LogBlueprintUserMessages: [djamel_C_1] Client 1: 68
[2018.09.29-22.34.42:503][291]LogBlueprintUserMessages: [djamel_C_1] Client 1: 68
[2018.09.29-22.34.42:503][291]LogCharacterMovement: djamel_C_1 is stuck and failed to move! Velocity: X=95.00 Y=71.00 Z=0.00 Location: X=-266.47 Y=285.17 Z=109.92 Normal: X=-0.54 Y=0.84 Z=0.07 PenetrationDepth:30.386 Actor:khra_C_194 Component:Khra BoneName:None (1 other events since notify)
[2018.09.29-22.34.42:649][298]LogBlueprintUserMessages: [djamel_C_0] Server: djamel167
[2018.09.29-22.34.42:842][307]LogBlueprintUserMessages: [djamel_C_1] Client 1: 67
[2018.09.29-22.34.42:882][309]LogBlueprintUserMessages: [djamel_C_0] Server: djamel166
[2018.09.29-22.34.43:114][320]LogBlueprintUserMessages: [djamel_C_0] Server: djamel165
[2018.09.29-22.34.43:180][323]LogBlueprintUserMessages: [djamel_C_1] Client 1: 65
[2018.09.29-22.34.43:180][323]LogBlueprintUserMessages: [djamel_C_1] Client 1: 65
[2018.09.29-22.34.43:348][331]LogBlueprintUserMessages: [djamel_C_0] Server: djamel164
[2018.09.29-22.34.43:520][339]LogBlueprintUserMessages: [djamel_C_1] Client 1: 64
[2018.09.29-22.34.44:035][363]LogCharacterMovement: djamel_C_1 is stuck and failed to move! Velocity: X=401.00 Y=159.00 Z=0.00 Location: X=-104.07 Y=376.28 Z=118.15 Normal: X=-0.00 Y=-1.00 Z=0.00 PenetrationDepth:21.343 Actor:None Component:ModelComponent_0 BoneName:None (3 other events since notify)
[2018.09.29-22.34.46:820][500]LogActor: Warning: khra_C_148 is outside the world bounds!
[2018.09.29-22.34.52:333][770]LogBlueprintUserMessages: [djamel_C_0] Server: djamel163
[2018.09.29-22.34.52:356][771]LogBlueprintUserMessages: [djamel_C_1] Client 1: 63
[2018.09.29-22.34.52:579][782]LogBlueprintUserMessages: [djamel_C_0] Server: djamel162
[2018.09.29-22.34.52:642][785]LogBlueprintUserMessages: [djamel_C_1] Client 1: 62
[2018.09.29-22.34.52:825][794]LogBlueprintUserMessages: [djamel_C_0] Server: djamel161
[2018.09.29-22.34.52:950][800]LogBlueprintUserMessages: [djamel_C_1] Client 1: 61
[2018.09.29-22.34.53:030][804]LogBlueprintUserMessages: [djamel_C_0] Server: djamel160
[2018.09.29-22.34.53:279][816]LogBlueprintUserMessages: [djamel_C_1] Client 1: 60
[2018.09.29-22.34.53:447][824]LogBlueprintUserMessages: [djamel_C_0] Server: djamel159
[2018.09.29-22.34.53:596][831]LogBlueprintUserMessages: [djamel_C_1] Client 1: 59
[2018.09.29-22.34.53:634][833]LogBlueprintUserMessages: [djamel_C_0] Server: djamel158
[2018.09.29-22.34.53:635][833]LogCharacterMovement: djamel_C_0 is stuck and failed to move! Velocity: X=-41.74 Y=3.38 Z=0.00 Location: X=-221.38 Y=390.82 Z=109.55 Normal: X=-0.00 Y=-1.00 Z=0.00 PenetrationDepth:0.839 Actor:None Component:ModelComponent_0 BoneName:None (1 other events since notify)
[2018.09.29-22.34.53:858][844]LogBlueprintUserMessages: [djamel_C_0] Server: djamel157
[2018.09.29-22.34.53:922][847]LogBlueprintUserMessages: [djamel_C_1] Client 1: 58
[2018.09.29-22.34.53:922][847]LogBlueprintUserMessages: [djamel_C_1] Client 1: 58
[2018.09.29-22.34.54:042][853]LogBlueprintUserMessages: [djamel_C_0] Server: djamel156
[2018.09.29-22.34.54:248][863]LogBlueprintUserMessages: [djamel_C_1] Client 1: 56
[2018.09.29-22.34.54:265][864]LogBlueprintUserMessages: [djamel_C_0] Server: djamel155
[2018.09.29-22.34.54:536][877]LogBlueprintUserMessages: [djamel_C_0] Server: djamel154
[2018.09.29-22.34.54:559][878]LogBlueprintUserMessages: [djamel_C_1] Client 1: 55
[2018.09.29-22.34.54:559][878]LogBlueprintUserMessages: [djamel_C_1] Client 1: 55
[2018.09.29-22.34.54:640][882]LogCharacterMovement: djamel_C_0 is stuck and failed to move! Velocity: X=21.77 Y=-347.61 Z=0.00 Location: X=-212.82 Y=360.22 Z=110.91 Normal: X=-0.76 Y=0.55 Z=0.35 PenetrationDepth:7.295 Actor:khra_C_213 Component:Khra BoneName:None (14 other events since notify)
[2018.09.29-22.34.54:871][893]LogCharacterMovement: djamel_C_1 is stuck and failed to move! Velocity: X=-444.00 Y=-403.00 Z=0.00 Location: X=-245.91 Y=274.38 Z=110.15 Normal: X=0.74 Y=-0.68 Z=-0.05 PenetrationDepth:21.185 Actor:khra_C_222 Component:Khra BoneName:None (0 other events since notify)
[2018.09.29-22.34.54:932][896]LogBlueprintUserMessages: [djamel_C_0] Server: djamel153
[2018.09.29-22.34.55:165][907]LogBlueprintUserMessages: [djamel_C_0] Server: djamel152
[2018.09.29-22.34.55:169][907]LogCharacterMovement: djamel_C_0 is stuck and failed to move! Velocity: X=142.84 Y=-218.76 Z=0.00 Location: X=-275.62 Y=371.87 Z=107.50 Normal: X=-0.03 Y=0.96 Z=-0.26 PenetrationDepth:2.179 Actor:khra_C_224 Component:Khra BoneName:None (0 other events since notify)
[2018.09.29-22.34.55:208][909]LogBlueprintUserMessages: [djamel_C_1] Client 1: 52
[2018.09.29-22.34.55:208][909]LogBlueprintUserMessages: [djamel_C_1] Client 1: 52
[2018.09.29-22.34.55:381][917]LogBlueprintUserMessages: [djamel_C_0] Server: djamel151
[2018.09.29-22.34.55:531][924]LogBlueprintUserMessages: [djamel_C_1] Client 1: 51
[2018.09.29-22.34.55:899][942]LogActor: Warning: khra_C_95 is outside the world bounds!
[2018.09.29-22.34.57:129][  1]LogActor: Warning: khra_C_146 is outside the world bounds!
[2018.09.29-22.34.58:070][ 47]LogActor: Warning: khra_C_98 is outside the world bounds!
[2018.09.29-22.34.59:127][ 98]LogCharacterMovement: djamel_C_1 is stuck and failed to move! Velocity: X=30.00 Y=28.00 Z=0.00 Location: X=-343.53 Y=392.07 Z=113.06 Normal: X=-0.74 Y=-0.44 Z=0.51 PenetrationDepth:1.627 Actor:khra_C_48 Component:Khra BoneName:None (1 other events since notify)
[2018.09.29-22.35.04:130][341]LogBlueprintUserMessages: [djamel_C_0] Server: djamel150
[2018.09.29-22.35.04:152][342]LogBlueprintUserMessages: [djamel_C_1] Client 1: 50
[2018.09.29-22.35.04:334][351]LogBlueprintUserMessages: [djamel_C_0] Server: djamel149
[2018.09.29-22.35.04:478][358]LogBlueprintUserMessages: [djamel_C_1] Client 1: 49
[2018.09.29-22.35.04:516][360]LogBlueprintUserMessages: [djamel_C_0] Server: djamel148
[2018.09.29-22.35.04:643][366]LogBlueprintUserMessages: [djamel_C_1] Client 1: 48
[2018.09.29-22.35.06:057][431]LogBlueprintUserMessages: [djamel_C_0] Server: djamel147
[2018.09.29-22.35.06:125][434]LogBlueprintUserMessages: [djamel_C_1] Client 1: 47
[2018.09.29-22.35.06:254][440]LogBlueprintUserMessages: [djamel_C_0] Server: djamel146
[2018.09.29-22.35.06:322][443]LogBlueprintUserMessages: [djamel_C_1] Client 1: 46
[2018.09.29-22.35.06:451][449]LogBlueprintUserMessages: [djamel_C_0] Server: djamel145
[2018.09.29-22.35.06:541][453]LogBlueprintUserMessages: [djamel_C_1] Client 1: 45
[2018.09.29-22.35.06:689][460]LogBlueprintUserMessages: [djamel_C_0] Server: djamel144
[2018.09.29-22.35.06:734][462]LogBlueprintUserMessages: [djamel_C_1] Client 1: 44
[2018.09.29-22.35.06:882][469]LogBlueprintUserMessages: [djamel_C_0] Server: djamel143
[2018.09.29-22.35.06:926][471]LogBlueprintUserMessages: [djamel_C_1] Client 1: 43
[2018.09.29-22.35.07:072][478]LogBlueprintUserMessages: [djamel_C_0] Server: djamel142
[2018.09.29-22.35.07:117][480]LogBlueprintUserMessages: [djamel_C_1] Client 1: 42
[2018.09.29-22.35.07:285][488]LogBlueprintUserMessages: [djamel_C_0] Server: djamel141
[2018.09.29-22.35.07:331][490]LogBlueprintUserMessages: [djamel_C_1] Client 1: 41
[2018.09.29-22.35.07:483][497]LogBlueprintUserMessages: [djamel_C_0] Server: djamel140
[2018.09.29-22.35.07:528][499]LogBlueprintUserMessages: [djamel_C_1] Client 1: 40
[2018.09.29-22.35.07:676][506]LogBlueprintUserMessages: [djamel_C_0] Server: djamel139
[2018.09.29-22.35.07:743][509]LogBlueprintUserMessages: [djamel_C_1] Client 1: 39
[2018.09.29-22.35.07:852][514]LogActor: Warning: khra_C_169 is outside the world bounds!
[2018.09.29-22.35.07:915][517]LogBlueprintUserMessages: [djamel_C_0] Server: djamel138
[2018.09.29-22.35.07:959][519]LogBlueprintUserMessages: [djamel_C_1] Client 1: 38
[2018.09.29-22.35.08:464][543]LogBlueprintUserMessages: Early EndPlayMap Detection: Level '/Game/map.map:PersistentLevel' has LevelScriptBlueprint '/Game/map.map:PersistentLevel.map' with GeneratedClass '/Game/map.map_C' with ClassGeneratedBy '/Game/map.map:PersistentLevel.map'
[2018.09.29-22.35.08:464][543]LogSlate: Updating window title bar state: overlay mode, drag disabled, window buttons hidden, title bar hidden
[2018.09.29-22.35.08:475][543]LogSlate: Window 'lo3ba Game Preview Client 1 (64-bit/PCD3D_SM5)' being destroyed
[2018.09.29-22.35.08:513][543]LogOnline: Warning: OSS: No game present to leave for session (GameSession)
[2018.09.29-22.35.08:514][543]LogSlate: Updating window title bar state: overlay mode, drag disabled, window buttons hidden, title bar hidden
[2018.09.29-22.35.08:542][543]LogPlayLevel: Display: Shutting down PIE online subsystems
[2018.09.29-22.35.08:543][543]LogBlueprintUserMessages: Late EndPlayMap Detection: Level '/Game/map.map:PersistentLevel' has LevelScriptBlueprint '/Game/map.map:PersistentLevel.map' with GeneratedClass '/Game/map.map_C' with ClassGeneratedBy '/Game/map.map:PersistentLevel.map'
[2018.09.29-22.35.08:562][543]LogNet: UChannel::CleanUp: ChIndex == 0. Closing connection. [UChannel] ChIndex: 0, Closing: 0 [UNetConnection] RemoteAddr: 127.0.0.1:62976, Name: IpConnection_1, Driver: GameNetDriver IpNetDriver_0, IsServer: YES, PC: PlayerController_1, Owner: PlayerController_1, UniqueId: NULL:Ucef-PC-1F30496A4AD0C7CC9749AC9896A592DE
[2018.09.29-22.35.08:562][543]LogNet: UNetConnection::Close: [UNetConnection] RemoteAddr: 127.0.0.1:62976, Name: IpConnection_1, Driver: GameNetDriver IpNetDriver_0, IsServer: YES, PC: PlayerController_1, Owner: PlayerController_1, UniqueId: NULL:Ucef-PC-1F30496A4AD0C7CC9749AC9896A592DE, Channels: 158, Time: 2018.09.29-22.35.08
[2018.09.29-22.35.08:562][543]LogNet: UChannel::Close: Sending CloseBunch. ChIndex == 0. Name: [UChannel] ChIndex: 0, Closing: 0 [UNetConnection] RemoteAddr: 127.0.0.1:62976, Name: IpConnection_1, Driver: GameNetDriver IpNetDriver_0, IsServer: YES, PC: PlayerController_1, Owner: PlayerController_1, UniqueId: NULL:Ucef-PC-1F30496A4AD0C7CC9749AC9896A592DE
[2018.09.29-22.35.08:562][543]LogNet: UChannel::CleanUp: ChIndex == 0. Closing connection. [UChannel] ChIndex: 0, Closing: 0 [UNetConnection] RemoteAddr: 127.0.0.1:17777, Name: IpConnection_0, Driver: GameNetDriver IpNetDriver_1, IsServer: NO, PC: PlayerController_1, Owner: PlayerController_1, UniqueId: NULL:Ucef-PC-1F30496A4AD0C7CC9749AC9896A592DE
[2018.09.29-22.35.08:562][543]LogNet: UNetConnection::Close: [UNetConnection] RemoteAddr: 127.0.0.1:17777, Name: IpConnection_0, Driver: GameNetDriver IpNetDriver_1, IsServer: NO, PC: PlayerController_1, Owner: PlayerController_1, UniqueId: NULL:Ucef-PC-1F30496A4AD0C7CC9749AC9896A592DE, Channels: 157, Time: 2018.09.29-22.35.08
[2018.09.29-22.35.08:562][543]LogNet: UChannel::Close: Sending CloseBunch. ChIndex == 0. Name: [UChannel] ChIndex: 0, Closing: 0 [UNetConnection] RemoteAddr: 127.0.0.1:17777, Name: IpConnection_0, Driver: GameNetDriver IpNetDriver_1, IsServer: NO, PC: PlayerController_1, Owner: PlayerController_1, UniqueId: NULL:Ucef-PC-1F30496A4AD0C7CC9749AC9896A592DE
[2018.09.29-22.35.08:565][543]LogSlate: Updating window title bar state: overlay mode, drag disabled, window buttons hidden, title bar hidden
[2018.09.29-22.35.08:568][543]LogExit: GameNetDriver None shut down
[2018.09.29-22.35.08:568][543]LogExit: GameNetDriver None shut down
[2018.09.29-22.35.08:605][544]LogPlayLevel: Display: Destroying online subsystem :Context_2
[2018.09.29-22.35.08:605][544]LogPlayLevel: Display: Destroying online subsystem :Context_1
[2018.09.29-22.35.17:387][536]LogSlate: FSceneViewport::OnFocusLost() reason 0
[2018.09.29-22.35.17:555][549]LogSlate: Window 'lo3ba - Unreal Editor' being destroyed
[2018.09.29-22.35.17:698][550]Cmd: QUIT_EDITOR
[2018.09.29-22.35.18:492][550]LogExit: Preparing to exit.
[2018.09.29-22.35.18:869][550]LogExit: Editor shut down
[2018.09.29-22.35.18:869][550]LogExit: Transaction tracking system shut down
[2018.09.29-22.35.19:441][550]LogExit: Object subsystem successfully closed.
[2018.09.29-22.35.19:456][550]LogShaderCompilers: Display: Shaders left to compile 0
[2018.09.29-22.35.19:459][550]LogD3D11RHI: Shutdown
[2018.09.29-22.35.19:459][550]LogD3D11RHI: CleanupD3DDevice
[2018.09.29-22.35.19:461][550]LogD3D11RHI: ~FD3D11DynamicRHI
[2018.09.29-22.35.19:474][550]LogModuleManager: Shutting down and abandoning module MovieSceneCapture (614)
[2018.09.29-22.35.19:474][550]LogModuleManager: Shutting down and abandoning module Voice (612)
[2018.09.29-22.35.19:474][550]LogModuleManager: Shutting down and abandoning module HierarchicalLODOutliner (610)
[2018.09.29-22.35.19:474][550]LogModuleManager: Shutting down and abandoning module SceneOutliner (608)
[2018.09.29-22.35.19:474][550]LogModuleManager: Shutting down and abandoning module AddContentDialog (606)
[2018.09.29-22.35.19:475][550]LogModuleManager: Shutting down and abandoning module WidgetCarousel (605)
[2018.09.29-22.35.19:475][550]LogModuleManager: Shutting down and abandoning module EditorWidgets (602)
[2018.09.29-22.35.19:475][550]LogModuleManager: Shutting down and abandoning module CollectionManager (600)
[2018.09.29-22.35.19:475][550]LogModuleManager: Shutting down and abandoning module StatsViewer (598)
[2018.09.29-22.35.19:475][550]LogModuleManager: Shutting down and abandoning module FoliageEdit (596)
[2018.09.29-22.35.19:475][550]LogModuleManager: Shutting down and abandoning module LandscapeEditor (594)
[2018.09.29-22.35.19:475][550]LogModuleManager: Shutting down and abandoning module MeshPaintMode (592)
[2018.09.29-22.35.19:475][550]LogModuleManager: Shutting down and abandoning module SceneDepthPickerMode (590)
[2018.09.29-22.35.19:475][550]LogModuleManager: Shutting down and abandoning module ActorPickerMode (588)
[2018.09.29-22.35.19:475][550]LogModuleManager: Shutting down and abandoning module GeometryMode (586)
[2018.09.29-22.35.19:475][550]LogModuleManager: Shutting down and abandoning module TextureAlignMode (584)
[2018.09.29-22.35.19:475][550]LogModuleManager: Shutting down and abandoning module BspMode (582)
[2018.09.29-22.35.19:475][550]LogModuleManager: Shutting down and abandoning module PIEPreviewDeviceProfileSelector (580)
[2018.09.29-22.35.19:475][550]LogModuleManager: Shutting down and abandoning module SequenceRecorderSections (578)
[2018.09.29-22.35.19:475][550]LogModuleManager: Shutting down and abandoning module AutomationWorker (576)
[2018.09.29-22.35.19:475][550]LogModuleManager: Shutting down and abandoning module AudioCaptureEditor (574)
[2018.09.29-22.35.19:475][550]LogModuleManager: Shutting down and abandoning module SequenceRecorder (573)
[2018.09.29-22.35.19:475][550]LogModuleManager: Shutting down and abandoning module MatineeToLevelSequence (570)
[2018.09.29-22.35.19:475][550]LogModuleManager: Shutting down and abandoning module LevelSequenceEditor (568)
[2018.09.29-22.35.19:475][550]LogModuleManager: Shutting down and abandoning module PlacementMode (567)
[2018.09.29-22.35.19:475][550]LogModuleManager: Shutting down and abandoning module MaterialEditor (566)
[2018.09.29-22.35.19:475][550]LogModuleManager: Shutting down and abandoning module WmfMediaFactory (562)
[2018.09.29-22.35.19:476][550]LogModuleManager: Shutting down and abandoning module WmfMediaEditor (560)
[2018.09.29-22.35.19:476][550]LogModuleManager: Shutting down and abandoning module MediaPlayerEditor (558)
[2018.09.29-22.35.19:476][550]LogModuleManager: Shutting down and abandoning module OpenExrWrapper (556)
[2018.09.29-22.35.19:476][550]LogModuleManager: Shutting down and abandoning module ImgMediaFactory (554)
[2018.09.29-22.35.19:476][550]LogModuleManager: Shutting down and abandoning module ImgMediaEditor (552)
[2018.09.29-22.35.19:476][550]LogModuleManager: Shutting down and abandoning module AvfMediaFactory (550)
[2018.09.29-22.35.19:476][550]LogModuleManager: Shutting down and abandoning module AvfMediaEditor (548)
[2018.09.29-22.35.19:476][550]LogModuleManager: Shutting down and abandoning module AndroidMediaFactory (546)
[2018.09.29-22.35.19:476][550]LogModuleManager: Shutting down and abandoning module AndroidMediaEditor (544)
[2018.09.29-22.35.19:476][550]LogModuleManager: Shutting down and abandoning module MagicLeapCameraPreviewFactory (542)
[2018.09.29-22.35.19:476][550]LogModuleManager: Shutting down and abandoning module MagicLeapMediaFactory (540)
[2018.09.29-22.35.19:476][550]LogModuleManager: Shutting down and abandoning module MagicLeapMediaEditor (538)
[2018.09.29-22.35.19:476][550]LogModuleManager: Shutting down and abandoning module CharacterAI (536)
[2018.09.29-22.35.19:476][550]LogModuleManager: Shutting down and abandoning module SmartSnapping (534)
[2018.09.29-22.35.19:476][550]LogModuleManager: Shutting down and abandoning module SessionServices (532)
[2018.09.29-22.35.19:476][550]LogModuleManager: Shutting down and abandoning module ViewportSnapping (530)
[2018.09.29-22.35.19:476][550]LogModuleManager: Shutting down and abandoning module ViewportInteraction (528)
[2018.09.29-22.35.19:476][550]LogModuleManager: Shutting down and abandoning module ClothPainter (526)
[2018.09.29-22.35.19:476][550]LogModuleManager: Shutting down and abandoning module SkeletalMeshEditor (525)
[2018.09.29-22.35.19:476][550]LogModuleManager: Shutting down and abandoning module LogVisualizer (522)
[2018.09.29-22.35.19:476][550]LogModuleManager: Shutting down and abandoning module IntroTutorials (520)
[2018.09.29-22.35.19:476][550]LogModuleManager: Shutting down and abandoning module GameProjectGeneration (519)
[2018.09.29-22.35.19:476][550]LogModuleManager: Shutting down and abandoning module LuminPlatformEditor (516)
[2018.09.29-22.35.19:476][550]LogModuleManager: Shutting down and abandoning module IOSPlatformEditor (514)
[2018.09.29-22.35.19:476][550]LogModuleManager: Shutting down and abandoning module HTML5PlatformEditor (512)
[2018.09.29-22.35.19:476][550]LogModuleManager: Shutting down and abandoning module AndroidPlatformEditor (510)
[2018.09.29-22.35.19:476][550]LogModuleManager: Shutting down and abandoning module AndroidDeviceDetection (509)
[2018.09.29-22.35.19:594][550]LogModuleManager: Shutting down and abandoning module WindowsPlatformEditor (506)
[2018.09.29-22.35.19:594][550]LogModuleManager: Shutting down and abandoning module LuminRuntimeSettings (504)
[2018.09.29-22.35.19:594][550]LogModuleManager: Shutting down and abandoning module IOSRuntimeSettings (502)
[2018.09.29-22.35.19:594][550]LogModuleManager: Shutting down and abandoning module AndroidRuntimeSettings (500)
[2018.09.29-22.35.19:594][550]LogModuleManager: Shutting down and abandoning module InputBindingEditor (498)
[2018.09.29-22.35.19:594][550]LogModuleManager: Shutting down and abandoning module MergeActors (496)
[2018.09.29-22.35.19:594][550]LogModuleManager: Shutting down and abandoning module LocalizationDashboard (494)
[2018.09.29-22.35.19:594][550]LogModuleManager: Shutting down and abandoning module LocalizationService (493)
[2018.09.29-22.35.19:594][550]LogModuleManager: Shutting down and abandoning module HardwareTargeting (490)
[2018.09.29-22.35.19:594][550]LogModuleManager: Shutting down and abandoning module DeviceProfileEditor (488)
[2018.09.29-22.35.19:594][550]LogModuleManager: Shutting down and abandoning module UndoHistory (486)
[2018.09.29-22.35.19:594][550]LogModuleManager: Shutting down and abandoning module XmlParser (484)
[2018.09.29-22.35.19:594][550]LogModuleManager: Shutting down and abandoning module Blutility (482)
[2018.09.29-22.35.19:594][550]LogModuleManager: Shutting down and abandoning module ProjectSettingsViewer (480)
[2018.09.29-22.35.19:594][550]LogModuleManager: Shutting down and abandoning module ProjectTargetPlatformEditor (479)
[2018.09.29-22.35.19:594][550]LogModuleManager: Shutting down and abandoning module EditorSettingsViewer (476)
[2018.09.29-22.35.19:595][550]LogModuleManager: Shutting down and abandoning module SettingsEditor (474)
[2018.09.29-22.35.19:595][550]LogModuleManager: Shutting down and abandoning module ProjectLauncher (472)
[2018.09.29-22.35.19:595][550]LogModuleManager: Shutting down and abandoning module SessionFrontend (470)
[2018.09.29-22.35.19:595][550]LogModuleManager: Shutting down and abandoning module ProfilerClient (468)
[2018.09.29-22.35.19:595][550]LogModuleManager: Shutting down and abandoning module DeviceManager (466)
[2018.09.29-22.35.19:595][550]LogModuleManager: Shutting down and abandoning module TargetDeviceServices (465)
[2018.09.29-22.35.19:635][550]LogModuleManager: Shutting down and abandoning module AutomationController (462)
[2018.09.29-22.35.19:635][550]LogModuleManager: Shutting down and abandoning module AutomationWindow (460)
[2018.09.29-22.35.19:635][550]LogModuleManager: Shutting down and abandoning module Layers (458)
[2018.09.29-22.35.19:635][550]LogModuleManager: Shutting down and abandoning module ComponentVisualizers (456)
[2018.09.29-22.35.19:635][550]LogModuleManager: Shutting down and abandoning module DetailCustomizations (454)
[2018.09.29-22.35.19:635][550]LogModuleManager: Shutting down and abandoning module PackagesDialog (452)
[2018.09.29-22.35.19:635][550]LogModuleManager: Shutting down and abandoning module Persona (450)
[2018.09.29-22.35.19:635][550]LogModuleManager: Shutting down and abandoning module AdvancedPreviewScene (449)
[2018.09.29-22.35.19:635][550]LogModuleManager: Shutting down and abandoning module AnimGraph (447)
[2018.09.29-22.35.19:635][550]LogModuleManager: Shutting down and abandoning module Kismet (444)
[2018.09.29-22.35.19:635][550]LogModuleManager: Shutting down and abandoning module GraphEditor (442)
[2018.09.29-22.35.19:635][550]LogModuleManager: Shutting down and abandoning module ClassViewer (440)
[2018.09.29-22.35.19:635][550]LogModuleManager: Shutting down and abandoning module Toolbox (438)
[2018.09.29-22.35.19:635][550]LogModuleManager: Shutting down and abandoning module ModuleUI (436)
[2018.09.29-22.35.19:635][550]LogModuleManager: Shutting down and abandoning module MovieSceneTools (434)
[2018.09.29-22.35.19:635][550]LogModuleManager: Shutting down and abandoning module OutputLog (432)
[2018.09.29-22.35.19:635][550]LogModuleManager: Shutting down and abandoning module GammaUI (430)
[2018.09.29-22.35.19:635][550]LogModuleManager: Shutting down and abandoning module Documentation (428)
[2018.09.29-22.35.19:636][550]LogModuleManager: Shutting down and abandoning module MovieSceneTracks (426)
[2018.09.29-22.35.19:636][550]LogModuleManager: Shutting down and abandoning module MovieScene (424)
[2018.09.29-22.35.19:636][550]LogModuleManager: Shutting down and abandoning module StreamingPauseRendering (422)
[2018.09.29-22.35.19:636][550]LogModuleManager: Shutting down and abandoning module LauncherPlatform (420)
[2018.09.29-22.35.19:636][550]LogModuleManager: Shutting down and abandoning module AnalyticsET (418)
[2018.09.29-22.35.19:636][550]LogModuleManager: Shutting down and abandoning module PortalServices (416)
[2018.09.29-22.35.19:636][550]LogModuleManager: Shutting down and abandoning module PortalRpc (414)
[2018.09.29-22.35.19:636][550]LogModuleManager: Shutting down and abandoning module MessagingRpc (412)
[2018.09.29-22.35.19:636][550]LogModuleManager: Shutting down and abandoning module AIModule (410)
[2018.09.29-22.35.19:636][550]LogModuleManager: Shutting down and abandoning module GameplayDebugger (409)
[2018.09.29-22.35.19:636][550]LogModuleManager: Shutting down and abandoning module AITestSuite (407)
[2018.09.29-22.35.19:636][550]LogModuleManager: Shutting down and abandoning module NavigationSystem (405)
[2018.09.29-22.35.19:636][550]LogModuleManager: Shutting down and abandoning module DesktopPlatform (402)
[2018.09.29-22.35.19:636][550]LogModuleManager: Shutting down and abandoning module ProfilerService (400)
[2018.09.29-22.35.19:717][550]LogModuleManager: Shutting down and abandoning module TaskGraph (398)
[2018.09.29-22.35.19:717][550]LogModuleManager: Shutting down and abandoning module SteamVRController (396)
[2018.09.29-22.35.19:717][550]LogModuleManager: Shutting down and abandoning module ProceduralMeshComponentEditor (394)
[2018.09.29-22.35.19:717][550]LogModuleManager: Shutting down and abandoning module ProceduralMeshComponent (392)
[2018.09.29-22.35.19:717][550]LogModuleManager: Shutting down and abandoning module OculusInput (390)
[2018.09.29-22.35.19:717][550]LogModuleManager: Shutting down and abandoning module MobilePatchingUtils (388)
[2018.09.29-22.35.19:717][550]LogModuleManager: Shutting down and abandoning module EditableMesh (386)
[2018.09.29-22.35.19:717][550]LogModuleManager: Shutting down and abandoning module CustomMeshComponent (384)
[2018.09.29-22.35.19:717][550]LogModuleManager: Shutting down and abandoning module CableComponent (382)
[2018.09.29-22.35.19:717][550]LogModuleManager: Shutting down and abandoning module AudioCapture (380)
[2018.09.29-22.35.19:717][550]LogModuleManager: Shutting down and abandoning module ArchVisCharacter (378)
[2018.09.29-22.35.19:717][550]LogModuleManager: Shutting down and abandoning module AndroidPermission (376)
[2018.09.29-22.35.19:717][550]LogModuleManager: Shutting down and abandoning module NUTUnrealEngine4 (374)
[2018.09.29-22.35.19:717][550]LogModuleManager: Shutting down and abandoning module NetcodeUnitTest (372)
[2018.09.29-22.35.19:717][550]LogModuleManager: Shutting down and abandoning module MediaCompositingEditor (370)
[2018.09.29-22.35.19:718][550]LogModuleManager: Shutting down and abandoning module MediaCompositing (368)
[2018.09.29-22.35.19:718][550]LogModuleManager: Shutting down and abandoning module LinearTimecode (366)
[2018.09.29-22.35.19:718][550]LogModuleManager: Shutting down and abandoning module ImgMedia (364)
[2018.09.29-22.35.19:719][550]LogModuleManager: Shutting down and abandoning module HTML5Networking (362)
[2018.09.29-22.35.19:719][550]LogModuleManager: Shutting down and abandoning module GeometryCacheTracks (360)
[2018.09.29-22.35.19:719][550]LogModuleManager: Shutting down and abandoning module GeometryCacheSequencer (358)
[2018.09.29-22.35.19:720][550]LogModuleManager: Shutting down and abandoning module BackChannel (356)
[2018.09.29-22.35.19:720][550]LogModuleManager: Shutting down and abandoning module AppleVision (354)
[2018.09.29-22.35.19:720][550]LogModuleManager: Shutting down and abandoning module AppleImageUtils (352)
[2018.09.29-22.35.19:720][550]LogModuleManager: Shutting down and abandoning module AlembicImporter (350)
[2018.09.29-22.35.19:720][550]LogModuleManager: Shutting down and abandoning module AlembicLibrary (349)
[2018.09.29-22.35.19:720][550]LogModuleManager: Shutting down and abandoning module GeometryCache (348)
[2018.09.29-22.35.19:720][550]LogModuleManager: Shutting down and abandoning module GeometryCacheEd (347)
[2018.09.29-22.35.19:720][550]LogModuleManager: Shutting down and abandoning module DatasmithContentEditor (342)
[2018.09.29-22.35.19:720][550]LogModuleManager: Shutting down and abandoning module DatasmithContent (340)
[2018.09.29-22.35.19:720][550]LogModuleManager: Shutting down and abandoning module SpeedTreeImporter (338)
[2018.09.29-22.35.19:720][550]LogModuleManager: Shutting down and abandoning module PluginBrowser (336)
[2018.09.29-22.35.19:720][550]LogModuleManager: Shutting down and abandoning module MobileLauncherProfileWizard (334)
[2018.09.29-22.35.19:720][550]LogModuleManager: Shutting down and abandoning module PolygonModeling (332)
[2018.09.29-22.35.19:720][550]LogModuleManager: Shutting down and abandoning module MeshEditor (330)
[2018.09.29-22.35.19:720][550]LogModuleManager: Shutting down and abandoning module CryptoKeysOpenSSL (328)
[2018.09.29-22.35.19:720][550]LogModuleManager: Shutting down and abandoning module CryptoKeys (326)
[2018.09.29-22.35.19:720][550]LogModuleManager: Shutting down and abandoning module VisualStudioSourceCodeAccess (324)
[2018.09.29-22.35.19:720][550]LogModuleManager: Shutting down and abandoning module VisualStudioCodeSourceCodeAccess (322)
[2018.09.29-22.35.19:720][550]LogModuleManager: Shutting down and abandoning module UObjectPlugin (320)
[2018.09.29-22.35.19:720][550]LogModuleManager: Shutting down and abandoning module SubversionSourceControl (318)
[2018.09.29-22.35.19:720][550]LogModuleManager: Shutting down and abandoning module PerforceSourceControl (316)
[2018.09.29-22.35.19:720][550]LogModuleManager: Shutting down and abandoning module GitSourceControl (314)
[2018.09.29-22.35.19:720][550]LogModuleManager: Shutting down and abandoning module SourceControl (313)
[2018.09.29-22.35.19:721][550]LogModuleManager: Shutting down and abandoning module CLionSourceCodeAccess (310)
[2018.09.29-22.35.19:721][550]LogModuleManager: Shutting down and abandoning module LightPropagationVolumeEditor (308)
[2018.09.29-22.35.19:721][550]LogModuleManager: Shutting down and abandoning module PaperTiledImporter (306)
[2018.09.29-22.35.19:721][550]LogModuleManager: Shutting down and abandoning module PaperSpriteSheetImporter (304)
[2018.09.29-22.35.19:721][550]LogModuleManager: Shutting down and abandoning module Paper2DEditor (302)
[2018.09.29-22.35.19:721][550]LogModuleManager: Shutting down and abandoning module MeshPaint (301)
[2018.09.29-22.35.19:721][550]LogModuleManager: Shutting down and abandoning module RuntimePhysXCooking (298)
[2018.09.29-22.35.19:721][550]LogModuleManager: Shutting down and abandoning module PhysXVehiclesEditor (296)
[2018.09.29-22.35.19:721][550]LogModuleManager: Shutting down and abandoning module PhysXVehicles (294)
[2018.09.29-22.35.19:721][550]LogModuleManager: Shutting down and abandoning module OculusEditor (292)
[2018.09.29-22.35.19:721][550]LogModuleManager: Shutting down and abandoning module LocationServicesBPLibrary (290)
[2018.09.29-22.35.19:721][550]LogModuleManager: Shutting down and abandoning module ImmediatePhysicsEditor (288)
[2018.09.29-22.35.19:721][550]LogModuleManager: Shutting down and abandoning module ImmediatePhysics (286)
[2018.09.29-22.35.19:721][550]LogModuleManager: Shutting down and abandoning module ActorSequence (284)
[2018.09.29-22.35.19:721][550]LogModuleManager: Shutting down and abandoning module UdpMessaging (282)
[2018.09.29-22.35.19:821][550]LogModuleManager: Shutting down and abandoning module TcpMessaging (280)
[2018.09.29-22.35.19:921][550]LogModuleManager: Shutting down and abandoning module MagicLeapAudio (278)
[2018.09.29-22.35.19:921][550]LogModuleManager: Shutting down and abandoning module GameplayTagsEditor (276)
[2018.09.29-22.35.19:921][550]LogModuleManager: Shutting down and abandoning module FacialAnimationEditor (274)
[2018.09.29-22.35.19:921][550]LogModuleManager: Shutting down and abandoning module FacialAnimation (272)
[2018.09.29-22.35.19:921][550]LogModuleManager: Shutting down and abandoning module DataValidation (270)
[2018.09.29-22.35.19:921][550]LogModuleManager: Shutting down and abandoning module AssetManagerEditor (268)
[2018.09.29-22.35.19:921][550]LogModuleManager: Shutting down and abandoning module LevelEditor (267)
[2018.09.29-22.35.19:922][550]LogModuleManager: Shutting down and abandoning module PixelInspectorModule (266)
[2018.09.29-22.35.19:922][550]LogModuleManager: Shutting down and abandoning module CommonMenuExtensions (264)
[2018.09.29-22.35.19:922][550]LogModuleManager: Shutting down and abandoning module MainFrame (262)
[2018.09.29-22.35.19:922][550]LogModuleManager: Shutting down and abandoning module HotReload (261)
[2018.09.29-22.35.19:922][550]LogModuleManager: Shutting down and abandoning module ContentBrowser (257)
[2018.09.29-22.35.19:923][550]LogModuleManager: Shutting down and abandoning module TreeMap (255)
[2018.09.29-22.35.19:923][550]LogModuleManager: Shutting down and abandoning module LightPropagationVolumeRuntime (252)
[2018.09.29-22.35.19:923][550]LogModuleManager: Shutting down and abandoning module AISupportModule (250)
[2018.09.29-22.35.19:923][550]LogModuleManager: Shutting down and abandoning module Paper2D (248)
[2018.09.29-22.35.19:923][550]LogModuleManager: Shutting down and abandoning module WindowsMoviePlayer (246)
[2018.09.29-22.35.19:923][550]LogModuleManager: Shutting down and abandoning module WmfMedia (244)
[2018.09.29-22.35.19:924][550]LogModuleManager: Shutting down and abandoning module Media (243)
[2018.09.29-22.35.19:929][550]LogModuleManager: Shutting down and abandoning module PacketHandler (240)
[2018.09.29-22.35.19:929][550]LogModuleManager: Shutting down and abandoning module ClothingSystemEditor (238)
[2018.09.29-22.35.19:929][550]LogModuleManager: Shutting down and abandoning module ClothingSystemRuntime (236)
[2018.09.29-22.35.19:929][550]LogModuleManager: Shutting down and abandoning module MediaAssets (234)
[2018.09.29-22.35.19:929][550]LogModuleManager: Shutting down and abandoning module Overlay (232)
[2018.09.29-22.35.19:929][550]LogModuleManager: Shutting down and abandoning module OverlayEditor (231)
[2018.09.29-22.35.19:929][550]LogModuleManager: Shutting down and abandoning module VREditor (228)
[2018.09.29-22.35.19:929][550]LogModuleManager: Shutting down and abandoning module StringTableEditor (226)
[2018.09.29-22.35.19:929][550]LogModuleManager: Shutting down and abandoning module GameplayTasksEditor (224)
[2018.09.29-22.35.19:929][550]LogModuleManager: Shutting down and abandoning module BehaviorTreeEditor (222)
[2018.09.29-22.35.19:929][550]LogModuleManager: Shutting down and abandoning module FunctionalTesting (220)
[2018.09.29-22.35.19:929][550]LogModuleManager: Shutting down and abandoning module CollisionAnalyzer (218)
[2018.09.29-22.35.19:929][550]LogModuleManager: Shutting down and abandoning module WorkspaceMenuStructure (217)
[2018.09.29-22.35.19:929][550]LogModuleManager: Shutting down and abandoning module UMG (214)
[2018.09.29-22.35.19:929][550]LogModuleManager: Shutting down and abandoning module UMGEditor (213)
[2018.09.29-22.35.19:929][550]LogModuleManager: Shutting down and abandoning module Sequencer (212)
[2018.09.29-22.35.19:929][550]LogModuleManager: Shutting down and abandoning module MessageLog (209)
[2018.09.29-22.35.19:929][550]LogModuleManager: Shutting down and abandoning module SlateReflector (204)
[2018.09.29-22.35.19:929][550]LogModuleManager: Shutting down and abandoning module Slate (202)
[2018.09.29-22.35.19:930][550]LogModuleManager: Shutting down and abandoning module EditorStyle (200)
[2018.09.29-22.35.19:931][550]LogModuleManager: Shutting down and abandoning module MRMesh (198)
[2018.09.29-22.35.19:931][550]LogModuleManager: Shutting down and abandoning module SourceCodeAccess (196)
[2018.09.29-22.35.19:931][550]LogModuleManager: Shutting down and abandoning module HeadMountedDisplay (194)
[2018.09.29-22.35.19:931][550]LogModuleManager: Shutting down and abandoning module XAudio2 (192)
[2018.09.29-22.35.19:931][550]LogModuleManager: Shutting down and abandoning module Networking (190)
[2018.09.29-22.35.19:931][550]LogModuleManager: Shutting down and abandoning module Core (188)
[2018.09.29-22.35.19:931][550]LogModuleManager: Shutting down and abandoning module LevelSequence (186)
[2018.09.29-22.35.19:931][550]LogModuleManager: Shutting down and abandoning module KismetCompiler (184)
[2018.09.29-22.35.19:931][550]LogModuleManager: Shutting down and abandoning module MeshUtilities (182)
[2018.09.29-22.35.19:931][550]LogModuleManager: Shutting down and abandoning module MeshMergeUtilities (181)
[2018.09.29-22.35.19:932][550]LogModuleManager: Shutting down and abandoning module MeshReductionInterface (180)
[2018.09.29-22.35.19:932][550]LogModuleManager: Shutting down and abandoning module SimplygonSwarm (179)
[2018.09.29-22.35.19:932][550]LogModuleManager: Shutting down and abandoning module ProxyLODMeshReduction (177)
[2018.09.29-22.35.19:932][550]LogModuleManager: Shutting down and abandoning module SimplygonMeshReduction (175)
[2018.09.29-22.35.19:932][550]LogModuleManager: Shutting down and abandoning module QuadricMeshReduction (173)
[2018.09.29-22.35.19:932][550]LogModuleManager: Shutting down and abandoning module MaterialBaking (169)
[2018.09.29-22.35.19:932][550]LogModuleManager: Shutting down and abandoning module DirectoryWatcher (165)
[2018.09.29-22.35.19:932][550]LogModuleManager: Shutting down and abandoning module DerivedDataCache (162)
[2018.09.29-22.35.20:321][550]LogDerivedDataCache: Shutdown
[2018.09.29-22.35.20:321][550]LogModuleManager: Shutting down and abandoning module XGEController (160)
[2018.09.29-22.35.20:321][550]LogXGEController: Cleaning working directory: C:/Users/Ucef/AppData/Local/Temp/UnrealXGEWorkingDir/
[2018.09.29-22.35.20:321][550]LogModuleManager: Shutting down and abandoning module TargetPlatform (158)
[2018.09.29-22.35.20:321][550]LogModuleManager: Shutting down and abandoning module VulkanShaderFormat (157)
[2018.09.29-22.35.20:321][550]LogModuleManager: Shutting down and abandoning module ShaderFormatVectorVM (155)
[2018.09.29-22.35.20:321][550]LogModuleManager: Shutting down and abandoning module ShaderFormatOpenGL (153)
[2018.09.29-22.35.20:321][550]LogModuleManager: Shutting down and abandoning module ShaderFormatD3D (151)
[2018.09.29-22.35.20:321][550]LogModuleManager: Shutting down and abandoning module MetalShaderFormat (149)
[2018.09.29-22.35.20:321][550]LogModuleManager: Shutting down and abandoning module TextureFormatUncompressed (147)
[2018.09.29-22.35.20:321][550]LogModuleManager: Shutting down and abandoning module TextureFormatPVR (145)
[2018.09.29-22.35.20:321][550]LogModuleManager: Shutting down and abandoning module TextureFormatDXT (143)
[2018.09.29-22.35.20:321][550]LogModuleManager: Shutting down and abandoning module TextureFormatIntelISPCTexComp (141)
[2018.09.29-22.35.20:321][550]LogModuleManager: Shutting down and abandoning module TextureFormatASTC (139)
[2018.09.29-22.35.20:321][550]LogModuleManager: Shutting down and abandoning module ImageWrapper (138)
[2018.09.29-22.35.20:321][550]LogModuleManager: Shutting down and abandoning module TextureFormatAndroid (135)
[2018.09.29-22.35.20:321][550]LogModuleManager: Shutting down and abandoning module AudioFormatOpus (133)
[2018.09.29-22.35.20:321][550]LogModuleManager: Shutting down and abandoning module AudioFormatOgg (131)
[2018.09.29-22.35.20:321][550]LogModuleManager: Shutting down and abandoning module AudioFormatADPCM (129)
[2018.09.29-22.35.20:321][550]LogModuleManager: Shutting down and abandoning module LuminTargetPlatform (127)
[2018.09.29-22.35.20:321][550]LogModuleManager: Shutting down and abandoning module LinuxTargetPlatform (125)
[2018.09.29-22.35.20:321][550]LogModuleManager: Shutting down and abandoning module LinuxServerTargetPlatform (123)
[2018.09.29-22.35.20:321][550]LogModuleManager: Shutting down and abandoning module LinuxNoEditorTargetPlatform (121)
[2018.09.29-22.35.20:321][550]LogModuleManager: Shutting down and abandoning module LinuxClientTargetPlatform (119)
[2018.09.29-22.35.20:321][550]LogModuleManager: Shutting down and abandoning module TVOSTargetPlatform (117)
[2018.09.29-22.35.20:322][550]LogModuleManager: Shutting down and abandoning module Messaging (115)
[2018.09.29-22.35.20:322][550]LogModuleManager: Shutting down and abandoning module IOSTargetPlatform (113)
[2018.09.29-22.35.20:323][550]LogModuleManager: Shutting down and abandoning module HTML5TargetPlatform (111)
[2018.09.29-22.35.20:323][550]LogModuleManager: Shutting down and abandoning module AndroidTargetPlatform (109)
[2018.09.29-22.35.20:329][550]LogModuleManager: Shutting down and abandoning module WindowsTargetPlatform (107)
[2018.09.29-22.35.20:329][550]LogModuleManager: Shutting down and abandoning module WindowsServerTargetPlatform (105)
[2018.09.29-22.35.20:329][550]LogModuleManager: Shutting down and abandoning module WindowsNoEditorTargetPlatform (103)
[2018.09.29-22.35.20:329][550]LogModuleManager: Shutting down and abandoning module WindowsClientTargetPlatform (101)
[2018.09.29-22.35.20:329][550]LogModuleManager: Shutting down and abandoning module MacTargetPlatform (99)
[2018.09.29-22.35.20:329][550]LogModuleManager: Shutting down and abandoning module MacServerTargetPlatform (97)
[2018.09.29-22.35.20:329][550]LogModuleManager: Shutting down and abandoning module MacNoEditorTargetPlatform (95)
[2018.09.29-22.35.20:329][550]LogModuleManager: Shutting down and abandoning module MacClientTargetPlatform (93)
[2018.09.29-22.35.20:329][550]LogModuleManager: Shutting down and abandoning module AllDesktopTargetPlatform (91)
[2018.09.29-22.35.20:329][550]LogModuleManager: Shutting down and abandoning module InputCore (88)
[2018.09.29-22.35.20:329][550]LogModuleManager: Shutting down and abandoning module Settings (86)
[2018.09.29-22.35.20:329][550]LogModuleManager: Shutting down and abandoning module PhysXCooking (84)
[2018.09.29-22.35.20:329][550]LogModuleManager: Shutting down and abandoning module SteamVR (82)
[2018.09.29-22.35.20:329][550]LogModuleManager: Shutting down and abandoning module OculusHMD (80)
[2018.09.29-22.35.20:329][550]LogModuleManager: Shutting down and abandoning module ExampleDeviceProfileSelector (78)
[2018.09.29-22.35.20:329][550]LogModuleManager: Shutting down and abandoning module LauncherChunkInstaller (76)
[2018.09.29-22.35.20:329][550]LogModuleManager: Shutting down and abandoning module OnlineBlueprintSupport (74)
[2018.09.29-22.35.20:329][550]LogModuleManager: Shutting down and abandoning module OnlineSubsystem (70)
[2018.09.29-22.35.20:330][550]LogModuleManager: Shutting down and abandoning module XMPP (65)
[2018.09.29-22.35.20:330][550]LogModuleManager: Shutting down and abandoning module WebSockets (64)
[2018.09.29-22.35.20:365][550]LogModuleManager: Shutting down and abandoning module HTTP (61)
[2018.09.29-22.35.20:365][550]LogHttp: Display: Http module shutting down, but needs to wait on 1 outstanding Http requests:
[2018.09.29-22.35.20:365][550]LogHttp: Display: 	verb=[POST] url=[https://datarouter.ol.epicgames.com/datarouter/api/v1/public/data?SessionID=%7B844FDA4E-4FCB-F473-CD1D-48948D9FB615%7D&AppID=UEEditor.Rocket.Release&AppVersion=4.20.3-4369336%2B%2B%2BUE4%2BRelease-4.20&UserID=680d3c90429e58f531dd64be2b547417%7C5d025e8c7691419d87b3ac2930e9a102%7C92730167-9da0-4ae9-b129-4c95cc814330&AppEnvironment=datacollector-binary&UploadType=eteventstream] status=Processing
[2018.09.29-22.35.20:382][550]LogModuleManager: Shutting down and abandoning module SSL (60)
[2018.09.29-22.35.20:383][550]LogModuleManager: Shutting down and abandoning module MagicLeapEmulator (56)
[2018.09.29-22.35.20:383][550]LogModuleManager: Shutting down and abandoning module MagicLeapPrivileges (54)
[2018.09.29-22.35.20:383][550]LogModuleManager: Shutting down and abandoning module MagicLeapIdentity (52)
[2018.09.29-22.35.20:383][550]LogModuleManager: Shutting down and abandoning module MagicLeapHelperVulkan (50)
[2018.09.29-22.35.20:383][550]LogModuleManager: Shutting down and abandoning module MagicLeapHelperOpenGL (48)
[2018.09.29-22.35.20:383][550]LogModuleManager: Shutting down and abandoning module MagicLeapSecureStorage (46)
[2018.09.29-22.35.20:383][550]LogModuleManager: Shutting down and abandoning module MagicLeapGestures (44)
[2018.09.29-22.35.20:383][550]LogModuleManager: Shutting down and abandoning module MagicLeapEyeTracker (42)
[2018.09.29-22.35.20:383][550]LogModuleManager: Shutting down and abandoning module MagicLeapController (40)
[2018.09.29-22.35.20:384][550]LogSlate: Slate User Destroyed.  User Index 0, Is Virtual User: 0
[2018.09.29-22.35.20:384][550]LogModuleManager: Shutting down and abandoning module MagicLeap (38)
[2018.09.29-22.35.20:384][550]LogModuleManager: Shutting down and abandoning module AnimationModifiers (36)
[2018.09.29-22.35.20:384][550]LogModuleManager: Shutting down and abandoning module PropertyEditor (35)
[2018.09.29-22.35.20:384][550]LogModuleManager: Shutting down and abandoning module AudioEditor (32)
[2018.09.29-22.35.20:384][550]LogModuleManager: Shutting down and abandoning module TextureCompressor (30)
[2018.09.29-22.35.20:384][550]LogModuleManager: Shutting down and abandoning module ShaderCore (28)
[2018.09.29-22.35.20:384][550]LogModuleManager: Shutting down and abandoning module Landscape (26)
[2018.09.29-22.35.20:384][550]LogModuleManager: Shutting down and abandoning module SlateRHIRenderer (24)
[2018.09.29-22.35.20:384][550]LogModuleManager: Shutting down and abandoning module OpenGLDrv (22)
[2018.09.29-22.35.20:384][550]LogModuleManager: Shutting down and abandoning module D3D11RHI (20)
[2018.09.29-22.35.20:384][550]LogModuleManager: Shutting down and abandoning module AnimGraphRuntime (18)
[2018.09.29-22.35.20:384][550]LogModuleManager: Shutting down and abandoning module Renderer (16)
[2018.09.29-22.35.20:384][550]LogModuleManager: Shutting down and abandoning module Engine (14)
[2018.09.29-22.35.20:384][550]LogModuleManager: Shutting down and abandoning module CoreUObject (12)
[2018.09.29-22.35.20:384][550]LogModuleManager: Shutting down and abandoning module NetworkFile (10)
[2018.09.29-22.35.20:384][550]LogModuleManager: Shutting down and abandoning module CookedIterativeFile (8)
[2018.09.29-22.35.20:384][550]LogModuleManager: Shutting down and abandoning module StreamingFile (6)
[2018.09.29-22.35.20:384][550]LogModuleManager: Shutting down and abandoning module SandboxFile (4)
[2018.09.29-22.35.20:384][550]LogModuleManager: Shutting down and abandoning module PakFile (2)
[2018.09.29-22.35.20:388][550]LogExit: Exiting.
[2018.09.29-22.35.20:402][550]Log file closed, 09/29/18 23:35:20
